C:\USERS\ROB\DOCUMENTS\DEVELOPMENT\VISUAL STUDIO 2008\PROJECTS\STROKESPLUS\BIN\RELEASE\X64\STROKESPLUS.DLL
C:\USERS\ROB\DOCUMENTS\DEVELOPMENT\VISUAL STUDIO 2008\PROJECTS\STROKESPLUS\STROKESPLUSHOOK\RELEASE\X64\ACCESSOR.OBJ
C:\USERS\ROB\DOCUMENTS\DEVELOPMENT\VISUAL STUDIO 2008\PROJECTS\STROKESPLUS\STROKESPLUSHOOK\RELEASE\X64\AUTOCOMPLETE.OBJ
C:\USERS\ROB\DOCUMENTS\DEVELOPMENT\VISUAL STUDIO 2008\PROJECTS\STROKESPLUS\STROKESPLUSHOOK\RELEASE\X64\C_REGEX_TRAITS.OBJ
C:\USERS\ROB\DOCUMENTS\DEVELOPMENT\VISUAL STUDIO 2008\PROJECTS\STROKESPLUS\STROKESPLUSHOOK\RELEASE\X64\CALLTIP.OBJ
C:\USERS\ROB\DOCUMENTS\DEVELOPMENT\VISUAL STUDIO 2008\PROJECTS\STROKESPLUS\STROKESPLUSHOOK\RELEASE\X64\CATALOGUE.OBJ
C:\USERS\ROB\DOCUMENTS\DEVELOPMENT\VISUAL STUDIO 2008\PROJECTS\STROKESPLUS\STROKESPLUSHOOK\RELEASE\X64\CELLBUFFER.OBJ
C:\USERS\ROB\DOCUMENTS\DEVELOPMENT\VISUAL STUDIO 2008\PROJECTS\STROKESPLUS\STROKESPLUSHOOK\RELEASE\X64\CHARACTERSET.OBJ
C:\USERS\ROB\DOCUMENTS\DEVELOPMENT\VISUAL STUDIO 2008\PROJECTS\STROKESPLUS\STROKESPLUSHOOK\RELEASE\X64\CHARCLASSIFY.OBJ
C:\Users\Rob\Documents\Development\Visual Studio 2008\Projects\StrokesPlus\StrokesPlusHook\Release\x64\CL.1560.read.1.tlog
C:\Users\Rob\Documents\Development\Visual Studio 2008\Projects\StrokesPlus\StrokesPlusHook\Release\x64\CL.1560.write.1.tlog
C:\Users\Rob\Documents\Development\Visual Studio 2008\Projects\StrokesPlus\StrokesPlusHook\Release\x64\CL.1672.read.1.tlog
C:\Users\Rob\Documents\Development\Visual Studio 2008\Projects\StrokesPlus\StrokesPlusHook\Release\x64\CL.1672.write.1.tlog
C:\Users\Rob\Documents\Development\Visual Studio 2008\Projects\StrokesPlus\StrokesPlusHook\Release\x64\CL.2600.read.1.tlog
C:\Users\Rob\Documents\Development\Visual Studio 2008\Projects\StrokesPlus\StrokesPlusHook\Release\x64\CL.2600.write.1.tlog
C:\Users\Rob\Documents\Development\Visual Studio 2008\Projects\StrokesPlus\StrokesPlusHook\Release\x64\CL.3008.read.1.tlog
C:\Users\Rob\Documents\Development\Visual Studio 2008\Projects\StrokesPlus\StrokesPlusHook\Release\x64\CL.3008.write.1.tlog
C:\Users\Rob\Documents\Development\Visual Studio 2008\Projects\StrokesPlus\StrokesPlusHook\Release\x64\CL.3400.read.1.tlog
C:\Users\Rob\Documents\Development\Visual Studio 2008\Projects\StrokesPlus\StrokesPlusHook\Release\x64\CL.3400.write.1.tlog
C:\Users\Rob\Documents\Development\Visual Studio 2008\Projects\StrokesPlus\StrokesPlusHook\Release\x64\CL.3696.read.1.tlog
C:\Users\Rob\Documents\Development\Visual Studio 2008\Projects\StrokesPlus\StrokesPlusHook\Release\x64\CL.3696.write.1.tlog
C:\Users\Rob\Documents\Development\Visual Studio 2008\Projects\StrokesPlus\StrokesPlusHook\Release\x64\CL.6708.read.1.tlog
C:\Users\Rob\Documents\Development\Visual Studio 2008\Projects\StrokesPlus\StrokesPlusHook\Release\x64\CL.6708.write.1.tlog
C:\Users\Rob\Documents\Development\Visual Studio 2008\Projects\StrokesPlus\StrokesPlusHook\Release\x64\CL.7492.read.1.tlog
C:\Users\Rob\Documents\Development\Visual Studio 2008\Projects\StrokesPlus\StrokesPlusHook\Release\x64\CL.7492.write.1.tlog
C:\Users\Rob\Documents\Development\Visual Studio 2008\Projects\StrokesPlus\StrokesPlusHook\Release\x64\cl.command.1.tlog
C:\Users\Rob\Documents\Development\Visual Studio 2008\Projects\StrokesPlus\StrokesPlusHook\Release\x64\CL.read.1.tlog
C:\Users\Rob\Documents\Development\Visual Studio 2008\Projects\StrokesPlus\StrokesPlusHook\Release\x64\CL.write.1.tlog
C:\USERS\ROB\DOCUMENTS\DEVELOPMENT\VISUAL STUDIO 2008\PROJECTS\STROKESPLUS\STROKESPLUSHOOK\RELEASE\X64\CONTRACTIONSTATE.OBJ
C:\USERS\ROB\DOCUMENTS\DEVELOPMENT\VISUAL STUDIO 2008\PROJECTS\STROKESPLUS\STROKESPLUSHOOK\RELEASE\X64\CORE.OBJ
C:\USERS\ROB\DOCUMENTS\DEVELOPMENT\VISUAL STUDIO 2008\PROJECTS\STROKESPLUS\STROKESPLUSHOOK\RELEASE\X64\CPP_REGEX_TRAITS.OBJ
C:\USERS\ROB\DOCUMENTS\DEVELOPMENT\VISUAL STUDIO 2008\PROJECTS\STROKESPLUS\STROKESPLUSHOOK\RELEASE\X64\CREGEX.OBJ
C:\USERS\ROB\DOCUMENTS\DEVELOPMENT\VISUAL STUDIO 2008\PROJECTS\STROKESPLUS\STROKESPLUSHOOK\RELEASE\X64\DECORATION.OBJ
C:\USERS\ROB\DOCUMENTS\DEVELOPMENT\VISUAL STUDIO 2008\PROJECTS\STROKESPLUS\STROKESPLUSHOOK\RELEASE\X64\DOCUMENT.OBJ
C:\USERS\ROB\DOCUMENTS\DEVELOPMENT\VISUAL STUDIO 2008\PROJECTS\STROKESPLUS\STROKESPLUSHOOK\RELEASE\X64\EDITOR.OBJ
C:\USERS\ROB\DOCUMENTS\DEVELOPMENT\VISUAL STUDIO 2008\PROJECTS\STROKESPLUS\STROKESPLUSHOOK\RELEASE\X64\EXTERNALLEXER.OBJ
C:\USERS\ROB\DOCUMENTS\DEVELOPMENT\VISUAL STUDIO 2008\PROJECTS\STROKESPLUS\STROKESPLUSHOOK\RELEASE\X64\FFI.OBJ
C:\USERS\ROB\DOCUMENTS\DEVELOPMENT\VISUAL STUDIO 2008\PROJECTS\STROKESPLUS\STROKESPLUSHOOK\RELEASE\X64\FILEITER.OBJ
C:\USERS\ROB\DOCUMENTS\DEVELOPMENT\VISUAL STUDIO 2008\PROJECTS\STROKESPLUS\STROKESPLUSHOOK\RELEASE\X64\ICU.OBJ
C:\USERS\ROB\DOCUMENTS\DEVELOPMENT\VISUAL STUDIO 2008\PROJECTS\STROKESPLUS\STROKESPLUSHOOK\RELEASE\X64\INDICATOR.OBJ
C:\USERS\ROB\DOCUMENTS\DEVELOPMENT\VISUAL STUDIO 2008\PROJECTS\STROKESPLUS\STROKESPLUSHOOK\RELEASE\X64\INSTANCES.OBJ
C:\USERS\ROB\DOCUMENTS\DEVELOPMENT\VISUAL STUDIO 2008\PROJECTS\STROKESPLUS\STROKESPLUSHOOK\RELEASE\X64\KEYMAP.OBJ
C:\USERS\ROB\DOCUMENTS\DEVELOPMENT\VISUAL STUDIO 2008\PROJECTS\STROKESPLUS\STROKESPLUSHOOK\RELEASE\X64\LAPI.OBJ
C:\USERS\ROB\DOCUMENTS\DEVELOPMENT\VISUAL STUDIO 2008\PROJECTS\STROKESPLUS\STROKESPLUSHOOK\RELEASE\X64\LAUXLIB.OBJ
C:\USERS\ROB\DOCUMENTS\DEVELOPMENT\VISUAL STUDIO 2008\PROJECTS\STROKESPLUS\STROKESPLUSHOOK\RELEASE\X64\LBASELIB.OBJ
C:\USERS\ROB\DOCUMENTS\DEVELOPMENT\VISUAL STUDIO 2008\PROJECTS\STROKESPLUS\STROKESPLUSHOOK\RELEASE\X64\LBITLIB.OBJ
C:\USERS\ROB\DOCUMENTS\DEVELOPMENT\VISUAL STUDIO 2008\PROJECTS\STROKESPLUS\STROKESPLUSHOOK\RELEASE\X64\LCODE.OBJ
C:\USERS\ROB\DOCUMENTS\DEVELOPMENT\VISUAL STUDIO 2008\PROJECTS\STROKESPLUS\STROKESPLUSHOOK\RELEASE\X64\LCOROLIB.OBJ
C:\USERS\ROB\DOCUMENTS\DEVELOPMENT\VISUAL STUDIO 2008\PROJECTS\STROKESPLUS\STROKESPLUSHOOK\RELEASE\X64\LCTYPE.OBJ
C:\USERS\ROB\DOCUMENTS\DEVELOPMENT\VISUAL STUDIO 2008\PROJECTS\STROKESPLUS\STROKESPLUSHOOK\RELEASE\X64\LDBLIB.OBJ
C:\USERS\ROB\DOCUMENTS\DEVELOPMENT\VISUAL STUDIO 2008\PROJECTS\STROKESPLUS\STROKESPLUSHOOK\RELEASE\X64\LDEBUG.OBJ
C:\USERS\ROB\DOCUMENTS\DEVELOPMENT\VISUAL STUDIO 2008\PROJECTS\STROKESPLUS\STROKESPLUSHOOK\RELEASE\X64\LDO.OBJ
C:\USERS\ROB\DOCUMENTS\DEVELOPMENT\VISUAL STUDIO 2008\PROJECTS\STROKESPLUS\STROKESPLUSHOOK\RELEASE\X64\LDUMP.OBJ
C:\USERS\ROB\DOCUMENTS\DEVELOPMENT\VISUAL STUDIO 2008\PROJECTS\STROKESPLUS\STROKESPLUSHOOK\RELEASE\X64\LEXERBASE.OBJ
C:\USERS\ROB\DOCUMENTS\DEVELOPMENT\VISUAL STUDIO 2008\PROJECTS\STROKESPLUS\STROKESPLUSHOOK\RELEASE\X64\LEXERMODULE.OBJ
C:\USERS\ROB\DOCUMENTS\DEVELOPMENT\VISUAL STUDIO 2008\PROJECTS\STROKESPLUS\STROKESPLUSHOOK\RELEASE\X64\LEXERNOEXCEPTIONS.OBJ
C:\USERS\ROB\DOCUMENTS\DEVELOPMENT\VISUAL STUDIO 2008\PROJECTS\STROKESPLUS\STROKESPLUSHOOK\RELEASE\X64\LEXERSIMPLE.OBJ
C:\USERS\ROB\DOCUMENTS\DEVELOPMENT\VISUAL STUDIO 2008\PROJECTS\STROKESPLUS\STROKESPLUSHOOK\RELEASE\X64\LEXLUA.OBJ
C:\USERS\ROB\DOCUMENTS\DEVELOPMENT\VISUAL STUDIO 2008\PROJECTS\STROKESPLUS\STROKESPLUSHOOK\RELEASE\X64\LFUNC.OBJ
C:\USERS\ROB\DOCUMENTS\DEVELOPMENT\VISUAL STUDIO 2008\PROJECTS\STROKESPLUS\STROKESPLUSHOOK\RELEASE\X64\LGC.OBJ
C:\USERS\ROB\DOCUMENTS\DEVELOPMENT\VISUAL STUDIO 2008\PROJECTS\STROKESPLUS\STROKESPLUSHOOK\RELEASE\X64\LINEMARKER.OBJ
C:\USERS\ROB\DOCUMENTS\DEVELOPMENT\VISUAL STUDIO 2008\PROJECTS\STROKESPLUS\STROKESPLUSHOOK\RELEASE\X64\LINIT.OBJ
C:\Users\Rob\Documents\Development\Visual Studio 2008\Projects\StrokesPlus\StrokesPlusHook\Release\x64\link.command.1.tlog
C:\Users\Rob\Documents\Development\Visual Studio 2008\Projects\StrokesPlus\StrokesPlusHook\Release\x64\link.read.1.tlog
C:\Users\Rob\Documents\Development\Visual Studio 2008\Projects\StrokesPlus\StrokesPlusHook\Release\x64\link.write.1.tlog
C:\Users\Rob\Documents\Development\Visual Studio 2008\Projects\StrokesPlus\StrokesPlusHook\Release\x64\link-cvtres.read.1.tlog
C:\Users\Rob\Documents\Development\Visual Studio 2008\Projects\StrokesPlus\StrokesPlusHook\Release\x64\link-cvtres.write.1.tlog
C:\USERS\ROB\DOCUMENTS\DEVELOPMENT\VISUAL STUDIO 2008\PROJECTS\STROKESPLUS\STROKESPLUSHOOK\RELEASE\X64\LIOLIB.OBJ
C:\USERS\ROB\DOCUMENTS\DEVELOPMENT\VISUAL STUDIO 2008\PROJECTS\STROKESPLUS\STROKESPLUSHOOK\RELEASE\X64\LLEX.OBJ
C:\USERS\ROB\DOCUMENTS\DEVELOPMENT\VISUAL STUDIO 2008\PROJECTS\STROKESPLUS\STROKESPLUSHOOK\RELEASE\X64\LMATHLIB.OBJ
C:\USERS\ROB\DOCUMENTS\DEVELOPMENT\VISUAL STUDIO 2008\PROJECTS\STROKESPLUS\STROKESPLUSHOOK\RELEASE\X64\LMEM.OBJ
C:\USERS\ROB\DOCUMENTS\DEVELOPMENT\VISUAL STUDIO 2008\PROJECTS\STROKESPLUS\STROKESPLUSHOOK\RELEASE\X64\LOADLIB.OBJ
C:\USERS\ROB\DOCUMENTS\DEVELOPMENT\VISUAL STUDIO 2008\PROJECTS\STROKESPLUS\STROKESPLUSHOOK\RELEASE\X64\LOBJECT.OBJ
C:\USERS\ROB\DOCUMENTS\DEVELOPMENT\VISUAL STUDIO 2008\PROJECTS\STROKESPLUS\STROKESPLUSHOOK\RELEASE\X64\LOPCODES.OBJ
C:\USERS\ROB\DOCUMENTS\DEVELOPMENT\VISUAL STUDIO 2008\PROJECTS\STROKESPLUS\STROKESPLUSHOOK\RELEASE\X64\LOSLIB.OBJ
C:\USERS\ROB\DOCUMENTS\DEVELOPMENT\VISUAL STUDIO 2008\PROJECTS\STROKESPLUS\STROKESPLUSHOOK\RELEASE\X64\LPARSER.OBJ
C:\USERS\ROB\DOCUMENTS\DEVELOPMENT\VISUAL STUDIO 2008\PROJECTS\STROKESPLUS\STROKESPLUSHOOK\RELEASE\X64\LSTATE.OBJ
C:\USERS\ROB\DOCUMENTS\DEVELOPMENT\VISUAL STUDIO 2008\PROJECTS\STROKESPLUS\STROKESPLUSHOOK\RELEASE\X64\LSTRING.OBJ
C:\USERS\ROB\DOCUMENTS\DEVELOPMENT\VISUAL STUDIO 2008\PROJECTS\STROKESPLUS\STROKESPLUSHOOK\RELEASE\X64\LSTRLIB.OBJ
C:\USERS\ROB\DOCUMENTS\DEVELOPMENT\VISUAL STUDIO 2008\PROJECTS\STROKESPLUS\STROKESPLUSHOOK\RELEASE\X64\LTABLE.OBJ
C:\USERS\ROB\DOCUMENTS\DEVELOPMENT\VISUAL STUDIO 2008\PROJECTS\STROKESPLUS\STROKESPLUSHOOK\RELEASE\X64\LTABLIB.OBJ
C:\USERS\ROB\DOCUMENTS\DEVELOPMENT\VISUAL STUDIO 2008\PROJECTS\STROKESPLUS\STROKESPLUSHOOK\RELEASE\X64\LTM.OBJ
C:\USERS\ROB\DOCUMENTS\DEVELOPMENT\VISUAL STUDIO 2008\PROJECTS\STROKESPLUS\STROKESPLUSHOOK\RELEASE\X64\LUA.OBJ
C:\USERS\ROB\DOCUMENTS\DEVELOPMENT\VISUAL STUDIO 2008\PROJECTS\STROKESPLUS\STROKESPLUSHOOK\RELEASE\X64\LUNDUMP.OBJ
C:\USERS\ROB\DOCUMENTS\DEVELOPMENT\VISUAL STUDIO 2008\PROJECTS\STROKESPLUS\STROKESPLUSHOOK\RELEASE\X64\LVM.OBJ
C:\USERS\ROB\DOCUMENTS\DEVELOPMENT\VISUAL STUDIO 2008\PROJECTS\STROKESPLUS\STROKESPLUSHOOK\RELEASE\X64\LZIO.OBJ
C:\Users\Rob\Documents\Development\Visual Studio 2008\Projects\StrokesPlus\StrokesPlusHook\Release\x64\mt.command.1.tlog
C:\Users\Rob\Documents\Development\Visual Studio 2008\Projects\StrokesPlus\StrokesPlusHook\Release\x64\mt.read.1.tlog
C:\Users\Rob\Documents\Development\Visual Studio 2008\Projects\StrokesPlus\StrokesPlusHook\Release\x64\mt.write.1.tlog
C:\USERS\ROB\DOCUMENTS\DEVELOPMENT\VISUAL STUDIO 2008\PROJECTS\STROKESPLUS\STROKESPLUSHOOK\RELEASE\X64\PERLINE.OBJ
C:\USERS\ROB\DOCUMENTS\DEVELOPMENT\VISUAL STUDIO 2008\PROJECTS\STROKESPLUS\STROKESPLUSHOOK\RELEASE\X64\PLATWIN.OBJ
C:\USERS\ROB\DOCUMENTS\DEVELOPMENT\VISUAL STUDIO 2008\PROJECTS\STROKESPLUS\STROKESPLUSHOOK\RELEASE\X64\POSITIONCACHE.OBJ
C:\USERS\ROB\DOCUMENTS\DEVELOPMENT\VISUAL STUDIO 2008\PROJECTS\STROKESPLUS\STROKESPLUSHOOK\RELEASE\X64\POSIX_API.OBJ
C:\USERS\ROB\DOCUMENTS\DEVELOPMENT\VISUAL STUDIO 2008\PROJECTS\STROKESPLUS\STROKESPLUSHOOK\RELEASE\X64\PREP_CIF.OBJ
C:\USERS\ROB\DOCUMENTS\DEVELOPMENT\VISUAL STUDIO 2008\PROJECTS\STROKESPLUS\STROKESPLUSHOOK\RELEASE\X64\PROPSETSIMPLE.OBJ
C:\Users\Rob\Documents\Development\Visual Studio 2008\Projects\StrokesPlus\StrokesPlusHook\Release\x64\rc.command.1.tlog
C:\Users\Rob\Documents\Development\Visual Studio 2008\Projects\StrokesPlus\StrokesPlusHook\Release\x64\rc.read.1.tlog
C:\Users\Rob\Documents\Development\Visual Studio 2008\Projects\StrokesPlus\StrokesPlusHook\Release\x64\rc.write.1.tlog
C:\USERS\ROB\DOCUMENTS\DEVELOPMENT\VISUAL STUDIO 2008\PROJECTS\STROKESPLUS\STROKESPLUSHOOK\RELEASE\X64\REGEX.OBJ
C:\USERS\ROB\DOCUMENTS\DEVELOPMENT\VISUAL STUDIO 2008\PROJECTS\STROKESPLUS\STROKESPLUSHOOK\RELEASE\X64\REGEX_DEBUG.OBJ
C:\USERS\ROB\DOCUMENTS\DEVELOPMENT\VISUAL STUDIO 2008\PROJECTS\STROKESPLUS\STROKESPLUSHOOK\RELEASE\X64\REGEX_RAW_BUFFER.OBJ
C:\USERS\ROB\DOCUMENTS\DEVELOPMENT\VISUAL STUDIO 2008\PROJECTS\STROKESPLUS\STROKESPLUSHOOK\RELEASE\X64\REGEX_TRAITS_DEFAULTS.OBJ
C:\USERS\ROB\DOCUMENTS\DEVELOPMENT\VISUAL STUDIO 2008\PROJECTS\STROKESPLUS\STROKESPLUSHOOK\RELEASE\X64\REGISTRY.OBJ
C:\USERS\ROB\DOCUMENTS\DEVELOPMENT\VISUAL STUDIO 2008\PROJECTS\STROKESPLUS\STROKESPLUSHOOK\RELEASE\X64\RESEARCH.OBJ
C:\USERS\ROB\DOCUMENTS\DEVELOPMENT\VISUAL STUDIO 2008\PROJECTS\STROKESPLUS\STROKESPLUSHOOK\RELEASE\X64\RUNSTYLES.OBJ
C:\USERS\ROB\DOCUMENTS\DEVELOPMENT\VISUAL STUDIO 2008\PROJECTS\STROKESPLUS\STROKESPLUSHOOK\RELEASE\X64\SCINTILLABASE.OBJ
C:\USERS\ROB\DOCUMENTS\DEVELOPMENT\VISUAL STUDIO 2008\PROJECTS\STROKESPLUS\STROKESPLUSHOOK\RELEASE\X64\SCINTILLAWIN.OBJ
C:\USERS\ROB\DOCUMENTS\DEVELOPMENT\VISUAL STUDIO 2008\PROJECTS\STROKESPLUS\STROKESPLUSHOOK\RELEASE\X64\SELECTION.OBJ
C:\USERS\ROB\DOCUMENTS\DEVELOPMENT\VISUAL STUDIO 2008\PROJECTS\STROKESPLUS\STROKESPLUSHOOK\RELEASE\X64\STATIC_MUTEX.OBJ
C:\USERS\ROB\DOCUMENTS\DEVELOPMENT\VISUAL STUDIO 2008\PROJECTS\STROKESPLUS\STROKESPLUSHOOK\RELEASE\X64\STDAFX.OBJ
C:\USERS\ROB\DOCUMENTS\DEVELOPMENT\VISUAL STUDIO 2008\PROJECTS\STROKESPLUS\STROKESPLUSHOOK\RELEASE\X64\STROKESPLUS.DLL.INTERMEDIATE.MANIFEST
C:\USERS\ROB\DOCUMENTS\DEVELOPMENT\VISUAL STUDIO 2008\PROJECTS\STROKESPLUS\STROKESPLUSHOOK\RELEASE\X64\STROKESPLUS.PCH
C:\USERS\ROB\DOCUMENTS\DEVELOPMENT\VISUAL STUDIO 2008\PROJECTS\STROKESPLUS\STROKESPLUSHOOK\RELEASE\X64\STROKESPLUSHOOK.OBJ
C:\USERS\ROB\DOCUMENTS\DEVELOPMENT\VISUAL STUDIO 2008\PROJECTS\STROKESPLUS\STROKESPLUSHOOK\RELEASE\X64\STROKESPLUSHOOK.RES
C:\Users\Rob\Documents\Development\Visual Studio 2008\Projects\StrokesPlus\StrokesPlusHook\Release\x64\StrokesPlusHook.write.1.tlog
C:\USERS\ROB\DOCUMENTS\DEVELOPMENT\VISUAL STUDIO 2008\PROJECTS\STROKESPLUS\STROKESPLUSHOOK\RELEASE\X64\STRUCT.OBJ
C:\USERS\ROB\DOCUMENTS\DEVELOPMENT\VISUAL STUDIO 2008\PROJECTS\STROKESPLUS\STROKESPLUSHOOK\RELEASE\X64\STYLE.OBJ
C:\USERS\ROB\DOCUMENTS\DEVELOPMENT\VISUAL STUDIO 2008\PROJECTS\STROKESPLUS\STROKESPLUSHOOK\RELEASE\X64\STYLECONTEXT.OBJ
C:\USERS\ROB\DOCUMENTS\DEVELOPMENT\VISUAL STUDIO 2008\PROJECTS\STROKESPLUS\STROKESPLUSHOOK\RELEASE\X64\TYPES.OBJ
C:\USERS\ROB\DOCUMENTS\DEVELOPMENT\VISUAL STUDIO 2008\PROJECTS\STROKESPLUS\STROKESPLUSHOOK\RELEASE\X64\UNICONVERSION.OBJ
C:\USERS\ROB\DOCUMENTS\DEVELOPMENT\VISUAL STUDIO 2008\PROJECTS\STROKESPLUS\STROKESPLUSHOOK\RELEASE\X64\USINSTANCES.OBJ
C:\USERS\ROB\DOCUMENTS\DEVELOPMENT\VISUAL STUDIO 2008\PROJECTS\STROKESPLUS\STROKESPLUSHOOK\RELEASE\X64\VC100.PDB
C:\USERS\ROB\DOCUMENTS\DEVELOPMENT\VISUAL STUDIO 2008\PROJECTS\STROKESPLUS\STROKESPLUSHOOK\RELEASE\X64\VIEWSTYLE.OBJ
C:\USERS\ROB\DOCUMENTS\DEVELOPMENT\VISUAL STUDIO 2008\PROJECTS\STROKESPLUS\STROKESPLUSHOOK\RELEASE\X64\W32_REGEX_TRAITS.OBJ
C:\USERS\ROB\DOCUMENTS\DEVELOPMENT\VISUAL STUDIO 2008\PROJECTS\STROKESPLUS\STROKESPLUSHOOK\RELEASE\X64\WC_REGEX_TRAITS.OBJ
C:\USERS\ROB\DOCUMENTS\DEVELOPMENT\VISUAL STUDIO 2008\PROJECTS\STROKESPLUS\STROKESPLUSHOOK\RELEASE\X64\WIDE_POSIX_API.OBJ
C:\USERS\ROB\DOCUMENTS\DEVELOPMENT\VISUAL STUDIO 2008\PROJECTS\STROKESPLUS\STROKESPLUSHOOK\RELEASE\X64\WIN32.OBJ
C:\Users\Rob\Documents\Development\Visual Studio 2008\Projects\StrokesPlus\StrokesPlusHook\Release\x64\win64.obj
C:\USERS\ROB\DOCUMENTS\DEVELOPMENT\VISUAL STUDIO 2008\PROJECTS\STROKESPLUS\STROKESPLUSHOOK\RELEASE\X64\WINSTANCES.OBJ
C:\USERS\ROB\DOCUMENTS\DEVELOPMENT\VISUAL STUDIO 2008\PROJECTS\STROKESPLUS\STROKESPLUSHOOK\RELEASE\X64\WORDLIST.OBJ
C:\USERS\ROB\DOCUMENTS\DEVELOPMENT\VISUAL STUDIO 2008\PROJECTS\STROKESPLUS\STROKESPLUSHOOK\RELEASE\X64\XPM.OBJ
C:\Users\Rob\Documents\Development\Visual Studio 2008\Projects\StrokesPlus\StrokesPlusHook\StrokesPlusHook.exp
C:\Users\Rob\Documents\Development\Visual Studio 2008\Projects\StrokesPlus\StrokesPlusHook\StrokesPlusHook.lib
