C:\Users\Rob\Documents\Development\Visual Studio 2008\Projects\StrokesPlus\bin\Release\x86\StrokesPlus.dll
C:\Users\Rob\Documents\Development\Visual Studio 2008\Projects\StrokesPlus\StrokesPlusHook\Release\Accessor.obj
C:\Users\Rob\Documents\Development\Visual Studio 2008\Projects\StrokesPlus\StrokesPlusHook\Release\AutoComplete.obj
C:\Users\Rob\Documents\Development\Visual Studio 2008\Projects\StrokesPlus\StrokesPlusHook\Release\c_regex_traits.obj
C:\Users\Rob\Documents\Development\Visual Studio 2008\Projects\StrokesPlus\StrokesPlusHook\Release\CallTip.obj
C:\Users\Rob\Documents\Development\Visual Studio 2008\Projects\StrokesPlus\StrokesPlusHook\Release\Catalogue.obj
C:\Users\Rob\Documents\Development\Visual Studio 2008\Projects\StrokesPlus\StrokesPlusHook\Release\CellBuffer.obj
C:\Users\Rob\Documents\Development\Visual Studio 2008\Projects\StrokesPlus\StrokesPlusHook\Release\CharacterSet.obj
C:\Users\Rob\Documents\Development\Visual Studio 2008\Projects\StrokesPlus\StrokesPlusHook\Release\CharClassify.obj
C:\Users\Rob\Documents\Development\Visual Studio 2008\Projects\StrokesPlus\StrokesPlusHook\Release\cl.command.1.tlog
C:\Users\Rob\Documents\Development\Visual Studio 2008\Projects\StrokesPlus\StrokesPlusHook\Release\CL.read.1.tlog
C:\Users\Rob\Documents\Development\Visual Studio 2008\Projects\StrokesPlus\StrokesPlusHook\Release\CL.write.1.tlog
C:\Users\Rob\Documents\Development\Visual Studio 2008\Projects\StrokesPlus\StrokesPlusHook\Release\ContractionState.obj
C:\Users\Rob\Documents\Development\Visual Studio 2008\Projects\StrokesPlus\StrokesPlusHook\Release\core.obj
C:\Users\Rob\Documents\Development\Visual Studio 2008\Projects\StrokesPlus\StrokesPlusHook\Release\cpp_regex_traits.obj
C:\Users\Rob\Documents\Development\Visual Studio 2008\Projects\StrokesPlus\StrokesPlusHook\Release\cregex.obj
C:\Users\Rob\Documents\Development\Visual Studio 2008\Projects\StrokesPlus\StrokesPlusHook\Release\Decoration.obj
C:\Users\Rob\Documents\Development\Visual Studio 2008\Projects\StrokesPlus\StrokesPlusHook\Release\Document.obj
C:\Users\Rob\Documents\Development\Visual Studio 2008\Projects\StrokesPlus\StrokesPlusHook\Release\Editor.obj
C:\Users\Rob\Documents\Development\Visual Studio 2008\Projects\StrokesPlus\StrokesPlusHook\Release\ExternalLexer.obj
C:\Users\Rob\Documents\Development\Visual Studio 2008\Projects\StrokesPlus\StrokesPlusHook\Release\ffi.obj
C:\Users\Rob\Documents\Development\Visual Studio 2008\Projects\StrokesPlus\StrokesPlusHook\Release\fileiter.obj
C:\Users\Rob\Documents\Development\Visual Studio 2008\Projects\StrokesPlus\StrokesPlusHook\Release\icu.obj
C:\Users\Rob\Documents\Development\Visual Studio 2008\Projects\StrokesPlus\StrokesPlusHook\Release\Indicator.obj
C:\Users\Rob\Documents\Development\Visual Studio 2008\Projects\StrokesPlus\StrokesPlusHook\Release\instances.obj
C:\Users\Rob\Documents\Development\Visual Studio 2008\Projects\StrokesPlus\StrokesPlusHook\Release\KeyMap.obj
C:\Users\Rob\Documents\Development\Visual Studio 2008\Projects\StrokesPlus\StrokesPlusHook\Release\lapi.obj
C:\Users\Rob\Documents\Development\Visual Studio 2008\Projects\StrokesPlus\StrokesPlusHook\Release\lauxlib.obj
C:\Users\Rob\Documents\Development\Visual Studio 2008\Projects\StrokesPlus\StrokesPlusHook\Release\lbaselib.obj
C:\Users\Rob\Documents\Development\Visual Studio 2008\Projects\StrokesPlus\StrokesPlusHook\Release\lbitlib.obj
C:\Users\Rob\Documents\Development\Visual Studio 2008\Projects\StrokesPlus\StrokesPlusHook\Release\lcode.obj
C:\Users\Rob\Documents\Development\Visual Studio 2008\Projects\StrokesPlus\StrokesPlusHook\Release\lcorolib.obj
C:\Users\Rob\Documents\Development\Visual Studio 2008\Projects\StrokesPlus\StrokesPlusHook\Release\lctype.obj
C:\Users\Rob\Documents\Development\Visual Studio 2008\Projects\StrokesPlus\StrokesPlusHook\Release\ldblib.obj
C:\Users\Rob\Documents\Development\Visual Studio 2008\Projects\StrokesPlus\StrokesPlusHook\Release\ldebug.obj
C:\Users\Rob\Documents\Development\Visual Studio 2008\Projects\StrokesPlus\StrokesPlusHook\Release\ldo.obj
C:\Users\Rob\Documents\Development\Visual Studio 2008\Projects\StrokesPlus\StrokesPlusHook\Release\ldump.obj
C:\Users\Rob\Documents\Development\Visual Studio 2008\Projects\StrokesPlus\StrokesPlusHook\Release\LexerBase.obj
C:\Users\Rob\Documents\Development\Visual Studio 2008\Projects\StrokesPlus\StrokesPlusHook\Release\LexerModule.obj
C:\Users\Rob\Documents\Development\Visual Studio 2008\Projects\StrokesPlus\StrokesPlusHook\Release\LexerNoExceptions.obj
C:\Users\Rob\Documents\Development\Visual Studio 2008\Projects\StrokesPlus\StrokesPlusHook\Release\LexerSimple.obj
C:\Users\Rob\Documents\Development\Visual Studio 2008\Projects\StrokesPlus\StrokesPlusHook\Release\LexLua.obj
C:\Users\Rob\Documents\Development\Visual Studio 2008\Projects\StrokesPlus\StrokesPlusHook\Release\lfunc.obj
C:\Users\Rob\Documents\Development\Visual Studio 2008\Projects\StrokesPlus\StrokesPlusHook\Release\lgc.obj
C:\Users\Rob\Documents\Development\Visual Studio 2008\Projects\StrokesPlus\StrokesPlusHook\Release\LineMarker.obj
C:\Users\Rob\Documents\Development\Visual Studio 2008\Projects\StrokesPlus\StrokesPlusHook\Release\linit.obj
C:\Users\Rob\Documents\Development\Visual Studio 2008\Projects\StrokesPlus\StrokesPlusHook\Release\link.command.1.tlog
C:\Users\Rob\Documents\Development\Visual Studio 2008\Projects\StrokesPlus\StrokesPlusHook\Release\link.read.1.tlog
C:\Users\Rob\Documents\Development\Visual Studio 2008\Projects\StrokesPlus\StrokesPlusHook\Release\link.write.1.tlog
C:\Users\Rob\Documents\Development\Visual Studio 2008\Projects\StrokesPlus\StrokesPlusHook\Release\link-cvtres.read.1.tlog
C:\Users\Rob\Documents\Development\Visual Studio 2008\Projects\StrokesPlus\StrokesPlusHook\Release\link-cvtres.write.1.tlog
C:\Users\Rob\Documents\Development\Visual Studio 2008\Projects\StrokesPlus\StrokesPlusHook\Release\liolib.obj
C:\Users\Rob\Documents\Development\Visual Studio 2008\Projects\StrokesPlus\StrokesPlusHook\Release\llex.obj
C:\Users\Rob\Documents\Development\Visual Studio 2008\Projects\StrokesPlus\StrokesPlusHook\Release\lmathlib.obj
C:\Users\Rob\Documents\Development\Visual Studio 2008\Projects\StrokesPlus\StrokesPlusHook\Release\lmem.obj
C:\Users\Rob\Documents\Development\Visual Studio 2008\Projects\StrokesPlus\StrokesPlusHook\Release\loadlib.obj
C:\Users\Rob\Documents\Development\Visual Studio 2008\Projects\StrokesPlus\StrokesPlusHook\Release\lobject.obj
C:\Users\Rob\Documents\Development\Visual Studio 2008\Projects\StrokesPlus\StrokesPlusHook\Release\lopcodes.obj
C:\Users\Rob\Documents\Development\Visual Studio 2008\Projects\StrokesPlus\StrokesPlusHook\Release\loslib.obj
C:\Users\Rob\Documents\Development\Visual Studio 2008\Projects\StrokesPlus\StrokesPlusHook\Release\lparser.obj
C:\Users\Rob\Documents\Development\Visual Studio 2008\Projects\StrokesPlus\StrokesPlusHook\Release\lstate.obj
C:\Users\Rob\Documents\Development\Visual Studio 2008\Projects\StrokesPlus\StrokesPlusHook\Release\lstring.obj
C:\Users\Rob\Documents\Development\Visual Studio 2008\Projects\StrokesPlus\StrokesPlusHook\Release\lstrlib.obj
C:\Users\Rob\Documents\Development\Visual Studio 2008\Projects\StrokesPlus\StrokesPlusHook\Release\ltable.obj
C:\Users\Rob\Documents\Development\Visual Studio 2008\Projects\StrokesPlus\StrokesPlusHook\Release\ltablib.obj
C:\Users\Rob\Documents\Development\Visual Studio 2008\Projects\StrokesPlus\StrokesPlusHook\Release\ltm.obj
C:\Users\Rob\Documents\Development\Visual Studio 2008\Projects\StrokesPlus\StrokesPlusHook\Release\lua.obj
C:\Users\Rob\Documents\Development\Visual Studio 2008\Projects\StrokesPlus\StrokesPlusHook\Release\lundump.obj
C:\Users\Rob\Documents\Development\Visual Studio 2008\Projects\StrokesPlus\StrokesPlusHook\Release\lvm.obj
C:\Users\Rob\Documents\Development\Visual Studio 2008\Projects\StrokesPlus\StrokesPlusHook\Release\lzio.obj
C:\Users\Rob\Documents\Development\Visual Studio 2008\Projects\StrokesPlus\StrokesPlusHook\Release\mt.command.1.tlog
C:\Users\Rob\Documents\Development\Visual Studio 2008\Projects\StrokesPlus\StrokesPlusHook\Release\mt.read.1.tlog
C:\Users\Rob\Documents\Development\Visual Studio 2008\Projects\StrokesPlus\StrokesPlusHook\Release\mt.write.1.tlog
C:\Users\Rob\Documents\Development\Visual Studio 2008\Projects\StrokesPlus\StrokesPlusHook\Release\PerLine.obj
C:\Users\Rob\Documents\Development\Visual Studio 2008\Projects\StrokesPlus\StrokesPlusHook\Release\PlatWin.obj
C:\Users\Rob\Documents\Development\Visual Studio 2008\Projects\StrokesPlus\StrokesPlusHook\Release\PositionCache.obj
C:\Users\Rob\Documents\Development\Visual Studio 2008\Projects\StrokesPlus\StrokesPlusHook\Release\posix_api.obj
C:\Users\Rob\Documents\Development\Visual Studio 2008\Projects\StrokesPlus\StrokesPlusHook\Release\prep_cif.obj
C:\Users\Rob\Documents\Development\Visual Studio 2008\Projects\StrokesPlus\StrokesPlusHook\Release\PropSetSimple.obj
C:\Users\Rob\Documents\Development\Visual Studio 2008\Projects\StrokesPlus\StrokesPlusHook\Release\rc.command.1.tlog
C:\Users\Rob\Documents\Development\Visual Studio 2008\Projects\StrokesPlus\StrokesPlusHook\Release\rc.read.1.tlog
C:\Users\Rob\Documents\Development\Visual Studio 2008\Projects\StrokesPlus\StrokesPlusHook\Release\rc.write.1.tlog
C:\Users\Rob\Documents\Development\Visual Studio 2008\Projects\StrokesPlus\StrokesPlusHook\Release\regex.obj
C:\Users\Rob\Documents\Development\Visual Studio 2008\Projects\StrokesPlus\StrokesPlusHook\Release\regex_debug.obj
C:\Users\Rob\Documents\Development\Visual Studio 2008\Projects\StrokesPlus\StrokesPlusHook\Release\regex_raw_buffer.obj
C:\Users\Rob\Documents\Development\Visual Studio 2008\Projects\StrokesPlus\StrokesPlusHook\Release\regex_traits_defaults.obj
C:\Users\Rob\Documents\Development\Visual Studio 2008\Projects\StrokesPlus\StrokesPlusHook\Release\Registry.obj
C:\Users\Rob\Documents\Development\Visual Studio 2008\Projects\StrokesPlus\StrokesPlusHook\Release\RESearch.obj
C:\Users\Rob\Documents\Development\Visual Studio 2008\Projects\StrokesPlus\StrokesPlusHook\Release\RunStyles.obj
C:\Users\Rob\Documents\Development\Visual Studio 2008\Projects\StrokesPlus\StrokesPlusHook\Release\ScintillaBase.obj
C:\Users\Rob\Documents\Development\Visual Studio 2008\Projects\StrokesPlus\StrokesPlusHook\Release\ScintillaWin.obj
C:\Users\Rob\Documents\Development\Visual Studio 2008\Projects\StrokesPlus\StrokesPlusHook\Release\Selection.obj
C:\Users\Rob\Documents\Development\Visual Studio 2008\Projects\StrokesPlus\StrokesPlusHook\Release\static_mutex.obj
C:\Users\Rob\Documents\Development\Visual Studio 2008\Projects\StrokesPlus\StrokesPlusHook\Release\stdafx.obj
C:\Users\Rob\Documents\Development\Visual Studio 2008\Projects\StrokesPlus\StrokesPlusHook\Release\StrokesPlus.dll.intermediate.manifest
C:\Users\Rob\Documents\Development\Visual Studio 2008\Projects\StrokesPlus\StrokesPlusHook\Release\StrokesPlus.pch
C:\Users\Rob\Documents\Development\Visual Studio 2008\Projects\StrokesPlus\StrokesPlusHook\Release\StrokesPlusHook.obj
C:\Users\Rob\Documents\Development\Visual Studio 2008\Projects\StrokesPlus\StrokesPlusHook\Release\StrokesPlusHook.res
C:\Users\Rob\Documents\Development\Visual Studio 2008\Projects\StrokesPlus\StrokesPlusHook\Release\StrokesPlusHook.write.1.tlog
C:\Users\Rob\Documents\Development\Visual Studio 2008\Projects\StrokesPlus\StrokesPlusHook\Release\struct.obj
C:\Users\Rob\Documents\Development\Visual Studio 2008\Projects\StrokesPlus\StrokesPlusHook\Release\Style.obj
C:\Users\Rob\Documents\Development\Visual Studio 2008\Projects\StrokesPlus\StrokesPlusHook\Release\StyleContext.obj
C:\Users\Rob\Documents\Development\Visual Studio 2008\Projects\StrokesPlus\StrokesPlusHook\Release\types.obj
C:\Users\Rob\Documents\Development\Visual Studio 2008\Projects\StrokesPlus\StrokesPlusHook\Release\UniConversion.obj
C:\Users\Rob\Documents\Development\Visual Studio 2008\Projects\StrokesPlus\StrokesPlusHook\Release\usinstances.obj
C:\Users\Rob\Documents\Development\Visual Studio 2008\Projects\StrokesPlus\StrokesPlusHook\Release\vc100.pdb
C:\Users\Rob\Documents\Development\Visual Studio 2008\Projects\StrokesPlus\StrokesPlusHook\Release\ViewStyle.obj
C:\Users\Rob\Documents\Development\Visual Studio 2008\Projects\StrokesPlus\StrokesPlusHook\Release\w32_regex_traits.obj
C:\Users\Rob\Documents\Development\Visual Studio 2008\Projects\StrokesPlus\StrokesPlusHook\Release\wc_regex_traits.obj
C:\Users\Rob\Documents\Development\Visual Studio 2008\Projects\StrokesPlus\StrokesPlusHook\Release\wide_posix_api.obj
C:\Users\Rob\Documents\Development\Visual Studio 2008\Projects\StrokesPlus\StrokesPlusHook\Release\win32.obj
C:\Users\Rob\Documents\Development\Visual Studio 2008\Projects\StrokesPlus\StrokesPlusHook\Release\winstances.obj
C:\Users\Rob\Documents\Development\Visual Studio 2008\Projects\StrokesPlus\StrokesPlusHook\Release\WordList.obj
C:\Users\Rob\Documents\Development\Visual Studio 2008\Projects\StrokesPlus\StrokesPlusHook\Release\XPM.obj
C:\USERS\ROB\DOCUMENTS\DEVELOPMENT\VISUAL STUDIO 2008\PROJECTS\STROKESPLUS_2.7.2\BIN\RELEASE\X86\STROKESPLUS.DLL
C:\Users\Rob\Documents\Development\Visual Studio 2008\Projects\StrokesPlus_2.7.2\bin\Release\x86\StrokesPlus.exp
C:\Users\Rob\Documents\Development\Visual Studio 2008\Projects\StrokesPlus_2.7.2\bin\Release\x86\StrokesPlus.lib
C:\USERS\ROB\DOCUMENTS\DEVELOPMENT\VISUAL STUDIO 2008\PROJECTS\STROKESPLUS_2.7.2\STROKESPLUSHOOK\RELEASE\ACCESSOR.OBJ
C:\USERS\ROB\DOCUMENTS\DEVELOPMENT\VISUAL STUDIO 2008\PROJECTS\STROKESPLUS_2.7.2\STROKESPLUSHOOK\RELEASE\AUTOCOMPLETE.OBJ
C:\USERS\ROB\DOCUMENTS\DEVELOPMENT\VISUAL STUDIO 2008\PROJECTS\STROKESPLUS_2.7.2\STROKESPLUSHOOK\RELEASE\C_REGEX_TRAITS.OBJ
C:\USERS\ROB\DOCUMENTS\DEVELOPMENT\VISUAL STUDIO 2008\PROJECTS\STROKESPLUS_2.7.2\STROKESPLUSHOOK\RELEASE\CALLTIP.OBJ
C:\USERS\ROB\DOCUMENTS\DEVELOPMENT\VISUAL STUDIO 2008\PROJECTS\STROKESPLUS_2.7.2\STROKESPLUSHOOK\RELEASE\CATALOGUE.OBJ
C:\USERS\ROB\DOCUMENTS\DEVELOPMENT\VISUAL STUDIO 2008\PROJECTS\STROKESPLUS_2.7.2\STROKESPLUSHOOK\RELEASE\CELLBUFFER.OBJ
C:\USERS\ROB\DOCUMENTS\DEVELOPMENT\VISUAL STUDIO 2008\PROJECTS\STROKESPLUS_2.7.2\STROKESPLUSHOOK\RELEASE\CHARACTERSET.OBJ
C:\USERS\ROB\DOCUMENTS\DEVELOPMENT\VISUAL STUDIO 2008\PROJECTS\STROKESPLUS_2.7.2\STROKESPLUSHOOK\RELEASE\CHARCLASSIFY.OBJ
C:\USERS\ROB\DOCUMENTS\DEVELOPMENT\VISUAL STUDIO 2008\PROJECTS\STROKESPLUS_2.7.2\STROKESPLUSHOOK\RELEASE\CONTRACTIONSTATE.OBJ
C:\USERS\ROB\DOCUMENTS\DEVELOPMENT\VISUAL STUDIO 2008\PROJECTS\STROKESPLUS_2.7.2\STROKESPLUSHOOK\RELEASE\CORE.OBJ
C:\USERS\ROB\DOCUMENTS\DEVELOPMENT\VISUAL STUDIO 2008\PROJECTS\STROKESPLUS_2.7.2\STROKESPLUSHOOK\RELEASE\CPP_REGEX_TRAITS.OBJ
C:\USERS\ROB\DOCUMENTS\DEVELOPMENT\VISUAL STUDIO 2008\PROJECTS\STROKESPLUS_2.7.2\STROKESPLUSHOOK\RELEASE\CREGEX.OBJ
C:\USERS\ROB\DOCUMENTS\DEVELOPMENT\VISUAL STUDIO 2008\PROJECTS\STROKESPLUS_2.7.2\STROKESPLUSHOOK\RELEASE\DECORATION.OBJ
C:\USERS\ROB\DOCUMENTS\DEVELOPMENT\VISUAL STUDIO 2008\PROJECTS\STROKESPLUS_2.7.2\STROKESPLUSHOOK\RELEASE\DOCUMENT.OBJ
C:\USERS\ROB\DOCUMENTS\DEVELOPMENT\VISUAL STUDIO 2008\PROJECTS\STROKESPLUS_2.7.2\STROKESPLUSHOOK\RELEASE\EDITOR.OBJ
C:\USERS\ROB\DOCUMENTS\DEVELOPMENT\VISUAL STUDIO 2008\PROJECTS\STROKESPLUS_2.7.2\STROKESPLUSHOOK\RELEASE\EXTERNALLEXER.OBJ
C:\USERS\ROB\DOCUMENTS\DEVELOPMENT\VISUAL STUDIO 2008\PROJECTS\STROKESPLUS_2.7.2\STROKESPLUSHOOK\RELEASE\FFI.OBJ
C:\USERS\ROB\DOCUMENTS\DEVELOPMENT\VISUAL STUDIO 2008\PROJECTS\STROKESPLUS_2.7.2\STROKESPLUSHOOK\RELEASE\FILEITER.OBJ
C:\USERS\ROB\DOCUMENTS\DEVELOPMENT\VISUAL STUDIO 2008\PROJECTS\STROKESPLUS_2.7.2\STROKESPLUSHOOK\RELEASE\ICU.OBJ
C:\USERS\ROB\DOCUMENTS\DEVELOPMENT\VISUAL STUDIO 2008\PROJECTS\STROKESPLUS_2.7.2\STROKESPLUSHOOK\RELEASE\INDICATOR.OBJ
C:\USERS\ROB\DOCUMENTS\DEVELOPMENT\VISUAL STUDIO 2008\PROJECTS\STROKESPLUS_2.7.2\STROKESPLUSHOOK\RELEASE\INSTANCES.OBJ
C:\USERS\ROB\DOCUMENTS\DEVELOPMENT\VISUAL STUDIO 2008\PROJECTS\STROKESPLUS_2.7.2\STROKESPLUSHOOK\RELEASE\KEYMAP.OBJ
C:\USERS\ROB\DOCUMENTS\DEVELOPMENT\VISUAL STUDIO 2008\PROJECTS\STROKESPLUS_2.7.2\STROKESPLUSHOOK\RELEASE\LAPI.OBJ
C:\USERS\ROB\DOCUMENTS\DEVELOPMENT\VISUAL STUDIO 2008\PROJECTS\STROKESPLUS_2.7.2\STROKESPLUSHOOK\RELEASE\LAUXLIB.OBJ
C:\USERS\ROB\DOCUMENTS\DEVELOPMENT\VISUAL STUDIO 2008\PROJECTS\STROKESPLUS_2.7.2\STROKESPLUSHOOK\RELEASE\LBASELIB.OBJ
C:\USERS\ROB\DOCUMENTS\DEVELOPMENT\VISUAL STUDIO 2008\PROJECTS\STROKESPLUS_2.7.2\STROKESPLUSHOOK\RELEASE\LBITLIB.OBJ
C:\USERS\ROB\DOCUMENTS\DEVELOPMENT\VISUAL STUDIO 2008\PROJECTS\STROKESPLUS_2.7.2\STROKESPLUSHOOK\RELEASE\LCODE.OBJ
C:\USERS\ROB\DOCUMENTS\DEVELOPMENT\VISUAL STUDIO 2008\PROJECTS\STROKESPLUS_2.7.2\STROKESPLUSHOOK\RELEASE\LCOROLIB.OBJ
C:\USERS\ROB\DOCUMENTS\DEVELOPMENT\VISUAL STUDIO 2008\PROJECTS\STROKESPLUS_2.7.2\STROKESPLUSHOOK\RELEASE\LCTYPE.OBJ
C:\USERS\ROB\DOCUMENTS\DEVELOPMENT\VISUAL STUDIO 2008\PROJECTS\STROKESPLUS_2.7.2\STROKESPLUSHOOK\RELEASE\LDBLIB.OBJ
C:\USERS\ROB\DOCUMENTS\DEVELOPMENT\VISUAL STUDIO 2008\PROJECTS\STROKESPLUS_2.7.2\STROKESPLUSHOOK\RELEASE\LDEBUG.OBJ
C:\USERS\ROB\DOCUMENTS\DEVELOPMENT\VISUAL STUDIO 2008\PROJECTS\STROKESPLUS_2.7.2\STROKESPLUSHOOK\RELEASE\LDO.OBJ
C:\USERS\ROB\DOCUMENTS\DEVELOPMENT\VISUAL STUDIO 2008\PROJECTS\STROKESPLUS_2.7.2\STROKESPLUSHOOK\RELEASE\LDUMP.OBJ
C:\USERS\ROB\DOCUMENTS\DEVELOPMENT\VISUAL STUDIO 2008\PROJECTS\STROKESPLUS_2.7.2\STROKESPLUSHOOK\RELEASE\LEXERBASE.OBJ
C:\USERS\ROB\DOCUMENTS\DEVELOPMENT\VISUAL STUDIO 2008\PROJECTS\STROKESPLUS_2.7.2\STROKESPLUSHOOK\RELEASE\LEXERMODULE.OBJ
C:\USERS\ROB\DOCUMENTS\DEVELOPMENT\VISUAL STUDIO 2008\PROJECTS\STROKESPLUS_2.7.2\STROKESPLUSHOOK\RELEASE\LEXERNOEXCEPTIONS.OBJ
C:\USERS\ROB\DOCUMENTS\DEVELOPMENT\VISUAL STUDIO 2008\PROJECTS\STROKESPLUS_2.7.2\STROKESPLUSHOOK\RELEASE\LEXERSIMPLE.OBJ
C:\USERS\ROB\DOCUMENTS\DEVELOPMENT\VISUAL STUDIO 2008\PROJECTS\STROKESPLUS_2.7.2\STROKESPLUSHOOK\RELEASE\LEXLUA.OBJ
C:\USERS\ROB\DOCUMENTS\DEVELOPMENT\VISUAL STUDIO 2008\PROJECTS\STROKESPLUS_2.7.2\STROKESPLUSHOOK\RELEASE\LFUNC.OBJ
C:\USERS\ROB\DOCUMENTS\DEVELOPMENT\VISUAL STUDIO 2008\PROJECTS\STROKESPLUS_2.7.2\STROKESPLUSHOOK\RELEASE\LGC.OBJ
C:\USERS\ROB\DOCUMENTS\DEVELOPMENT\VISUAL STUDIO 2008\PROJECTS\STROKESPLUS_2.7.2\STROKESPLUSHOOK\RELEASE\LINEMARKER.OBJ
C:\USERS\ROB\DOCUMENTS\DEVELOPMENT\VISUAL STUDIO 2008\PROJECTS\STROKESPLUS_2.7.2\STROKESPLUSHOOK\RELEASE\LINIT.OBJ
C:\USERS\ROB\DOCUMENTS\DEVELOPMENT\VISUAL STUDIO 2008\PROJECTS\STROKESPLUS_2.7.2\STROKESPLUSHOOK\RELEASE\LIOLIB.OBJ
C:\USERS\ROB\DOCUMENTS\DEVELOPMENT\VISUAL STUDIO 2008\PROJECTS\STROKESPLUS_2.7.2\STROKESPLUSHOOK\RELEASE\LLEX.OBJ
C:\USERS\ROB\DOCUMENTS\DEVELOPMENT\VISUAL STUDIO 2008\PROJECTS\STROKESPLUS_2.7.2\STROKESPLUSHOOK\RELEASE\LMATHLIB.OBJ
C:\USERS\ROB\DOCUMENTS\DEVELOPMENT\VISUAL STUDIO 2008\PROJECTS\STROKESPLUS_2.7.2\STROKESPLUSHOOK\RELEASE\LMEM.OBJ
C:\USERS\ROB\DOCUMENTS\DEVELOPMENT\VISUAL STUDIO 2008\PROJECTS\STROKESPLUS_2.7.2\STROKESPLUSHOOK\RELEASE\LOADLIB.OBJ
C:\USERS\ROB\DOCUMENTS\DEVELOPMENT\VISUAL STUDIO 2008\PROJECTS\STROKESPLUS_2.7.2\STROKESPLUSHOOK\RELEASE\LOBJECT.OBJ
C:\USERS\ROB\DOCUMENTS\DEVELOPMENT\VISUAL STUDIO 2008\PROJECTS\STROKESPLUS_2.7.2\STROKESPLUSHOOK\RELEASE\LOPCODES.OBJ
C:\USERS\ROB\DOCUMENTS\DEVELOPMENT\VISUAL STUDIO 2008\PROJECTS\STROKESPLUS_2.7.2\STROKESPLUSHOOK\RELEASE\LOSLIB.OBJ
C:\USERS\ROB\DOCUMENTS\DEVELOPMENT\VISUAL STUDIO 2008\PROJECTS\STROKESPLUS_2.7.2\STROKESPLUSHOOK\RELEASE\LPARSER.OBJ
C:\USERS\ROB\DOCUMENTS\DEVELOPMENT\VISUAL STUDIO 2008\PROJECTS\STROKESPLUS_2.7.2\STROKESPLUSHOOK\RELEASE\LSTATE.OBJ
C:\USERS\ROB\DOCUMENTS\DEVELOPMENT\VISUAL STUDIO 2008\PROJECTS\STROKESPLUS_2.7.2\STROKESPLUSHOOK\RELEASE\LSTRING.OBJ
C:\USERS\ROB\DOCUMENTS\DEVELOPMENT\VISUAL STUDIO 2008\PROJECTS\STROKESPLUS_2.7.2\STROKESPLUSHOOK\RELEASE\LSTRLIB.OBJ
C:\USERS\ROB\DOCUMENTS\DEVELOPMENT\VISUAL STUDIO 2008\PROJECTS\STROKESPLUS_2.7.2\STROKESPLUSHOOK\RELEASE\LTABLE.OBJ
C:\USERS\ROB\DOCUMENTS\DEVELOPMENT\VISUAL STUDIO 2008\PROJECTS\STROKESPLUS_2.7.2\STROKESPLUSHOOK\RELEASE\LTABLIB.OBJ
C:\USERS\ROB\DOCUMENTS\DEVELOPMENT\VISUAL STUDIO 2008\PROJECTS\STROKESPLUS_2.7.2\STROKESPLUSHOOK\RELEASE\LTM.OBJ
C:\USERS\ROB\DOCUMENTS\DEVELOPMENT\VISUAL STUDIO 2008\PROJECTS\STROKESPLUS_2.7.2\STROKESPLUSHOOK\RELEASE\LUA.OBJ
C:\USERS\ROB\DOCUMENTS\DEVELOPMENT\VISUAL STUDIO 2008\PROJECTS\STROKESPLUS_2.7.2\STROKESPLUSHOOK\RELEASE\LUNDUMP.OBJ
C:\USERS\ROB\DOCUMENTS\DEVELOPMENT\VISUAL STUDIO 2008\PROJECTS\STROKESPLUS_2.7.2\STROKESPLUSHOOK\RELEASE\LVM.OBJ
C:\USERS\ROB\DOCUMENTS\DEVELOPMENT\VISUAL STUDIO 2008\PROJECTS\STROKESPLUS_2.7.2\STROKESPLUSHOOK\RELEASE\LZIO.OBJ
C:\USERS\ROB\DOCUMENTS\DEVELOPMENT\VISUAL STUDIO 2008\PROJECTS\STROKESPLUS_2.7.2\STROKESPLUSHOOK\RELEASE\PERLINE.OBJ
C:\USERS\ROB\DOCUMENTS\DEVELOPMENT\VISUAL STUDIO 2008\PROJECTS\STROKESPLUS_2.7.2\STROKESPLUSHOOK\RELEASE\PLATWIN.OBJ
C:\USERS\ROB\DOCUMENTS\DEVELOPMENT\VISUAL STUDIO 2008\PROJECTS\STROKESPLUS_2.7.2\STROKESPLUSHOOK\RELEASE\POSITIONCACHE.OBJ
C:\USERS\ROB\DOCUMENTS\DEVELOPMENT\VISUAL STUDIO 2008\PROJECTS\STROKESPLUS_2.7.2\STROKESPLUSHOOK\RELEASE\POSIX_API.OBJ
C:\USERS\ROB\DOCUMENTS\DEVELOPMENT\VISUAL STUDIO 2008\PROJECTS\STROKESPLUS_2.7.2\STROKESPLUSHOOK\RELEASE\PREP_CIF.OBJ
C:\USERS\ROB\DOCUMENTS\DEVELOPMENT\VISUAL STUDIO 2008\PROJECTS\STROKESPLUS_2.7.2\STROKESPLUSHOOK\RELEASE\PROPSETSIMPLE.OBJ
C:\USERS\ROB\DOCUMENTS\DEVELOPMENT\VISUAL STUDIO 2008\PROJECTS\STROKESPLUS_2.7.2\STROKESPLUSHOOK\RELEASE\REGEX.OBJ
C:\USERS\ROB\DOCUMENTS\DEVELOPMENT\VISUAL STUDIO 2008\PROJECTS\STROKESPLUS_2.7.2\STROKESPLUSHOOK\RELEASE\REGEX_DEBUG.OBJ
C:\USERS\ROB\DOCUMENTS\DEVELOPMENT\VISUAL STUDIO 2008\PROJECTS\STROKESPLUS_2.7.2\STROKESPLUSHOOK\RELEASE\REGEX_RAW_BUFFER.OBJ
C:\USERS\ROB\DOCUMENTS\DEVELOPMENT\VISUAL STUDIO 2008\PROJECTS\STROKESPLUS_2.7.2\STROKESPLUSHOOK\RELEASE\REGEX_TRAITS_DEFAULTS.OBJ
C:\USERS\ROB\DOCUMENTS\DEVELOPMENT\VISUAL STUDIO 2008\PROJECTS\STROKESPLUS_2.7.2\STROKESPLUSHOOK\RELEASE\REGISTRY.OBJ
C:\USERS\ROB\DOCUMENTS\DEVELOPMENT\VISUAL STUDIO 2008\PROJECTS\STROKESPLUS_2.7.2\STROKESPLUSHOOK\RELEASE\RESEARCH.OBJ
C:\USERS\ROB\DOCUMENTS\DEVELOPMENT\VISUAL STUDIO 2008\PROJECTS\STROKESPLUS_2.7.2\STROKESPLUSHOOK\RELEASE\RUNSTYLES.OBJ
C:\USERS\ROB\DOCUMENTS\DEVELOPMENT\VISUAL STUDIO 2008\PROJECTS\STROKESPLUS_2.7.2\STROKESPLUSHOOK\RELEASE\SCINTILLABASE.OBJ
C:\USERS\ROB\DOCUMENTS\DEVELOPMENT\VISUAL STUDIO 2008\PROJECTS\STROKESPLUS_2.7.2\STROKESPLUSHOOK\RELEASE\SCINTILLAWIN.OBJ
C:\USERS\ROB\DOCUMENTS\DEVELOPMENT\VISUAL STUDIO 2008\PROJECTS\STROKESPLUS_2.7.2\STROKESPLUSHOOK\RELEASE\SELECTION.OBJ
C:\USERS\ROB\DOCUMENTS\DEVELOPMENT\VISUAL STUDIO 2008\PROJECTS\STROKESPLUS_2.7.2\STROKESPLUSHOOK\RELEASE\STATIC_MUTEX.OBJ
C:\USERS\ROB\DOCUMENTS\DEVELOPMENT\VISUAL STUDIO 2008\PROJECTS\STROKESPLUS_2.7.2\STROKESPLUSHOOK\RELEASE\STDAFX.OBJ
C:\USERS\ROB\DOCUMENTS\DEVELOPMENT\VISUAL STUDIO 2008\PROJECTS\STROKESPLUS_2.7.2\STROKESPLUSHOOK\RELEASE\STROKESPLUS.DLL.INTERMEDIATE.MANIFEST
C:\USERS\ROB\DOCUMENTS\DEVELOPMENT\VISUAL STUDIO 2008\PROJECTS\STROKESPLUS_2.7.2\STROKESPLUSHOOK\RELEASE\STROKESPLUS.PCH
C:\USERS\ROB\DOCUMENTS\DEVELOPMENT\VISUAL STUDIO 2008\PROJECTS\STROKESPLUS_2.7.2\STROKESPLUSHOOK\RELEASE\STROKESPLUSHOOK.OBJ
C:\USERS\ROB\DOCUMENTS\DEVELOPMENT\VISUAL STUDIO 2008\PROJECTS\STROKESPLUS_2.7.2\STROKESPLUSHOOK\RELEASE\STROKESPLUSHOOK.RES
C:\USERS\ROB\DOCUMENTS\DEVELOPMENT\VISUAL STUDIO 2008\PROJECTS\STROKESPLUS_2.7.2\STROKESPLUSHOOK\RELEASE\STRUCT.OBJ
C:\USERS\ROB\DOCUMENTS\DEVELOPMENT\VISUAL STUDIO 2008\PROJECTS\STROKESPLUS_2.7.2\STROKESPLUSHOOK\RELEASE\STYLE.OBJ
C:\USERS\ROB\DOCUMENTS\DEVELOPMENT\VISUAL STUDIO 2008\PROJECTS\STROKESPLUS_2.7.2\STROKESPLUSHOOK\RELEASE\STYLECONTEXT.OBJ
C:\USERS\ROB\DOCUMENTS\DEVELOPMENT\VISUAL STUDIO 2008\PROJECTS\STROKESPLUS_2.7.2\STROKESPLUSHOOK\RELEASE\TYPES.OBJ
C:\USERS\ROB\DOCUMENTS\DEVELOPMENT\VISUAL STUDIO 2008\PROJECTS\STROKESPLUS_2.7.2\STROKESPLUSHOOK\RELEASE\UNICONVERSION.OBJ
C:\USERS\ROB\DOCUMENTS\DEVELOPMENT\VISUAL STUDIO 2008\PROJECTS\STROKESPLUS_2.7.2\STROKESPLUSHOOK\RELEASE\USINSTANCES.OBJ
C:\USERS\ROB\DOCUMENTS\DEVELOPMENT\VISUAL STUDIO 2008\PROJECTS\STROKESPLUS_2.7.2\STROKESPLUSHOOK\RELEASE\VC100.PDB
C:\USERS\ROB\DOCUMENTS\DEVELOPMENT\VISUAL STUDIO 2008\PROJECTS\STROKESPLUS_2.7.2\STROKESPLUSHOOK\RELEASE\VIEWSTYLE.OBJ
C:\USERS\ROB\DOCUMENTS\DEVELOPMENT\VISUAL STUDIO 2008\PROJECTS\STROKESPLUS_2.7.2\STROKESPLUSHOOK\RELEASE\W32_REGEX_TRAITS.OBJ
C:\USERS\ROB\DOCUMENTS\DEVELOPMENT\VISUAL STUDIO 2008\PROJECTS\STROKESPLUS_2.7.2\STROKESPLUSHOOK\RELEASE\WC_REGEX_TRAITS.OBJ
C:\USERS\ROB\DOCUMENTS\DEVELOPMENT\VISUAL STUDIO 2008\PROJECTS\STROKESPLUS_2.7.2\STROKESPLUSHOOK\RELEASE\WIDE_POSIX_API.OBJ
C:\USERS\ROB\DOCUMENTS\DEVELOPMENT\VISUAL STUDIO 2008\PROJECTS\STROKESPLUS_2.7.2\STROKESPLUSHOOK\RELEASE\WIN32.OBJ
C:\USERS\ROB\DOCUMENTS\DEVELOPMENT\VISUAL STUDIO 2008\PROJECTS\STROKESPLUS_2.7.2\STROKESPLUSHOOK\RELEASE\WINSTANCES.OBJ
C:\USERS\ROB\DOCUMENTS\DEVELOPMENT\VISUAL STUDIO 2008\PROJECTS\STROKESPLUS_2.7.2\STROKESPLUSHOOK\RELEASE\WORDLIST.OBJ
C:\USERS\ROB\DOCUMENTS\DEVELOPMENT\VISUAL STUDIO 2008\PROJECTS\STROKESPLUS_2.7.2\STROKESPLUSHOOK\RELEASE\XPM.OBJ
C:\Users\Rob\Documents\Development\Visual Studio 2008\Projects\StrokesPlus_2.7.2\StrokesPlusHook\StrokesPlusHook.exp
C:\Users\Rob\Documents\Development\Visual Studio 2008\Projects\StrokesPlus_2.7.2\StrokesPlusHook\StrokesPlusHook.lib
