C:\Users\Rob\Documents\Development\Visual Studio 2008\Projects\StrokesPlus-MinGW\\bin\Release\StrokesPlusHook.pdb
C:\USERS\ROB\DOCUMENTS\DEVELOPMENT\VISUAL STUDIO 2008\PROJECTS\STROKESPLUS-MINGW\BIN\RELEASE\STROKESPLUS.DLL
C:\Users\Rob\Documents\Development\Visual Studio 2008\Projects\StrokesPlus-MinGW\bin\Release\StrokesPlusHook.exp
C:\Users\Rob\Documents\Development\Visual Studio 2008\Projects\StrokesPlus-MinGW\bin\Release\StrokesPlusHook.lib
C:\USERS\ROB\DOCUMENTS\DEVELOPMENT\VISUAL STUDIO 2008\PROJECTS\STROKESPLUS-MINGW\BIN\RELEASE\STROKESPLUSHOOK.PDB
C:\USERS\ROB\DOCUMENTS\DEVELOPMENT\VISUAL STUDIO 2008\PROJECTS\STROKESPLUS-MINGW\STROKESPLUSHOOK\RELEASE\C_REGEX_TRAITS.OBJ
C:\Users\Rob\Documents\Development\Visual Studio 2008\Projects\StrokesPlus-MinGW\StrokesPlusHook\Release\cl.command.1.tlog
C:\Users\Rob\Documents\Development\Visual Studio 2008\Projects\StrokesPlus-MinGW\StrokesPlusHook\Release\CL.read.1.tlog
C:\Users\Rob\Documents\Development\Visual Studio 2008\Projects\StrokesPlus-MinGW\StrokesPlusHook\Release\CL.write.1.tlog
C:\USERS\ROB\DOCUMENTS\DEVELOPMENT\VISUAL STUDIO 2008\PROJECTS\STROKESPLUS-MINGW\STROKESPLUSHOOK\RELEASE\CPP_REGEX_TRAITS.OBJ
C:\USERS\ROB\DOCUMENTS\DEVELOPMENT\VISUAL STUDIO 2008\PROJECTS\STROKESPLUS-MINGW\STROKESPLUSHOOK\RELEASE\CREGEX.OBJ
C:\USERS\ROB\DOCUMENTS\DEVELOPMENT\VISUAL STUDIO 2008\PROJECTS\STROKESPLUS-MINGW\STROKESPLUSHOOK\RELEASE\FILEITER.OBJ
C:\USERS\ROB\DOCUMENTS\DEVELOPMENT\VISUAL STUDIO 2008\PROJECTS\STROKESPLUS-MINGW\STROKESPLUSHOOK\RELEASE\GRAMMAR.OBJ
C:\USERS\ROB\DOCUMENTS\DEVELOPMENT\VISUAL STUDIO 2008\PROJECTS\STROKESPLUS-MINGW\STROKESPLUSHOOK\RELEASE\ICU.OBJ
C:\USERS\ROB\DOCUMENTS\DEVELOPMENT\VISUAL STUDIO 2008\PROJECTS\STROKESPLUS-MINGW\STROKESPLUSHOOK\RELEASE\INSTANCES.OBJ
C:\USERS\ROB\DOCUMENTS\DEVELOPMENT\VISUAL STUDIO 2008\PROJECTS\STROKESPLUS-MINGW\STROKESPLUSHOOK\RELEASE\LAPI.OBJ
C:\USERS\ROB\DOCUMENTS\DEVELOPMENT\VISUAL STUDIO 2008\PROJECTS\STROKESPLUS-MINGW\STROKESPLUSHOOK\RELEASE\LAUXLIB.OBJ
C:\USERS\ROB\DOCUMENTS\DEVELOPMENT\VISUAL STUDIO 2008\PROJECTS\STROKESPLUS-MINGW\STROKESPLUSHOOK\RELEASE\LBASELIB.OBJ
C:\USERS\ROB\DOCUMENTS\DEVELOPMENT\VISUAL STUDIO 2008\PROJECTS\STROKESPLUS-MINGW\STROKESPLUSHOOK\RELEASE\LCODE.OBJ
C:\USERS\ROB\DOCUMENTS\DEVELOPMENT\VISUAL STUDIO 2008\PROJECTS\STROKESPLUS-MINGW\STROKESPLUSHOOK\RELEASE\LDBLIB.OBJ
C:\USERS\ROB\DOCUMENTS\DEVELOPMENT\VISUAL STUDIO 2008\PROJECTS\STROKESPLUS-MINGW\STROKESPLUSHOOK\RELEASE\LDEBUG.OBJ
C:\USERS\ROB\DOCUMENTS\DEVELOPMENT\VISUAL STUDIO 2008\PROJECTS\STROKESPLUS-MINGW\STROKESPLUSHOOK\RELEASE\LDO.OBJ
C:\USERS\ROB\DOCUMENTS\DEVELOPMENT\VISUAL STUDIO 2008\PROJECTS\STROKESPLUS-MINGW\STROKESPLUSHOOK\RELEASE\LDUMP.OBJ
C:\USERS\ROB\DOCUMENTS\DEVELOPMENT\VISUAL STUDIO 2008\PROJECTS\STROKESPLUS-MINGW\STROKESPLUSHOOK\RELEASE\LFUNC.OBJ
C:\USERS\ROB\DOCUMENTS\DEVELOPMENT\VISUAL STUDIO 2008\PROJECTS\STROKESPLUS-MINGW\STROKESPLUSHOOK\RELEASE\LGC.OBJ
C:\USERS\ROB\DOCUMENTS\DEVELOPMENT\VISUAL STUDIO 2008\PROJECTS\STROKESPLUS-MINGW\STROKESPLUSHOOK\RELEASE\LIBCONFIG.OBJ
C:\USERS\ROB\DOCUMENTS\DEVELOPMENT\VISUAL STUDIO 2008\PROJECTS\STROKESPLUS-MINGW\STROKESPLUSHOOK\RELEASE\LIBCONFIGCPP.OBJ
C:\USERS\ROB\DOCUMENTS\DEVELOPMENT\VISUAL STUDIO 2008\PROJECTS\STROKESPLUS-MINGW\STROKESPLUSHOOK\RELEASE\LINIT.OBJ
C:\Users\Rob\Documents\Development\Visual Studio 2008\Projects\StrokesPlus-MinGW\StrokesPlusHook\Release\link.command.1.tlog
C:\Users\Rob\Documents\Development\Visual Studio 2008\Projects\StrokesPlus-MinGW\StrokesPlusHook\Release\link.read.1.tlog
C:\Users\Rob\Documents\Development\Visual Studio 2008\Projects\StrokesPlus-MinGW\StrokesPlusHook\Release\link.write.1.tlog
C:\USERS\ROB\DOCUMENTS\DEVELOPMENT\VISUAL STUDIO 2008\PROJECTS\STROKESPLUS-MINGW\STROKESPLUSHOOK\RELEASE\LIOLIB.OBJ
C:\USERS\ROB\DOCUMENTS\DEVELOPMENT\VISUAL STUDIO 2008\PROJECTS\STROKESPLUS-MINGW\STROKESPLUSHOOK\RELEASE\LLEX.OBJ
C:\USERS\ROB\DOCUMENTS\DEVELOPMENT\VISUAL STUDIO 2008\PROJECTS\STROKESPLUS-MINGW\STROKESPLUSHOOK\RELEASE\LMATHLIB.OBJ
C:\USERS\ROB\DOCUMENTS\DEVELOPMENT\VISUAL STUDIO 2008\PROJECTS\STROKESPLUS-MINGW\STROKESPLUSHOOK\RELEASE\LMEM.OBJ
C:\USERS\ROB\DOCUMENTS\DEVELOPMENT\VISUAL STUDIO 2008\PROJECTS\STROKESPLUS-MINGW\STROKESPLUSHOOK\RELEASE\LOADLIB.OBJ
C:\USERS\ROB\DOCUMENTS\DEVELOPMENT\VISUAL STUDIO 2008\PROJECTS\STROKESPLUS-MINGW\STROKESPLUSHOOK\RELEASE\LOBJECT.OBJ
C:\USERS\ROB\DOCUMENTS\DEVELOPMENT\VISUAL STUDIO 2008\PROJECTS\STROKESPLUS-MINGW\STROKESPLUSHOOK\RELEASE\LOPCODES.OBJ
C:\USERS\ROB\DOCUMENTS\DEVELOPMENT\VISUAL STUDIO 2008\PROJECTS\STROKESPLUS-MINGW\STROKESPLUSHOOK\RELEASE\LOSLIB.OBJ
C:\USERS\ROB\DOCUMENTS\DEVELOPMENT\VISUAL STUDIO 2008\PROJECTS\STROKESPLUS-MINGW\STROKESPLUSHOOK\RELEASE\LPARSER.OBJ
C:\USERS\ROB\DOCUMENTS\DEVELOPMENT\VISUAL STUDIO 2008\PROJECTS\STROKESPLUS-MINGW\STROKESPLUSHOOK\RELEASE\LSTATE.OBJ
C:\USERS\ROB\DOCUMENTS\DEVELOPMENT\VISUAL STUDIO 2008\PROJECTS\STROKESPLUS-MINGW\STROKESPLUSHOOK\RELEASE\LSTRING.OBJ
C:\USERS\ROB\DOCUMENTS\DEVELOPMENT\VISUAL STUDIO 2008\PROJECTS\STROKESPLUS-MINGW\STROKESPLUSHOOK\RELEASE\LSTRLIB.OBJ
C:\USERS\ROB\DOCUMENTS\DEVELOPMENT\VISUAL STUDIO 2008\PROJECTS\STROKESPLUS-MINGW\STROKESPLUSHOOK\RELEASE\LTABLE.OBJ
C:\USERS\ROB\DOCUMENTS\DEVELOPMENT\VISUAL STUDIO 2008\PROJECTS\STROKESPLUS-MINGW\STROKESPLUSHOOK\RELEASE\LTABLIB.OBJ
C:\USERS\ROB\DOCUMENTS\DEVELOPMENT\VISUAL STUDIO 2008\PROJECTS\STROKESPLUS-MINGW\STROKESPLUSHOOK\RELEASE\LTM.OBJ
C:\USERS\ROB\DOCUMENTS\DEVELOPMENT\VISUAL STUDIO 2008\PROJECTS\STROKESPLUS-MINGW\STROKESPLUSHOOK\RELEASE\LUAC.OBJ
C:\USERS\ROB\DOCUMENTS\DEVELOPMENT\VISUAL STUDIO 2008\PROJECTS\STROKESPLUS-MINGW\STROKESPLUSHOOK\RELEASE\LUNDUMP.OBJ
C:\USERS\ROB\DOCUMENTS\DEVELOPMENT\VISUAL STUDIO 2008\PROJECTS\STROKESPLUS-MINGW\STROKESPLUSHOOK\RELEASE\LVM.OBJ
C:\USERS\ROB\DOCUMENTS\DEVELOPMENT\VISUAL STUDIO 2008\PROJECTS\STROKESPLUS-MINGW\STROKESPLUSHOOK\RELEASE\LZIO.OBJ
C:\Users\Rob\Documents\Development\Visual Studio 2008\Projects\StrokesPlus-MinGW\StrokesPlusHook\Release\mt.command.1.tlog
C:\Users\Rob\Documents\Development\Visual Studio 2008\Projects\StrokesPlus-MinGW\StrokesPlusHook\Release\mt.read.1.tlog
C:\Users\Rob\Documents\Development\Visual Studio 2008\Projects\StrokesPlus-MinGW\StrokesPlusHook\Release\mt.write.1.tlog
C:\USERS\ROB\DOCUMENTS\DEVELOPMENT\VISUAL STUDIO 2008\PROJECTS\STROKESPLUS-MINGW\STROKESPLUSHOOK\RELEASE\POSIX_API.OBJ
C:\USERS\ROB\DOCUMENTS\DEVELOPMENT\VISUAL STUDIO 2008\PROJECTS\STROKESPLUS-MINGW\STROKESPLUSHOOK\RELEASE\PRINT.OBJ
C:\USERS\ROB\DOCUMENTS\DEVELOPMENT\VISUAL STUDIO 2008\PROJECTS\STROKESPLUS-MINGW\STROKESPLUSHOOK\RELEASE\REGEX.OBJ
C:\USERS\ROB\DOCUMENTS\DEVELOPMENT\VISUAL STUDIO 2008\PROJECTS\STROKESPLUS-MINGW\STROKESPLUSHOOK\RELEASE\REGEX_DEBUG.OBJ
C:\USERS\ROB\DOCUMENTS\DEVELOPMENT\VISUAL STUDIO 2008\PROJECTS\STROKESPLUS-MINGW\STROKESPLUSHOOK\RELEASE\REGEX_RAW_BUFFER.OBJ
C:\USERS\ROB\DOCUMENTS\DEVELOPMENT\VISUAL STUDIO 2008\PROJECTS\STROKESPLUS-MINGW\STROKESPLUSHOOK\RELEASE\REGEX_TRAITS_DEFAULTS.OBJ
C:\USERS\ROB\DOCUMENTS\DEVELOPMENT\VISUAL STUDIO 2008\PROJECTS\STROKESPLUS-MINGW\STROKESPLUSHOOK\RELEASE\SCANCTX.OBJ
C:\USERS\ROB\DOCUMENTS\DEVELOPMENT\VISUAL STUDIO 2008\PROJECTS\STROKESPLUS-MINGW\STROKESPLUSHOOK\RELEASE\SCANNER.OBJ
C:\USERS\ROB\DOCUMENTS\DEVELOPMENT\VISUAL STUDIO 2008\PROJECTS\STROKESPLUS-MINGW\STROKESPLUSHOOK\RELEASE\STATIC_MUTEX.OBJ
C:\USERS\ROB\DOCUMENTS\DEVELOPMENT\VISUAL STUDIO 2008\PROJECTS\STROKESPLUS-MINGW\STROKESPLUSHOOK\RELEASE\STDAFX.OBJ
C:\USERS\ROB\DOCUMENTS\DEVELOPMENT\VISUAL STUDIO 2008\PROJECTS\STROKESPLUS-MINGW\STROKESPLUSHOOK\RELEASE\STRBUF.OBJ
C:\USERS\ROB\DOCUMENTS\DEVELOPMENT\VISUAL STUDIO 2008\PROJECTS\STROKESPLUS-MINGW\STROKESPLUSHOOK\RELEASE\STROKESPLUSHOOK.DLL.INTERMEDIATE.MANIFEST
C:\USERS\ROB\DOCUMENTS\DEVELOPMENT\VISUAL STUDIO 2008\PROJECTS\STROKESPLUS-MINGW\STROKESPLUSHOOK\RELEASE\STROKESPLUSHOOK.OBJ
C:\USERS\ROB\DOCUMENTS\DEVELOPMENT\VISUAL STUDIO 2008\PROJECTS\STROKESPLUS-MINGW\STROKESPLUSHOOK\RELEASE\STROKESPLUSHOOK.PCH
C:\Users\Rob\Documents\Development\Visual Studio 2008\Projects\StrokesPlus-MinGW\StrokesPlusHook\Release\StrokesPlusHook.write.1.tlog
C:\USERS\ROB\DOCUMENTS\DEVELOPMENT\VISUAL STUDIO 2008\PROJECTS\STROKESPLUS-MINGW\STROKESPLUSHOOK\RELEASE\USINSTANCES.OBJ
C:\USERS\ROB\DOCUMENTS\DEVELOPMENT\VISUAL STUDIO 2008\PROJECTS\STROKESPLUS-MINGW\STROKESPLUSHOOK\RELEASE\VC100.PDB
C:\USERS\ROB\DOCUMENTS\DEVELOPMENT\VISUAL STUDIO 2008\PROJECTS\STROKESPLUS-MINGW\STROKESPLUSHOOK\RELEASE\W32_REGEX_TRAITS.OBJ
C:\USERS\ROB\DOCUMENTS\DEVELOPMENT\VISUAL STUDIO 2008\PROJECTS\STROKESPLUS-MINGW\STROKESPLUSHOOK\RELEASE\WC_REGEX_TRAITS.OBJ
C:\USERS\ROB\DOCUMENTS\DEVELOPMENT\VISUAL STUDIO 2008\PROJECTS\STROKESPLUS-MINGW\STROKESPLUSHOOK\RELEASE\WIDE_POSIX_API.OBJ
C:\USERS\ROB\DOCUMENTS\DEVELOPMENT\VISUAL STUDIO 2008\PROJECTS\STROKESPLUS-MINGW\STROKESPLUSHOOK\RELEASE\WINSTANCES.OBJ
