C:\Users\Rob\Documents\Development\Visual Studio 2008\Projects\StrokesPlus_2.7.2\bin\Release (Unsigned)\x64\StrokesPlus.exe
C:\Users\Rob\Documents\Development\Visual Studio 2008\Projects\StrokesPlus_2.7.2\StrokesPlus\Release (Unsigned)\x64\cl.command.1.tlog
C:\Users\Rob\Documents\Development\Visual Studio 2008\Projects\StrokesPlus_2.7.2\StrokesPlus\Release (Unsigned)\x64\CL.read.1.tlog
C:\Users\Rob\Documents\Development\Visual Studio 2008\Projects\StrokesPlus_2.7.2\StrokesPlus\Release (Unsigned)\x64\CL.write.1.tlog
C:\Users\Rob\Documents\Development\Visual Studio 2008\Projects\StrokesPlus_2.7.2\StrokesPlus\Release (Unsigned)\x64\link.command.1.tlog
C:\Users\Rob\Documents\Development\Visual Studio 2008\Projects\StrokesPlus_2.7.2\StrokesPlus\Release (Unsigned)\x64\link.read.1.tlog
C:\Users\Rob\Documents\Development\Visual Studio 2008\Projects\StrokesPlus_2.7.2\StrokesPlus\Release (Unsigned)\x64\link.write.1.tlog
C:\Users\Rob\Documents\Development\Visual Studio 2008\Projects\StrokesPlus_2.7.2\StrokesPlus\Release (Unsigned)\x64\link-cvtres.read.1.tlog
C:\Users\Rob\Documents\Development\Visual Studio 2008\Projects\StrokesPlus_2.7.2\StrokesPlus\Release (Unsigned)\x64\link-cvtres.write.1.tlog
C:\Users\Rob\Documents\Development\Visual Studio 2008\Projects\StrokesPlus_2.7.2\StrokesPlus\Release (Unsigned)\x64\mt.command.1.tlog
C:\Users\Rob\Documents\Development\Visual Studio 2008\Projects\StrokesPlus_2.7.2\StrokesPlus\Release (Unsigned)\x64\mt.read.1.tlog
C:\Users\Rob\Documents\Development\Visual Studio 2008\Projects\StrokesPlus_2.7.2\StrokesPlus\Release (Unsigned)\x64\mt.write.1.tlog
C:\Users\Rob\Documents\Development\Visual Studio 2008\Projects\StrokesPlus_2.7.2\StrokesPlus\Release (Unsigned)\x64\rc.command.1.tlog
C:\Users\Rob\Documents\Development\Visual Studio 2008\Projects\StrokesPlus_2.7.2\StrokesPlus\Release (Unsigned)\x64\rc.read.1.tlog
C:\Users\Rob\Documents\Development\Visual Studio 2008\Projects\StrokesPlus_2.7.2\StrokesPlus\Release (Unsigned)\x64\rc.write.1.tlog
C:\Users\Rob\Documents\Development\Visual Studio 2008\Projects\StrokesPlus_2.7.2\StrokesPlus\Release (Unsigned)\x64\stdafx.obj
C:\Users\Rob\Documents\Development\Visual Studio 2008\Projects\StrokesPlus_2.7.2\StrokesPlus\Release (Unsigned)\x64\StrokesPlus.exe.intermediate.manifest
C:\Users\Rob\Documents\Development\Visual Studio 2008\Projects\StrokesPlus_2.7.2\StrokesPlus\Release (Unsigned)\x64\StrokesPlus.obj
C:\Users\Rob\Documents\Development\Visual Studio 2008\Projects\StrokesPlus_2.7.2\StrokesPlus\Release (Unsigned)\x64\StrokesPlus.pch
C:\Users\Rob\Documents\Development\Visual Studio 2008\Projects\StrokesPlus_2.7.2\StrokesPlus\Release (Unsigned)\x64\StrokesPlus.res
C:\Users\Rob\Documents\Development\Visual Studio 2008\Projects\StrokesPlus_2.7.2\StrokesPlus\Release (Unsigned)\x64\StrokesPlus.write.1.tlog
C:\Users\Rob\Documents\Development\Visual Studio 2008\Projects\StrokesPlus_2.7.2\StrokesPlus\Release (Unsigned)\x64\vc100.pdb
C:\USERS\ROB\DOCUMENTS\DEVELOPMENT\VISUAL STUDIO 2008\PROJECTS\STROKESPLUS_2\BIN\RELEASE (UNSIGNED)\X64\STROKESPLUS.EXE
C:\Users\Rob\Documents\Development\Visual Studio 2008\Projects\StrokesPlus_2\bin\Release (Unsigned)\x64\StrokesPlus.exp
C:\Users\Rob\Documents\Development\Visual Studio 2008\Projects\StrokesPlus_2\bin\Release (Unsigned)\x64\StrokesPlus.lib
C:\USERS\ROB\DOCUMENTS\DEVELOPMENT\VISUAL STUDIO 2008\PROJECTS\STROKESPLUS_2\STROKESPLUS\RELEASE (UNSIGNED)\X64\STDAFX.OBJ
C:\USERS\ROB\DOCUMENTS\DEVELOPMENT\VISUAL STUDIO 2008\PROJECTS\STROKESPLUS_2\STROKESPLUS\RELEASE (UNSIGNED)\X64\STROKESPLUS.EXE.INTERMEDIATE.MANIFEST
C:\USERS\ROB\DOCUMENTS\DEVELOPMENT\VISUAL STUDIO 2008\PROJECTS\STROKESPLUS_2\STROKESPLUS\RELEASE (UNSIGNED)\X64\STROKESPLUS.OBJ
C:\USERS\ROB\DOCUMENTS\DEVELOPMENT\VISUAL STUDIO 2008\PROJECTS\STROKESPLUS_2\STROKESPLUS\RELEASE (UNSIGNED)\X64\STROKESPLUS.PCH
C:\USERS\ROB\DOCUMENTS\DEVELOPMENT\VISUAL STUDIO 2008\PROJECTS\STROKESPLUS_2\STROKESPLUS\RELEASE (UNSIGNED)\X64\STROKESPLUS.RES
C:\USERS\ROB\DOCUMENTS\DEVELOPMENT\VISUAL STUDIO 2008\PROJECTS\STROKESPLUS_2\STROKESPLUS\RELEASE (UNSIGNED)\X64\VC100.PDB
