C:\Users\Rob\Documents\Development\Visual Studio 2008\Projects\StrokesPlus_2.7.2\bin\Release (Unsigned)\x86\StrokesPlus.exe
C:\Users\Rob\Documents\Development\Visual Studio 2008\Projects\StrokesPlus_2.7.2\StrokesPlus\Release (Unsigned)\cl.command.1.tlog
C:\Users\Rob\Documents\Development\Visual Studio 2008\Projects\StrokesPlus_2.7.2\StrokesPlus\Release (Unsigned)\CL.read.1.tlog
C:\Users\Rob\Documents\Development\Visual Studio 2008\Projects\StrokesPlus_2.7.2\StrokesPlus\Release (Unsigned)\CL.write.1.tlog
C:\Users\Rob\Documents\Development\Visual Studio 2008\Projects\StrokesPlus_2.7.2\StrokesPlus\Release (Unsigned)\link.command.1.tlog
C:\Users\Rob\Documents\Development\Visual Studio 2008\Projects\StrokesPlus_2.7.2\StrokesPlus\Release (Unsigned)\link.read.1.tlog
C:\Users\Rob\Documents\Development\Visual Studio 2008\Projects\StrokesPlus_2.7.2\StrokesPlus\Release (Unsigned)\link.write.1.tlog
C:\Users\Rob\Documents\Development\Visual Studio 2008\Projects\StrokesPlus_2.7.2\StrokesPlus\Release (Unsigned)\link-cvtres.read.1.tlog
C:\Users\Rob\Documents\Development\Visual Studio 2008\Projects\StrokesPlus_2.7.2\StrokesPlus\Release (Unsigned)\link-cvtres.write.1.tlog
C:\Users\Rob\Documents\Development\Visual Studio 2008\Projects\StrokesPlus_2.7.2\StrokesPlus\Release (Unsigned)\mt.command.1.tlog
C:\Users\Rob\Documents\Development\Visual Studio 2008\Projects\StrokesPlus_2.7.2\StrokesPlus\Release (Unsigned)\mt.read.1.tlog
C:\Users\Rob\Documents\Development\Visual Studio 2008\Projects\StrokesPlus_2.7.2\StrokesPlus\Release (Unsigned)\mt.write.1.tlog
C:\Users\Rob\Documents\Development\Visual Studio 2008\Projects\StrokesPlus_2.7.2\StrokesPlus\Release (Unsigned)\rc.command.1.tlog
C:\Users\Rob\Documents\Development\Visual Studio 2008\Projects\StrokesPlus_2.7.2\StrokesPlus\Release (Unsigned)\rc.read.1.tlog
C:\Users\Rob\Documents\Development\Visual Studio 2008\Projects\StrokesPlus_2.7.2\StrokesPlus\Release (Unsigned)\rc.write.1.tlog
C:\Users\Rob\Documents\Development\Visual Studio 2008\Projects\StrokesPlus_2.7.2\StrokesPlus\Release (Unsigned)\stdafx.obj
C:\Users\Rob\Documents\Development\Visual Studio 2008\Projects\StrokesPlus_2.7.2\StrokesPlus\Release (Unsigned)\StrokesPlus.exe.intermediate.manifest
C:\Users\Rob\Documents\Development\Visual Studio 2008\Projects\StrokesPlus_2.7.2\StrokesPlus\Release (Unsigned)\StrokesPlus.obj
C:\Users\Rob\Documents\Development\Visual Studio 2008\Projects\StrokesPlus_2.7.2\StrokesPlus\Release (Unsigned)\StrokesPlus.pch
C:\Users\Rob\Documents\Development\Visual Studio 2008\Projects\StrokesPlus_2.7.2\StrokesPlus\Release (Unsigned)\StrokesPlus.res
C:\Users\Rob\Documents\Development\Visual Studio 2008\Projects\StrokesPlus_2.7.2\StrokesPlus\Release (Unsigned)\StrokesPlus.write.1.tlog
C:\Users\Rob\Documents\Development\Visual Studio 2008\Projects\StrokesPlus_2.7.2\StrokesPlus\Release (Unsigned)\vc100.pdb
C:\USERS\ROB\DOCUMENTS\DEVELOPMENT\VISUAL STUDIO 2008\PROJECTS\STROKESPLUS_2\BIN\RELEASE (UNSIGNED)\X86\STROKESPLUS.EXE
C:\Users\Rob\Documents\Development\Visual Studio 2008\Projects\StrokesPlus_2\bin\Release (Unsigned)\x86\StrokesPlus.exp
C:\Users\Rob\Documents\Development\Visual Studio 2008\Projects\StrokesPlus_2\bin\Release (Unsigned)\x86\StrokesPlus.lib
C:\USERS\ROB\DOCUMENTS\DEVELOPMENT\VISUAL STUDIO 2008\PROJECTS\STROKESPLUS_2\STROKESPLUS\RELEASE (UNSIGNED)\STDAFX.OBJ
C:\USERS\ROB\DOCUMENTS\DEVELOPMENT\VISUAL STUDIO 2008\PROJECTS\STROKESPLUS_2\STROKESPLUS\RELEASE (UNSIGNED)\STROKESPLUS.EXE.INTERMEDIATE.MANIFEST
C:\USERS\ROB\DOCUMENTS\DEVELOPMENT\VISUAL STUDIO 2008\PROJECTS\STROKESPLUS_2\STROKESPLUS\RELEASE (UNSIGNED)\STROKESPLUS.OBJ
C:\USERS\ROB\DOCUMENTS\DEVELOPMENT\VISUAL STUDIO 2008\PROJECTS\STROKESPLUS_2\STROKESPLUS\RELEASE (UNSIGNED)\STROKESPLUS.PCH
C:\USERS\ROB\DOCUMENTS\DEVELOPMENT\VISUAL STUDIO 2008\PROJECTS\STROKESPLUS_2\STROKESPLUS\RELEASE (UNSIGNED)\STROKESPLUS.RES
C:\USERS\ROB\DOCUMENTS\DEVELOPMENT\VISUAL STUDIO 2008\PROJECTS\STROKESPLUS_2\STROKESPLUS\RELEASE (UNSIGNED)\VC100.PDB
