C:\Users\Rob\Documents\Development\Visual Studio 2008\Projects\StrokesPlus\bin\Release (Unsigned)\x86\StrokesPlus.dll
C:\Users\Rob\Documents\Development\Visual Studio 2008\Projects\StrokesPlus\StrokesPlusHook\Release (Unsigned)\Accessor.obj
C:\Users\Rob\Documents\Development\Visual Studio 2008\Projects\StrokesPlus\StrokesPlusHook\Release (Unsigned)\AutoComplete.obj
C:\Users\Rob\Documents\Development\Visual Studio 2008\Projects\StrokesPlus\StrokesPlusHook\Release (Unsigned)\c_regex_traits.obj
C:\Users\Rob\Documents\Development\Visual Studio 2008\Projects\StrokesPlus\StrokesPlusHook\Release (Unsigned)\CallTip.obj
C:\Users\Rob\Documents\Development\Visual Studio 2008\Projects\StrokesPlus\StrokesPlusHook\Release (Unsigned)\Catalogue.obj
C:\Users\Rob\Documents\Development\Visual Studio 2008\Projects\StrokesPlus\StrokesPlusHook\Release (Unsigned)\CellBuffer.obj
C:\Users\Rob\Documents\Development\Visual Studio 2008\Projects\StrokesPlus\StrokesPlusHook\Release (Unsigned)\CharacterSet.obj
C:\Users\Rob\Documents\Development\Visual Studio 2008\Projects\StrokesPlus\StrokesPlusHook\Release (Unsigned)\CharClassify.obj
C:\Users\Rob\Documents\Development\Visual Studio 2008\Projects\StrokesPlus\StrokesPlusHook\Release (Unsigned)\cl.command.1.tlog
C:\Users\Rob\Documents\Development\Visual Studio 2008\Projects\StrokesPlus\StrokesPlusHook\Release (Unsigned)\CL.read.1.tlog
C:\Users\Rob\Documents\Development\Visual Studio 2008\Projects\StrokesPlus\StrokesPlusHook\Release (Unsigned)\CL.write.1.tlog
C:\Users\Rob\Documents\Development\Visual Studio 2008\Projects\StrokesPlus\StrokesPlusHook\Release (Unsigned)\ContractionState.obj
C:\Users\Rob\Documents\Development\Visual Studio 2008\Projects\StrokesPlus\StrokesPlusHook\Release (Unsigned)\core.obj
C:\Users\Rob\Documents\Development\Visual Studio 2008\Projects\StrokesPlus\StrokesPlusHook\Release (Unsigned)\cpp_regex_traits.obj
C:\Users\Rob\Documents\Development\Visual Studio 2008\Projects\StrokesPlus\StrokesPlusHook\Release (Unsigned)\cregex.obj
C:\Users\Rob\Documents\Development\Visual Studio 2008\Projects\StrokesPlus\StrokesPlusHook\Release (Unsigned)\Decoration.obj
C:\Users\Rob\Documents\Development\Visual Studio 2008\Projects\StrokesPlus\StrokesPlusHook\Release (Unsigned)\Document.obj
C:\Users\Rob\Documents\Development\Visual Studio 2008\Projects\StrokesPlus\StrokesPlusHook\Release (Unsigned)\Editor.obj
C:\Users\Rob\Documents\Development\Visual Studio 2008\Projects\StrokesPlus\StrokesPlusHook\Release (Unsigned)\ExternalLexer.obj
C:\Users\Rob\Documents\Development\Visual Studio 2008\Projects\StrokesPlus\StrokesPlusHook\Release (Unsigned)\ffi.obj
C:\Users\Rob\Documents\Development\Visual Studio 2008\Projects\StrokesPlus\StrokesPlusHook\Release (Unsigned)\fileiter.obj
C:\Users\Rob\Documents\Development\Visual Studio 2008\Projects\StrokesPlus\StrokesPlusHook\Release (Unsigned)\icu.obj
C:\Users\Rob\Documents\Development\Visual Studio 2008\Projects\StrokesPlus\StrokesPlusHook\Release (Unsigned)\Indicator.obj
C:\Users\Rob\Documents\Development\Visual Studio 2008\Projects\StrokesPlus\StrokesPlusHook\Release (Unsigned)\instances.obj
C:\Users\Rob\Documents\Development\Visual Studio 2008\Projects\StrokesPlus\StrokesPlusHook\Release (Unsigned)\KeyMap.obj
C:\Users\Rob\Documents\Development\Visual Studio 2008\Projects\StrokesPlus\StrokesPlusHook\Release (Unsigned)\lapi.obj
C:\Users\Rob\Documents\Development\Visual Studio 2008\Projects\StrokesPlus\StrokesPlusHook\Release (Unsigned)\lauxlib.obj
C:\Users\Rob\Documents\Development\Visual Studio 2008\Projects\StrokesPlus\StrokesPlusHook\Release (Unsigned)\lbaselib.obj
C:\Users\Rob\Documents\Development\Visual Studio 2008\Projects\StrokesPlus\StrokesPlusHook\Release (Unsigned)\lbitlib.obj
C:\Users\Rob\Documents\Development\Visual Studio 2008\Projects\StrokesPlus\StrokesPlusHook\Release (Unsigned)\lcode.obj
C:\Users\Rob\Documents\Development\Visual Studio 2008\Projects\StrokesPlus\StrokesPlusHook\Release (Unsigned)\lcorolib.obj
C:\Users\Rob\Documents\Development\Visual Studio 2008\Projects\StrokesPlus\StrokesPlusHook\Release (Unsigned)\lctype.obj
C:\Users\Rob\Documents\Development\Visual Studio 2008\Projects\StrokesPlus\StrokesPlusHook\Release (Unsigned)\ldblib.obj
C:\Users\Rob\Documents\Development\Visual Studio 2008\Projects\StrokesPlus\StrokesPlusHook\Release (Unsigned)\ldebug.obj
C:\Users\Rob\Documents\Development\Visual Studio 2008\Projects\StrokesPlus\StrokesPlusHook\Release (Unsigned)\ldo.obj
C:\Users\Rob\Documents\Development\Visual Studio 2008\Projects\StrokesPlus\StrokesPlusHook\Release (Unsigned)\ldump.obj
C:\Users\Rob\Documents\Development\Visual Studio 2008\Projects\StrokesPlus\StrokesPlusHook\Release (Unsigned)\LexerBase.obj
C:\Users\Rob\Documents\Development\Visual Studio 2008\Projects\StrokesPlus\StrokesPlusHook\Release (Unsigned)\LexerModule.obj
C:\Users\Rob\Documents\Development\Visual Studio 2008\Projects\StrokesPlus\StrokesPlusHook\Release (Unsigned)\LexerNoExceptions.obj
C:\Users\Rob\Documents\Development\Visual Studio 2008\Projects\StrokesPlus\StrokesPlusHook\Release (Unsigned)\LexerSimple.obj
C:\Users\Rob\Documents\Development\Visual Studio 2008\Projects\StrokesPlus\StrokesPlusHook\Release (Unsigned)\LexLua.obj
C:\Users\Rob\Documents\Development\Visual Studio 2008\Projects\StrokesPlus\StrokesPlusHook\Release (Unsigned)\lfunc.obj
C:\Users\Rob\Documents\Development\Visual Studio 2008\Projects\StrokesPlus\StrokesPlusHook\Release (Unsigned)\lgc.obj
C:\Users\Rob\Documents\Development\Visual Studio 2008\Projects\StrokesPlus\StrokesPlusHook\Release (Unsigned)\LineMarker.obj
C:\Users\Rob\Documents\Development\Visual Studio 2008\Projects\StrokesPlus\StrokesPlusHook\Release (Unsigned)\linit.obj
C:\Users\Rob\Documents\Development\Visual Studio 2008\Projects\StrokesPlus\StrokesPlusHook\Release (Unsigned)\link.command.1.tlog
C:\Users\Rob\Documents\Development\Visual Studio 2008\Projects\StrokesPlus\StrokesPlusHook\Release (Unsigned)\link.read.1.tlog
C:\Users\Rob\Documents\Development\Visual Studio 2008\Projects\StrokesPlus\StrokesPlusHook\Release (Unsigned)\link.write.1.tlog
C:\Users\Rob\Documents\Development\Visual Studio 2008\Projects\StrokesPlus\StrokesPlusHook\Release (Unsigned)\link-cvtres.read.1.tlog
C:\Users\Rob\Documents\Development\Visual Studio 2008\Projects\StrokesPlus\StrokesPlusHook\Release (Unsigned)\link-cvtres.write.1.tlog
C:\Users\Rob\Documents\Development\Visual Studio 2008\Projects\StrokesPlus\StrokesPlusHook\Release (Unsigned)\liolib.obj
C:\Users\Rob\Documents\Development\Visual Studio 2008\Projects\StrokesPlus\StrokesPlusHook\Release (Unsigned)\llex.obj
C:\Users\Rob\Documents\Development\Visual Studio 2008\Projects\StrokesPlus\StrokesPlusHook\Release (Unsigned)\lmathlib.obj
C:\Users\Rob\Documents\Development\Visual Studio 2008\Projects\StrokesPlus\StrokesPlusHook\Release (Unsigned)\lmem.obj
C:\Users\Rob\Documents\Development\Visual Studio 2008\Projects\StrokesPlus\StrokesPlusHook\Release (Unsigned)\loadlib.obj
C:\Users\Rob\Documents\Development\Visual Studio 2008\Projects\StrokesPlus\StrokesPlusHook\Release (Unsigned)\lobject.obj
C:\Users\Rob\Documents\Development\Visual Studio 2008\Projects\StrokesPlus\StrokesPlusHook\Release (Unsigned)\lopcodes.obj
C:\Users\Rob\Documents\Development\Visual Studio 2008\Projects\StrokesPlus\StrokesPlusHook\Release (Unsigned)\loslib.obj
C:\Users\Rob\Documents\Development\Visual Studio 2008\Projects\StrokesPlus\StrokesPlusHook\Release (Unsigned)\lparser.obj
C:\Users\Rob\Documents\Development\Visual Studio 2008\Projects\StrokesPlus\StrokesPlusHook\Release (Unsigned)\lstate.obj
C:\Users\Rob\Documents\Development\Visual Studio 2008\Projects\StrokesPlus\StrokesPlusHook\Release (Unsigned)\lstring.obj
C:\Users\Rob\Documents\Development\Visual Studio 2008\Projects\StrokesPlus\StrokesPlusHook\Release (Unsigned)\lstrlib.obj
C:\Users\Rob\Documents\Development\Visual Studio 2008\Projects\StrokesPlus\StrokesPlusHook\Release (Unsigned)\ltable.obj
C:\Users\Rob\Documents\Development\Visual Studio 2008\Projects\StrokesPlus\StrokesPlusHook\Release (Unsigned)\ltablib.obj
C:\Users\Rob\Documents\Development\Visual Studio 2008\Projects\StrokesPlus\StrokesPlusHook\Release (Unsigned)\ltm.obj
C:\Users\Rob\Documents\Development\Visual Studio 2008\Projects\StrokesPlus\StrokesPlusHook\Release (Unsigned)\lua.obj
C:\Users\Rob\Documents\Development\Visual Studio 2008\Projects\StrokesPlus\StrokesPlusHook\Release (Unsigned)\lundump.obj
C:\Users\Rob\Documents\Development\Visual Studio 2008\Projects\StrokesPlus\StrokesPlusHook\Release (Unsigned)\lvm.obj
C:\Users\Rob\Documents\Development\Visual Studio 2008\Projects\StrokesPlus\StrokesPlusHook\Release (Unsigned)\lzio.obj
C:\Users\Rob\Documents\Development\Visual Studio 2008\Projects\StrokesPlus\StrokesPlusHook\Release (Unsigned)\mt.command.1.tlog
C:\Users\Rob\Documents\Development\Visual Studio 2008\Projects\StrokesPlus\StrokesPlusHook\Release (Unsigned)\mt.read.1.tlog
C:\Users\Rob\Documents\Development\Visual Studio 2008\Projects\StrokesPlus\StrokesPlusHook\Release (Unsigned)\mt.write.1.tlog
C:\Users\Rob\Documents\Development\Visual Studio 2008\Projects\StrokesPlus\StrokesPlusHook\Release (Unsigned)\PerLine.obj
C:\Users\Rob\Documents\Development\Visual Studio 2008\Projects\StrokesPlus\StrokesPlusHook\Release (Unsigned)\PlatWin.obj
C:\Users\Rob\Documents\Development\Visual Studio 2008\Projects\StrokesPlus\StrokesPlusHook\Release (Unsigned)\PositionCache.obj
C:\Users\Rob\Documents\Development\Visual Studio 2008\Projects\StrokesPlus\StrokesPlusHook\Release (Unsigned)\posix_api.obj
C:\Users\Rob\Documents\Development\Visual Studio 2008\Projects\StrokesPlus\StrokesPlusHook\Release (Unsigned)\prep_cif.obj
C:\Users\Rob\Documents\Development\Visual Studio 2008\Projects\StrokesPlus\StrokesPlusHook\Release (Unsigned)\PropSetSimple.obj
C:\Users\Rob\Documents\Development\Visual Studio 2008\Projects\StrokesPlus\StrokesPlusHook\Release (Unsigned)\rc.command.1.tlog
C:\Users\Rob\Documents\Development\Visual Studio 2008\Projects\StrokesPlus\StrokesPlusHook\Release (Unsigned)\rc.read.1.tlog
C:\Users\Rob\Documents\Development\Visual Studio 2008\Projects\StrokesPlus\StrokesPlusHook\Release (Unsigned)\rc.write.1.tlog
C:\Users\Rob\Documents\Development\Visual Studio 2008\Projects\StrokesPlus\StrokesPlusHook\Release (Unsigned)\regex.obj
C:\Users\Rob\Documents\Development\Visual Studio 2008\Projects\StrokesPlus\StrokesPlusHook\Release (Unsigned)\regex_debug.obj
C:\Users\Rob\Documents\Development\Visual Studio 2008\Projects\StrokesPlus\StrokesPlusHook\Release (Unsigned)\regex_raw_buffer.obj
C:\Users\Rob\Documents\Development\Visual Studio 2008\Projects\StrokesPlus\StrokesPlusHook\Release (Unsigned)\regex_traits_defaults.obj
C:\Users\Rob\Documents\Development\Visual Studio 2008\Projects\StrokesPlus\StrokesPlusHook\Release (Unsigned)\Registry.obj
C:\Users\Rob\Documents\Development\Visual Studio 2008\Projects\StrokesPlus\StrokesPlusHook\Release (Unsigned)\RESearch.obj
C:\Users\Rob\Documents\Development\Visual Studio 2008\Projects\StrokesPlus\StrokesPlusHook\Release (Unsigned)\RunStyles.obj
C:\Users\Rob\Documents\Development\Visual Studio 2008\Projects\StrokesPlus\StrokesPlusHook\Release (Unsigned)\ScintillaBase.obj
C:\Users\Rob\Documents\Development\Visual Studio 2008\Projects\StrokesPlus\StrokesPlusHook\Release (Unsigned)\ScintillaWin.obj
C:\Users\Rob\Documents\Development\Visual Studio 2008\Projects\StrokesPlus\StrokesPlusHook\Release (Unsigned)\Selection.obj
C:\Users\Rob\Documents\Development\Visual Studio 2008\Projects\StrokesPlus\StrokesPlusHook\Release (Unsigned)\static_mutex.obj
C:\Users\Rob\Documents\Development\Visual Studio 2008\Projects\StrokesPlus\StrokesPlusHook\Release (Unsigned)\stdafx.obj
C:\Users\Rob\Documents\Development\Visual Studio 2008\Projects\StrokesPlus\StrokesPlusHook\Release (Unsigned)\StrokesPlus.dll.intermediate.manifest
C:\Users\Rob\Documents\Development\Visual Studio 2008\Projects\StrokesPlus\StrokesPlusHook\Release (Unsigned)\StrokesPlus.pch
C:\Users\Rob\Documents\Development\Visual Studio 2008\Projects\StrokesPlus\StrokesPlusHook\Release (Unsigned)\StrokesPlusHook.obj
C:\Users\Rob\Documents\Development\Visual Studio 2008\Projects\StrokesPlus\StrokesPlusHook\Release (Unsigned)\StrokesPlusHook.res
C:\Users\Rob\Documents\Development\Visual Studio 2008\Projects\StrokesPlus\StrokesPlusHook\Release (Unsigned)\StrokesPlusHook.write.1.tlog
C:\Users\Rob\Documents\Development\Visual Studio 2008\Projects\StrokesPlus\StrokesPlusHook\Release (Unsigned)\struct.obj
C:\Users\Rob\Documents\Development\Visual Studio 2008\Projects\StrokesPlus\StrokesPlusHook\Release (Unsigned)\Style.obj
C:\Users\Rob\Documents\Development\Visual Studio 2008\Projects\StrokesPlus\StrokesPlusHook\Release (Unsigned)\StyleContext.obj
C:\Users\Rob\Documents\Development\Visual Studio 2008\Projects\StrokesPlus\StrokesPlusHook\Release (Unsigned)\types.obj
C:\Users\Rob\Documents\Development\Visual Studio 2008\Projects\StrokesPlus\StrokesPlusHook\Release (Unsigned)\UniConversion.obj
C:\Users\Rob\Documents\Development\Visual Studio 2008\Projects\StrokesPlus\StrokesPlusHook\Release (Unsigned)\usinstances.obj
C:\Users\Rob\Documents\Development\Visual Studio 2008\Projects\StrokesPlus\StrokesPlusHook\Release (Unsigned)\vc100.pdb
C:\Users\Rob\Documents\Development\Visual Studio 2008\Projects\StrokesPlus\StrokesPlusHook\Release (Unsigned)\ViewStyle.obj
C:\Users\Rob\Documents\Development\Visual Studio 2008\Projects\StrokesPlus\StrokesPlusHook\Release (Unsigned)\w32_regex_traits.obj
C:\Users\Rob\Documents\Development\Visual Studio 2008\Projects\StrokesPlus\StrokesPlusHook\Release (Unsigned)\wc_regex_traits.obj
C:\Users\Rob\Documents\Development\Visual Studio 2008\Projects\StrokesPlus\StrokesPlusHook\Release (Unsigned)\wide_posix_api.obj
C:\Users\Rob\Documents\Development\Visual Studio 2008\Projects\StrokesPlus\StrokesPlusHook\Release (Unsigned)\win32.obj
C:\Users\Rob\Documents\Development\Visual Studio 2008\Projects\StrokesPlus\StrokesPlusHook\Release (Unsigned)\winstances.obj
C:\Users\Rob\Documents\Development\Visual Studio 2008\Projects\StrokesPlus\StrokesPlusHook\Release (Unsigned)\WordList.obj
C:\Users\Rob\Documents\Development\Visual Studio 2008\Projects\StrokesPlus\StrokesPlusHook\Release (Unsigned)\XPM.obj
C:\USERS\ROB\DOCUMENTS\DEVELOPMENT\VISUAL STUDIO 2008\PROJECTS\STROKESPLUS_2.7.2\BIN\RELEASE (UNSIGNED)\X86\STROKESPLUS.DLL
C:\Users\Rob\Documents\Development\Visual Studio 2008\Projects\StrokesPlus_2.7.2\bin\Release (Unsigned)\x86\StrokesPlus.exp
C:\Users\Rob\Documents\Development\Visual Studio 2008\Projects\StrokesPlus_2.7.2\bin\Release (Unsigned)\x86\StrokesPlus.lib
C:\USERS\ROB\DOCUMENTS\DEVELOPMENT\VISUAL STUDIO 2008\PROJECTS\STROKESPLUS_2.7.2\STROKESPLUSHOOK\RELEASE (UNSIGNED)\ACCESSOR.OBJ
C:\USERS\ROB\DOCUMENTS\DEVELOPMENT\VISUAL STUDIO 2008\PROJECTS\STROKESPLUS_2.7.2\STROKESPLUSHOOK\RELEASE (UNSIGNED)\AUTOCOMPLETE.OBJ
C:\USERS\ROB\DOCUMENTS\DEVELOPMENT\VISUAL STUDIO 2008\PROJECTS\STROKESPLUS_2.7.2\STROKESPLUSHOOK\RELEASE (UNSIGNED)\C_REGEX_TRAITS.OBJ
C:\USERS\ROB\DOCUMENTS\DEVELOPMENT\VISUAL STUDIO 2008\PROJECTS\STROKESPLUS_2.7.2\STROKESPLUSHOOK\RELEASE (UNSIGNED)\CALLTIP.OBJ
C:\USERS\ROB\DOCUMENTS\DEVELOPMENT\VISUAL STUDIO 2008\PROJECTS\STROKESPLUS_2.7.2\STROKESPLUSHOOK\RELEASE (UNSIGNED)\CATALOGUE.OBJ
C:\USERS\ROB\DOCUMENTS\DEVELOPMENT\VISUAL STUDIO 2008\PROJECTS\STROKESPLUS_2.7.2\STROKESPLUSHOOK\RELEASE (UNSIGNED)\CELLBUFFER.OBJ
C:\USERS\ROB\DOCUMENTS\DEVELOPMENT\VISUAL STUDIO 2008\PROJECTS\STROKESPLUS_2.7.2\STROKESPLUSHOOK\RELEASE (UNSIGNED)\CHARACTERSET.OBJ
C:\USERS\ROB\DOCUMENTS\DEVELOPMENT\VISUAL STUDIO 2008\PROJECTS\STROKESPLUS_2.7.2\STROKESPLUSHOOK\RELEASE (UNSIGNED)\CHARCLASSIFY.OBJ
C:\USERS\ROB\DOCUMENTS\DEVELOPMENT\VISUAL STUDIO 2008\PROJECTS\STROKESPLUS_2.7.2\STROKESPLUSHOOK\RELEASE (UNSIGNED)\CONTRACTIONSTATE.OBJ
C:\USERS\ROB\DOCUMENTS\DEVELOPMENT\VISUAL STUDIO 2008\PROJECTS\STROKESPLUS_2.7.2\STROKESPLUSHOOK\RELEASE (UNSIGNED)\CORE.OBJ
C:\USERS\ROB\DOCUMENTS\DEVELOPMENT\VISUAL STUDIO 2008\PROJECTS\STROKESPLUS_2.7.2\STROKESPLUSHOOK\RELEASE (UNSIGNED)\CPP_REGEX_TRAITS.OBJ
C:\USERS\ROB\DOCUMENTS\DEVELOPMENT\VISUAL STUDIO 2008\PROJECTS\STROKESPLUS_2.7.2\STROKESPLUSHOOK\RELEASE (UNSIGNED)\CREGEX.OBJ
C:\USERS\ROB\DOCUMENTS\DEVELOPMENT\VISUAL STUDIO 2008\PROJECTS\STROKESPLUS_2.7.2\STROKESPLUSHOOK\RELEASE (UNSIGNED)\DECORATION.OBJ
C:\USERS\ROB\DOCUMENTS\DEVELOPMENT\VISUAL STUDIO 2008\PROJECTS\STROKESPLUS_2.7.2\STROKESPLUSHOOK\RELEASE (UNSIGNED)\DOCUMENT.OBJ
C:\USERS\ROB\DOCUMENTS\DEVELOPMENT\VISUAL STUDIO 2008\PROJECTS\STROKESPLUS_2.7.2\STROKESPLUSHOOK\RELEASE (UNSIGNED)\EDITOR.OBJ
C:\USERS\ROB\DOCUMENTS\DEVELOPMENT\VISUAL STUDIO 2008\PROJECTS\STROKESPLUS_2.7.2\STROKESPLUSHOOK\RELEASE (UNSIGNED)\EXTERNALLEXER.OBJ
C:\USERS\ROB\DOCUMENTS\DEVELOPMENT\VISUAL STUDIO 2008\PROJECTS\STROKESPLUS_2.7.2\STROKESPLUSHOOK\RELEASE (UNSIGNED)\FFI.OBJ
C:\USERS\ROB\DOCUMENTS\DEVELOPMENT\VISUAL STUDIO 2008\PROJECTS\STROKESPLUS_2.7.2\STROKESPLUSHOOK\RELEASE (UNSIGNED)\FILEITER.OBJ
C:\USERS\ROB\DOCUMENTS\DEVELOPMENT\VISUAL STUDIO 2008\PROJECTS\STROKESPLUS_2.7.2\STROKESPLUSHOOK\RELEASE (UNSIGNED)\ICU.OBJ
C:\USERS\ROB\DOCUMENTS\DEVELOPMENT\VISUAL STUDIO 2008\PROJECTS\STROKESPLUS_2.7.2\STROKESPLUSHOOK\RELEASE (UNSIGNED)\INDICATOR.OBJ
C:\USERS\ROB\DOCUMENTS\DEVELOPMENT\VISUAL STUDIO 2008\PROJECTS\STROKESPLUS_2.7.2\STROKESPLUSHOOK\RELEASE (UNSIGNED)\INSTANCES.OBJ
C:\USERS\ROB\DOCUMENTS\DEVELOPMENT\VISUAL STUDIO 2008\PROJECTS\STROKESPLUS_2.7.2\STROKESPLUSHOOK\RELEASE (UNSIGNED)\KEYMAP.OBJ
C:\USERS\ROB\DOCUMENTS\DEVELOPMENT\VISUAL STUDIO 2008\PROJECTS\STROKESPLUS_2.7.2\STROKESPLUSHOOK\RELEASE (UNSIGNED)\LAPI.OBJ
C:\USERS\ROB\DOCUMENTS\DEVELOPMENT\VISUAL STUDIO 2008\PROJECTS\STROKESPLUS_2.7.2\STROKESPLUSHOOK\RELEASE (UNSIGNED)\LAUXLIB.OBJ
C:\USERS\ROB\DOCUMENTS\DEVELOPMENT\VISUAL STUDIO 2008\PROJECTS\STROKESPLUS_2.7.2\STROKESPLUSHOOK\RELEASE (UNSIGNED)\LBASELIB.OBJ
C:\USERS\ROB\DOCUMENTS\DEVELOPMENT\VISUAL STUDIO 2008\PROJECTS\STROKESPLUS_2.7.2\STROKESPLUSHOOK\RELEASE (UNSIGNED)\LBITLIB.OBJ
C:\USERS\ROB\DOCUMENTS\DEVELOPMENT\VISUAL STUDIO 2008\PROJECTS\STROKESPLUS_2.7.2\STROKESPLUSHOOK\RELEASE (UNSIGNED)\LCODE.OBJ
C:\USERS\ROB\DOCUMENTS\DEVELOPMENT\VISUAL STUDIO 2008\PROJECTS\STROKESPLUS_2.7.2\STROKESPLUSHOOK\RELEASE (UNSIGNED)\LCOROLIB.OBJ
C:\USERS\ROB\DOCUMENTS\DEVELOPMENT\VISUAL STUDIO 2008\PROJECTS\STROKESPLUS_2.7.2\STROKESPLUSHOOK\RELEASE (UNSIGNED)\LCTYPE.OBJ
C:\USERS\ROB\DOCUMENTS\DEVELOPMENT\VISUAL STUDIO 2008\PROJECTS\STROKESPLUS_2.7.2\STROKESPLUSHOOK\RELEASE (UNSIGNED)\LDBLIB.OBJ
C:\USERS\ROB\DOCUMENTS\DEVELOPMENT\VISUAL STUDIO 2008\PROJECTS\STROKESPLUS_2.7.2\STROKESPLUSHOOK\RELEASE (UNSIGNED)\LDEBUG.OBJ
C:\USERS\ROB\DOCUMENTS\DEVELOPMENT\VISUAL STUDIO 2008\PROJECTS\STROKESPLUS_2.7.2\STROKESPLUSHOOK\RELEASE (UNSIGNED)\LDO.OBJ
C:\USERS\ROB\DOCUMENTS\DEVELOPMENT\VISUAL STUDIO 2008\PROJECTS\STROKESPLUS_2.7.2\STROKESPLUSHOOK\RELEASE (UNSIGNED)\LDUMP.OBJ
C:\USERS\ROB\DOCUMENTS\DEVELOPMENT\VISUAL STUDIO 2008\PROJECTS\STROKESPLUS_2.7.2\STROKESPLUSHOOK\RELEASE (UNSIGNED)\LEXERBASE.OBJ
C:\USERS\ROB\DOCUMENTS\DEVELOPMENT\VISUAL STUDIO 2008\PROJECTS\STROKESPLUS_2.7.2\STROKESPLUSHOOK\RELEASE (UNSIGNED)\LEXERMODULE.OBJ
C:\USERS\ROB\DOCUMENTS\DEVELOPMENT\VISUAL STUDIO 2008\PROJECTS\STROKESPLUS_2.7.2\STROKESPLUSHOOK\RELEASE (UNSIGNED)\LEXERNOEXCEPTIONS.OBJ
C:\USERS\ROB\DOCUMENTS\DEVELOPMENT\VISUAL STUDIO 2008\PROJECTS\STROKESPLUS_2.7.2\STROKESPLUSHOOK\RELEASE (UNSIGNED)\LEXERSIMPLE.OBJ
C:\USERS\ROB\DOCUMENTS\DEVELOPMENT\VISUAL STUDIO 2008\PROJECTS\STROKESPLUS_2.7.2\STROKESPLUSHOOK\RELEASE (UNSIGNED)\LEXLUA.OBJ
C:\USERS\ROB\DOCUMENTS\DEVELOPMENT\VISUAL STUDIO 2008\PROJECTS\STROKESPLUS_2.7.2\STROKESPLUSHOOK\RELEASE (UNSIGNED)\LFUNC.OBJ
C:\USERS\ROB\DOCUMENTS\DEVELOPMENT\VISUAL STUDIO 2008\PROJECTS\STROKESPLUS_2.7.2\STROKESPLUSHOOK\RELEASE (UNSIGNED)\LGC.OBJ
C:\USERS\ROB\DOCUMENTS\DEVELOPMENT\VISUAL STUDIO 2008\PROJECTS\STROKESPLUS_2.7.2\STROKESPLUSHOOK\RELEASE (UNSIGNED)\LINEMARKER.OBJ
C:\USERS\ROB\DOCUMENTS\DEVELOPMENT\VISUAL STUDIO 2008\PROJECTS\STROKESPLUS_2.7.2\STROKESPLUSHOOK\RELEASE (UNSIGNED)\LINIT.OBJ
C:\USERS\ROB\DOCUMENTS\DEVELOPMENT\VISUAL STUDIO 2008\PROJECTS\STROKESPLUS_2.7.2\STROKESPLUSHOOK\RELEASE (UNSIGNED)\LIOLIB.OBJ
C:\USERS\ROB\DOCUMENTS\DEVELOPMENT\VISUAL STUDIO 2008\PROJECTS\STROKESPLUS_2.7.2\STROKESPLUSHOOK\RELEASE (UNSIGNED)\LLEX.OBJ
C:\USERS\ROB\DOCUMENTS\DEVELOPMENT\VISUAL STUDIO 2008\PROJECTS\STROKESPLUS_2.7.2\STROKESPLUSHOOK\RELEASE (UNSIGNED)\LMATHLIB.OBJ
C:\USERS\ROB\DOCUMENTS\DEVELOPMENT\VISUAL STUDIO 2008\PROJECTS\STROKESPLUS_2.7.2\STROKESPLUSHOOK\RELEASE (UNSIGNED)\LMEM.OBJ
C:\USERS\ROB\DOCUMENTS\DEVELOPMENT\VISUAL STUDIO 2008\PROJECTS\STROKESPLUS_2.7.2\STROKESPLUSHOOK\RELEASE (UNSIGNED)\LOADLIB.OBJ
C:\USERS\ROB\DOCUMENTS\DEVELOPMENT\VISUAL STUDIO 2008\PROJECTS\STROKESPLUS_2.7.2\STROKESPLUSHOOK\RELEASE (UNSIGNED)\LOBJECT.OBJ
C:\USERS\ROB\DOCUMENTS\DEVELOPMENT\VISUAL STUDIO 2008\PROJECTS\STROKESPLUS_2.7.2\STROKESPLUSHOOK\RELEASE (UNSIGNED)\LOPCODES.OBJ
C:\USERS\ROB\DOCUMENTS\DEVELOPMENT\VISUAL STUDIO 2008\PROJECTS\STROKESPLUS_2.7.2\STROKESPLUSHOOK\RELEASE (UNSIGNED)\LOSLIB.OBJ
C:\USERS\ROB\DOCUMENTS\DEVELOPMENT\VISUAL STUDIO 2008\PROJECTS\STROKESPLUS_2.7.2\STROKESPLUSHOOK\RELEASE (UNSIGNED)\LPARSER.OBJ
C:\USERS\ROB\DOCUMENTS\DEVELOPMENT\VISUAL STUDIO 2008\PROJECTS\STROKESPLUS_2.7.2\STROKESPLUSHOOK\RELEASE (UNSIGNED)\LSTATE.OBJ
C:\USERS\ROB\DOCUMENTS\DEVELOPMENT\VISUAL STUDIO 2008\PROJECTS\STROKESPLUS_2.7.2\STROKESPLUSHOOK\RELEASE (UNSIGNED)\LSTRING.OBJ
C:\USERS\ROB\DOCUMENTS\DEVELOPMENT\VISUAL STUDIO 2008\PROJECTS\STROKESPLUS_2.7.2\STROKESPLUSHOOK\RELEASE (UNSIGNED)\LSTRLIB.OBJ
C:\USERS\ROB\DOCUMENTS\DEVELOPMENT\VISUAL STUDIO 2008\PROJECTS\STROKESPLUS_2.7.2\STROKESPLUSHOOK\RELEASE (UNSIGNED)\LTABLE.OBJ
C:\USERS\ROB\DOCUMENTS\DEVELOPMENT\VISUAL STUDIO 2008\PROJECTS\STROKESPLUS_2.7.2\STROKESPLUSHOOK\RELEASE (UNSIGNED)\LTABLIB.OBJ
C:\USERS\ROB\DOCUMENTS\DEVELOPMENT\VISUAL STUDIO 2008\PROJECTS\STROKESPLUS_2.7.2\STROKESPLUSHOOK\RELEASE (UNSIGNED)\LTM.OBJ
C:\USERS\ROB\DOCUMENTS\DEVELOPMENT\VISUAL STUDIO 2008\PROJECTS\STROKESPLUS_2.7.2\STROKESPLUSHOOK\RELEASE (UNSIGNED)\LUA.OBJ
C:\USERS\ROB\DOCUMENTS\DEVELOPMENT\VISUAL STUDIO 2008\PROJECTS\STROKESPLUS_2.7.2\STROKESPLUSHOOK\RELEASE (UNSIGNED)\LUNDUMP.OBJ
C:\USERS\ROB\DOCUMENTS\DEVELOPMENT\VISUAL STUDIO 2008\PROJECTS\STROKESPLUS_2.7.2\STROKESPLUSHOOK\RELEASE (UNSIGNED)\LVM.OBJ
C:\USERS\ROB\DOCUMENTS\DEVELOPMENT\VISUAL STUDIO 2008\PROJECTS\STROKESPLUS_2.7.2\STROKESPLUSHOOK\RELEASE (UNSIGNED)\LZIO.OBJ
C:\USERS\ROB\DOCUMENTS\DEVELOPMENT\VISUAL STUDIO 2008\PROJECTS\STROKESPLUS_2.7.2\STROKESPLUSHOOK\RELEASE (UNSIGNED)\PERLINE.OBJ
C:\USERS\ROB\DOCUMENTS\DEVELOPMENT\VISUAL STUDIO 2008\PROJECTS\STROKESPLUS_2.7.2\STROKESPLUSHOOK\RELEASE (UNSIGNED)\PLATWIN.OBJ
C:\USERS\ROB\DOCUMENTS\DEVELOPMENT\VISUAL STUDIO 2008\PROJECTS\STROKESPLUS_2.7.2\STROKESPLUSHOOK\RELEASE (UNSIGNED)\POSITIONCACHE.OBJ
C:\USERS\ROB\DOCUMENTS\DEVELOPMENT\VISUAL STUDIO 2008\PROJECTS\STROKESPLUS_2.7.2\STROKESPLUSHOOK\RELEASE (UNSIGNED)\POSIX_API.OBJ
C:\USERS\ROB\DOCUMENTS\DEVELOPMENT\VISUAL STUDIO 2008\PROJECTS\STROKESPLUS_2.7.2\STROKESPLUSHOOK\RELEASE (UNSIGNED)\PREP_CIF.OBJ
C:\USERS\ROB\DOCUMENTS\DEVELOPMENT\VISUAL STUDIO 2008\PROJECTS\STROKESPLUS_2.7.2\STROKESPLUSHOOK\RELEASE (UNSIGNED)\PROPSETSIMPLE.OBJ
C:\USERS\ROB\DOCUMENTS\DEVELOPMENT\VISUAL STUDIO 2008\PROJECTS\STROKESPLUS_2.7.2\STROKESPLUSHOOK\RELEASE (UNSIGNED)\REGEX.OBJ
C:\USERS\ROB\DOCUMENTS\DEVELOPMENT\VISUAL STUDIO 2008\PROJECTS\STROKESPLUS_2.7.2\STROKESPLUSHOOK\RELEASE (UNSIGNED)\REGEX_DEBUG.OBJ
C:\USERS\ROB\DOCUMENTS\DEVELOPMENT\VISUAL STUDIO 2008\PROJECTS\STROKESPLUS_2.7.2\STROKESPLUSHOOK\RELEASE (UNSIGNED)\REGEX_RAW_BUFFER.OBJ
C:\USERS\ROB\DOCUMENTS\DEVELOPMENT\VISUAL STUDIO 2008\PROJECTS\STROKESPLUS_2.7.2\STROKESPLUSHOOK\RELEASE (UNSIGNED)\REGEX_TRAITS_DEFAULTS.OBJ
C:\USERS\ROB\DOCUMENTS\DEVELOPMENT\VISUAL STUDIO 2008\PROJECTS\STROKESPLUS_2.7.2\STROKESPLUSHOOK\RELEASE (UNSIGNED)\REGISTRY.OBJ
C:\USERS\ROB\DOCUMENTS\DEVELOPMENT\VISUAL STUDIO 2008\PROJECTS\STROKESPLUS_2.7.2\STROKESPLUSHOOK\RELEASE (UNSIGNED)\RESEARCH.OBJ
C:\USERS\ROB\DOCUMENTS\DEVELOPMENT\VISUAL STUDIO 2008\PROJECTS\STROKESPLUS_2.7.2\STROKESPLUSHOOK\RELEASE (UNSIGNED)\RUNSTYLES.OBJ
C:\USERS\ROB\DOCUMENTS\DEVELOPMENT\VISUAL STUDIO 2008\PROJECTS\STROKESPLUS_2.7.2\STROKESPLUSHOOK\RELEASE (UNSIGNED)\SCINTILLABASE.OBJ
C:\USERS\ROB\DOCUMENTS\DEVELOPMENT\VISUAL STUDIO 2008\PROJECTS\STROKESPLUS_2.7.2\STROKESPLUSHOOK\RELEASE (UNSIGNED)\SCINTILLAWIN.OBJ
C:\USERS\ROB\DOCUMENTS\DEVELOPMENT\VISUAL STUDIO 2008\PROJECTS\STROKESPLUS_2.7.2\STROKESPLUSHOOK\RELEASE (UNSIGNED)\SELECTION.OBJ
C:\USERS\ROB\DOCUMENTS\DEVELOPMENT\VISUAL STUDIO 2008\PROJECTS\STROKESPLUS_2.7.2\STROKESPLUSHOOK\RELEASE (UNSIGNED)\STATIC_MUTEX.OBJ
C:\USERS\ROB\DOCUMENTS\DEVELOPMENT\VISUAL STUDIO 2008\PROJECTS\STROKESPLUS_2.7.2\STROKESPLUSHOOK\RELEASE (UNSIGNED)\STDAFX.OBJ
C:\USERS\ROB\DOCUMENTS\DEVELOPMENT\VISUAL STUDIO 2008\PROJECTS\STROKESPLUS_2.7.2\STROKESPLUSHOOK\RELEASE (UNSIGNED)\STROKESPLUS.DLL.INTERMEDIATE.MANIFEST
C:\USERS\ROB\DOCUMENTS\DEVELOPMENT\VISUAL STUDIO 2008\PROJECTS\STROKESPLUS_2.7.2\STROKESPLUSHOOK\RELEASE (UNSIGNED)\STROKESPLUS.PCH
C:\USERS\ROB\DOCUMENTS\DEVELOPMENT\VISUAL STUDIO 2008\PROJECTS\STROKESPLUS_2.7.2\STROKESPLUSHOOK\RELEASE (UNSIGNED)\STROKESPLUSHOOK.OBJ
C:\USERS\ROB\DOCUMENTS\DEVELOPMENT\VISUAL STUDIO 2008\PROJECTS\STROKESPLUS_2.7.2\STROKESPLUSHOOK\RELEASE (UNSIGNED)\STROKESPLUSHOOK.RES
C:\USERS\ROB\DOCUMENTS\DEVELOPMENT\VISUAL STUDIO 2008\PROJECTS\STROKESPLUS_2.7.2\STROKESPLUSHOOK\RELEASE (UNSIGNED)\STRUCT.OBJ
C:\USERS\ROB\DOCUMENTS\DEVELOPMENT\VISUAL STUDIO 2008\PROJECTS\STROKESPLUS_2.7.2\STROKESPLUSHOOK\RELEASE (UNSIGNED)\STYLE.OBJ
C:\USERS\ROB\DOCUMENTS\DEVELOPMENT\VISUAL STUDIO 2008\PROJECTS\STROKESPLUS_2.7.2\STROKESPLUSHOOK\RELEASE (UNSIGNED)\STYLECONTEXT.OBJ
C:\USERS\ROB\DOCUMENTS\DEVELOPMENT\VISUAL STUDIO 2008\PROJECTS\STROKESPLUS_2.7.2\STROKESPLUSHOOK\RELEASE (UNSIGNED)\TYPES.OBJ
C:\USERS\ROB\DOCUMENTS\DEVELOPMENT\VISUAL STUDIO 2008\PROJECTS\STROKESPLUS_2.7.2\STROKESPLUSHOOK\RELEASE (UNSIGNED)\UNICONVERSION.OBJ
C:\USERS\ROB\DOCUMENTS\DEVELOPMENT\VISUAL STUDIO 2008\PROJECTS\STROKESPLUS_2.7.2\STROKESPLUSHOOK\RELEASE (UNSIGNED)\USINSTANCES.OBJ
C:\USERS\ROB\DOCUMENTS\DEVELOPMENT\VISUAL STUDIO 2008\PROJECTS\STROKESPLUS_2.7.2\STROKESPLUSHOOK\RELEASE (UNSIGNED)\VC100.PDB
C:\USERS\ROB\DOCUMENTS\DEVELOPMENT\VISUAL STUDIO 2008\PROJECTS\STROKESPLUS_2.7.2\STROKESPLUSHOOK\RELEASE (UNSIGNED)\VIEWSTYLE.OBJ
C:\USERS\ROB\DOCUMENTS\DEVELOPMENT\VISUAL STUDIO 2008\PROJECTS\STROKESPLUS_2.7.2\STROKESPLUSHOOK\RELEASE (UNSIGNED)\W32_REGEX_TRAITS.OBJ
C:\USERS\ROB\DOCUMENTS\DEVELOPMENT\VISUAL STUDIO 2008\PROJECTS\STROKESPLUS_2.7.2\STROKESPLUSHOOK\RELEASE (UNSIGNED)\WC_REGEX_TRAITS.OBJ
C:\USERS\ROB\DOCUMENTS\DEVELOPMENT\VISUAL STUDIO 2008\PROJECTS\STROKESPLUS_2.7.2\STROKESPLUSHOOK\RELEASE (UNSIGNED)\WIDE_POSIX_API.OBJ
C:\USERS\ROB\DOCUMENTS\DEVELOPMENT\VISUAL STUDIO 2008\PROJECTS\STROKESPLUS_2.7.2\STROKESPLUSHOOK\RELEASE (UNSIGNED)\WIN32.OBJ
C:\USERS\ROB\DOCUMENTS\DEVELOPMENT\VISUAL STUDIO 2008\PROJECTS\STROKESPLUS_2.7.2\STROKESPLUSHOOK\RELEASE (UNSIGNED)\WINSTANCES.OBJ
C:\USERS\ROB\DOCUMENTS\DEVELOPMENT\VISUAL STUDIO 2008\PROJECTS\STROKESPLUS_2.7.2\STROKESPLUSHOOK\RELEASE (UNSIGNED)\WORDLIST.OBJ
C:\USERS\ROB\DOCUMENTS\DEVELOPMENT\VISUAL STUDIO 2008\PROJECTS\STROKESPLUS_2.7.2\STROKESPLUSHOOK\RELEASE (UNSIGNED)\XPM.OBJ
C:\Users\Rob\Documents\Development\Visual Studio 2008\Projects\StrokesPlus_2.7.2\StrokesPlusHook\StrokesPlusHook.exp
C:\Users\Rob\Documents\Development\Visual Studio 2008\Projects\StrokesPlus_2.7.2\StrokesPlusHook\StrokesPlusHook.lib
