Build started 3/2/2014 11:01:00 AM.
     1>Project "C:\Users\Rob\Documents\Development\Visual Studio 2008\Projects\StrokesPlus\StrokesPlusHook\StrokesPlusHook.vcxproj" on node 2 (build target(s)).
     1>InitializeBuildStatus:
         Creating "Release (Unsigned)\StrokesPlusHook.unsuccessfulbuild" because "AlwaysCreate" was specified.
       _MASM:
         Assembling [Inputs]...
       ClCompile:
         All outputs are up-to-date.
         All outputs are up-to-date.
         C:\Program Files (x86)\Microsoft Visual Studio 10.0\VC\bin\CL.exe /c /Zi /nologo /W3 /WX- /O2 /Oi /Ot /Oy- /GL /D WIN32 /D NDEBUG /D _WINDOWS /D _USRDLL /D STROKESPLUSHOOK_EXPORTS /D _WINDLL /D _MBCS /GF /Gm- /EHsc /MT /GS /Gy /fp:precise /fp:except /Zc:wchar_t /Zc:forScope /Fo"Release (Unsigned)\\" /Fd"Release (Unsigned)\vc100.pdb" /Gd /TP /analyze- /errorReport:prompt StrokesPlusHook.cpp
         StrokesPlusHook.cpp
     1>C:\Users\Rob\Documents\Development\Visual Studio 2008\Projects\StrokesPlus\boost_1_50_0\boost/lexical_cast.hpp(1320): warning C4995: 'sprintf': name was marked as #pragma deprecated
     1>C:\Users\Rob\Documents\Development\Visual Studio 2008\Projects\StrokesPlus\boost_1_50_0\boost/lexical_cast.hpp(1328): warning C4995: 'sprintf': name was marked as #pragma deprecated
     1>C:\Users\Rob\Documents\Development\Visual Studio 2008\Projects\StrokesPlus\boost_1_50_0\boost/lexical_cast.hpp(1337): warning C4995: 'sprintf': name was marked as #pragma deprecated
     1>C:\Users\Rob\Documents\Development\Visual Studio 2008\Projects\StrokesPlus\boost_1_50_0\boost/lexical_cast.hpp(1352): warning C4995: 'swprintf': name was marked as #pragma deprecated
     1>C:\Users\Rob\Documents\Development\Visual Studio 2008\Projects\StrokesPlus\boost_1_50_0\boost/lexical_cast.hpp(1362): warning C4995: 'swprintf': name was marked as #pragma deprecated
     1>C:\Users\Rob\Documents\Development\Visual Studio 2008\Projects\StrokesPlus\boost_1_50_0\boost/lexical_cast.hpp(1370): warning C4995: 'swprintf': name was marked as #pragma deprecated
     1>StrokesPlusHook.cpp(50): warning C4005: '_WIN32_IE' : macro redefinition
                 C:\Program Files (x86)\Microsoft SDKs\Windows\v7.0A\include\sdkddkver.h(230) : see previous definition of '_WIN32_IE'
     1>StrokesPlusHook.cpp(1041): warning C4996: '_splitpath': This function or variable may be unsafe. Consider using _splitpath_s instead. To disable deprecation, use _CRT_SECURE_NO_WARNINGS. See online help for details.
                 C:\Program Files (x86)\Microsoft Visual Studio 10.0\VC\include\stdlib.h(791) : see declaration of '_splitpath'
     1>StrokesPlusHook.cpp(1043): warning C4995: '_tcscat': name was marked as #pragma deprecated
     1>StrokesPlusHook.cpp(1043): warning C4995: 'strcat': name was marked as #pragma deprecated
     1>StrokesPlusHook.cpp(1043): warning C4996: 'strcat': This function or variable may be unsafe. Consider using strcat_s instead. To disable deprecation, use _CRT_SECURE_NO_WARNINGS. See online help for details.
                 C:\Program Files (x86)\Microsoft Visual Studio 10.0\VC\include\string.h(110) : see declaration of 'strcat'
     1>StrokesPlusHook.cpp(1044): warning C4995: '_tcscat': name was marked as #pragma deprecated
     1>StrokesPlusHook.cpp(1044): warning C4995: 'strcat': name was marked as #pragma deprecated
     1>StrokesPlusHook.cpp(1044): warning C4996: 'strcat': This function or variable may be unsafe. Consider using strcat_s instead. To disable deprecation, use _CRT_SECURE_NO_WARNINGS. See online help for details.
                 C:\Program Files (x86)\Microsoft Visual Studio 10.0\VC\include\string.h(110) : see declaration of 'strcat'
     1>StrokesPlusHook.cpp(1047): warning C4995: '_tcscpy': name was marked as #pragma deprecated
     1>StrokesPlusHook.cpp(1047): warning C4995: 'strcpy': name was marked as #pragma deprecated
     1>StrokesPlusHook.cpp(1047): warning C4996: 'strcpy': This function or variable may be unsafe. Consider using strcpy_s instead. To disable deprecation, use _CRT_SECURE_NO_WARNINGS. See online help for details.
                 C:\Program Files (x86)\Microsoft Visual Studio 10.0\VC\include\string.h(105) : see declaration of 'strcpy'
     1>StrokesPlusHook.cpp(1049): warning C4995: '_tcscpy': name was marked as #pragma deprecated
     1>StrokesPlusHook.cpp(1049): warning C4995: 'strcpy': name was marked as #pragma deprecated
     1>StrokesPlusHook.cpp(1049): warning C4996: 'strcpy': This function or variable may be unsafe. Consider using strcpy_s instead. To disable deprecation, use _CRT_SECURE_NO_WARNINGS. See online help for details.
                 C:\Program Files (x86)\Microsoft Visual Studio 10.0\VC\include\string.h(105) : see declaration of 'strcpy'
     1>StrokesPlusHook.cpp(1058): warning C4995: '_tcscpy': name was marked as #pragma deprecated
     1>StrokesPlusHook.cpp(1058): warning C4995: 'strcpy': name was marked as #pragma deprecated
     1>StrokesPlusHook.cpp(1058): warning C4996: 'strcpy': This function or variable may be unsafe. Consider using strcpy_s instead. To disable deprecation, use _CRT_SECURE_NO_WARNINGS. See online help for details.
                 C:\Program Files (x86)\Microsoft Visual Studio 10.0\VC\include\string.h(105) : see declaration of 'strcpy'
     1>StrokesPlusHook.cpp(1088): warning C4002: too many actual parameters for macro 'LOGMESSAGE'
     1>StrokesPlusHook.cpp(1095): warning C4002: too many actual parameters for macro 'LOGMESSAGE'
     1>StrokesPlusHook.cpp(1169): warning C4244: '=' : conversion from 'LONG' to 'float', possible loss of data
     1>StrokesPlusHook.cpp(1170): warning C4244: '=' : conversion from 'LONG' to 'float', possible loss of data
     1>StrokesPlusHook.cpp(1171): warning C4244: '=' : conversion from 'LONG' to 'float', possible loss of data
     1>StrokesPlusHook.cpp(1172): warning C4244: '=' : conversion from 'LONG' to 'float', possible loss of data
     1>StrokesPlusHook.cpp(1173): warning C4018: '<' : signed/unsigned mismatch
     1>StrokesPlusHook.cpp(1175): warning C4244: '=' : conversion from 'LONG' to 'float', possible loss of data
     1>StrokesPlusHook.cpp(1177): warning C4244: '=' : conversion from 'LONG' to 'float', possible loss of data
     1>StrokesPlusHook.cpp(1179): warning C4244: '=' : conversion from 'LONG' to 'float', possible loss of data
     1>StrokesPlusHook.cpp(1181): warning C4244: '=' : conversion from 'LONG' to 'float', possible loss of data
     1>StrokesPlusHook.cpp(1188): warning C4018: '<' : signed/unsigned mismatch
     1>StrokesPlusHook.cpp(1221): warning C4018: '<' : signed/unsigned mismatch
     1>StrokesPlusHook.cpp(1227): warning C4018: '<' : signed/unsigned mismatch
     1>StrokesPlusHook.cpp(1297): warning C4018: '<' : signed/unsigned mismatch
     1>StrokesPlusHook.cpp(1379): warning C4800: 'BOOL' : forcing value to bool 'true' or 'false' (performance warning)
     1>StrokesPlusHook.cpp(1384): warning C4800: 'BOOL' : forcing value to bool 'true' or 'false' (performance warning)
     1>StrokesPlusHook.cpp(1394): warning C4800: 'BOOL' : forcing value to bool 'true' or 'false' (performance warning)
     1>StrokesPlusHook.cpp(1430): warning C4800: 'BOOL' : forcing value to bool 'true' or 'false' (performance warning)
     1>StrokesPlusHook.cpp(1467): warning C4800: 'BOOL' : forcing value to bool 'true' or 'false' (performance warning)
     1>StrokesPlusHook.cpp(1472): warning C4800: 'BOOL' : forcing value to bool 'true' or 'false' (performance warning)
     1>StrokesPlusHook.cpp(1601): warning C4018: '<' : signed/unsigned mismatch
     1>StrokesPlusHook.cpp(1641): warning C4018: '<' : signed/unsigned mismatch
     1>StrokesPlusHook.cpp(1659): warning C4018: '<' : signed/unsigned mismatch
     1>StrokesPlusHook.cpp(2060): warning C4018: '<' : signed/unsigned mismatch
     1>StrokesPlusHook.cpp(2090): warning C4018: '<' : signed/unsigned mismatch
     1>StrokesPlusHook.cpp(2136): warning C4244: '=' : conversion from 'lua_Number' to 'int', possible loss of data
     1>StrokesPlusHook.cpp(2146): warning C4244: 'initializing' : conversion from 'lua_Number' to 'int', possible loss of data
     1>StrokesPlusHook.cpp(2152): warning C4244: 'initializing' : conversion from 'lua_Number' to 'int', possible loss of data
     1>StrokesPlusHook.cpp(2158): warning C4244: '=' : conversion from 'lua_Number' to 'int', possible loss of data
     1>StrokesPlusHook.cpp(2159): warning C4244: '=' : conversion from 'lua_Number' to 'int', possible loss of data
     1>StrokesPlusHook.cpp(2186): warning C4244: '=' : conversion from 'lua_Number' to 'int', possible loss of data
     1>StrokesPlusHook.cpp(2187): warning C4244: '=' : conversion from 'lua_Number' to 'LONG', possible loss of data
     1>StrokesPlusHook.cpp(2188): warning C4244: '=' : conversion from 'lua_Number' to 'LONG', possible loss of data
     1>StrokesPlusHook.cpp(2198): warning C4800: 'BOOL' : forcing value to bool 'true' or 'false' (performance warning)
     1>StrokesPlusHook.cpp(2212): warning C4018: '<' : signed/unsigned mismatch
     1>StrokesPlusHook.cpp(2258): warning C4244: '=' : conversion from 'lua_Number' to 'int', possible loss of data
     1>StrokesPlusHook.cpp(2259): warning C4244: '=' : conversion from 'lua_Number' to 'int', possible loss of data
     1>StrokesPlusHook.cpp(2260): warning C4244: '=' : conversion from 'lua_Number' to 'LONG', possible loss of data
     1>StrokesPlusHook.cpp(2261): warning C4244: '=' : conversion from 'lua_Number' to 'LONG', possible loss of data
     1>StrokesPlusHook.cpp(2293): warning C4244: '=' : conversion from 'lua_Number' to 'int', possible loss of data
     1>StrokesPlusHook.cpp(2294): warning C4244: '=' : conversion from 'lua_Number' to 'LONG', possible loss of data
     1>StrokesPlusHook.cpp(2295): warning C4244: '=' : conversion from 'lua_Number' to 'LONG', possible loss of data
     1>StrokesPlusHook.cpp(2335): warning C4995: 'wsprintf': name was marked as #pragma deprecated
     1>StrokesPlusHook.cpp(2335): warning C4995: 'wsprintfA': name was marked as #pragma deprecated
     1>StrokesPlusHook.cpp(2359): warning C4244: '=' : conversion from 'lua_Number' to 'int', possible loss of data
     1>StrokesPlusHook.cpp(2360): warning C4244: '=' : conversion from 'lua_Number' to 'LONG', possible loss of data
     1>StrokesPlusHook.cpp(2361): warning C4244: '=' : conversion from 'lua_Number' to 'LONG', possible loss of data
     1>StrokesPlusHook.cpp(2401): warning C4995: 'wsprintf': name was marked as #pragma deprecated
     1>StrokesPlusHook.cpp(2401): warning C4995: 'wsprintfA': name was marked as #pragma deprecated
     1>StrokesPlusHook.cpp(2418): warning C4244: 'initializing' : conversion from 'lua_Number' to 'int', possible loss of data
     1>StrokesPlusHook.cpp(2436): warning C4244: 'initializing' : conversion from 'lua_Number' to 'int', possible loss of data
     1>StrokesPlusHook.cpp(2478): warning C4244: 'initializing' : conversion from 'lua_Number' to 'int', possible loss of data
     1>StrokesPlusHook.cpp(2527): warning C4244: 'initializing' : conversion from 'lua_Number' to 'int', possible loss of data
     1>StrokesPlusHook.cpp(2577): warning C4244: 'initializing' : conversion from 'lua_Number' to 'int', possible loss of data
     1>StrokesPlusHook.cpp(2625): warning C4244: 'initializing' : conversion from 'lua_Number' to 'int', possible loss of data
     1>StrokesPlusHook.cpp(2629): warning C4244: 'initializing' : conversion from 'lua_Number' to 'int', possible loss of data
     1>StrokesPlusHook.cpp(2679): warning C4244: 'initializing' : conversion from 'lua_Number' to 'int', possible loss of data
     1>StrokesPlusHook.cpp(2683): warning C4244: 'initializing' : conversion from 'lua_Number' to 'int', possible loss of data
     1>StrokesPlusHook.cpp(2748): warning C4244: 'initializing' : conversion from 'lua_Number' to 'int', possible loss of data
     1>StrokesPlusHook.cpp(2752): warning C4244: 'initializing' : conversion from 'lua_Number' to 'int', possible loss of data
     1>StrokesPlusHook.cpp(2854): warning C4244: '=' : conversion from 'lua_Number' to 'int', possible loss of data
     1>StrokesPlusHook.cpp(2855): warning C4244: '=' : conversion from 'lua_Number' to 'int', possible loss of data
     1>StrokesPlusHook.cpp(2989): warning C4244: 'initializing' : conversion from 'lua_Number' to 'int', possible loss of data
     1>StrokesPlusHook.cpp(3010): warning C4244: '=' : conversion from 'lua_Number' to 'int', possible loss of data
     1>StrokesPlusHook.cpp(3025): warning C4244: '=' : conversion from 'lua_Number' to 'int', possible loss of data
     1>StrokesPlusHook.cpp(3026): warning C4244: '=' : conversion from 'lua_Number' to 'LONG', possible loss of data
     1>StrokesPlusHook.cpp(3027): warning C4244: '=' : conversion from 'lua_Number' to 'LONG', possible loss of data
     1>StrokesPlusHook.cpp(3041): warning C4244: 'initializing' : conversion from 'lua_Number' to 'int', possible loss of data
     1>StrokesPlusHook.cpp(3110): warning C4244: '=' : conversion from 'lua_Number' to 'BOOL', possible loss of data
     1>StrokesPlusHook.cpp(3111): warning C4800: 'BOOL' : forcing value to bool 'true' or 'false' (performance warning)
     1>StrokesPlusHook.cpp(3128): warning C4244: '=' : conversion from 'lua_Number' to 'int', possible loss of data
     1>StrokesPlusHook.cpp(3129): warning C4244: '=' : conversion from 'lua_Number' to 'int', possible loss of data
     1>StrokesPlusHook.cpp(3130): warning C4244: '=' : conversion from 'lua_Number' to 'int', possible loss of data
     1>StrokesPlusHook.cpp(3131): warning C4244: '=' : conversion from 'lua_Number' to 'int', possible loss of data
     1>StrokesPlusHook.cpp(3132): warning C4244: '=' : conversion from 'lua_Number' to 'int', possible loss of data
     1>StrokesPlusHook.cpp(3133): warning C4244: '=' : conversion from 'lua_Number' to 'int', possible loss of data
     1>StrokesPlusHook.cpp(3134): warning C4244: '=' : conversion from 'lua_Number' to 'int', possible loss of data
     1>StrokesPlusHook.cpp(3135): warning C4244: '=' : conversion from 'lua_Number' to 'int', possible loss of data
     1>StrokesPlusHook.cpp(3136): warning C4244: '=' : conversion from 'lua_Number' to 'int', possible loss of data
     1>StrokesPlusHook.cpp(3137): warning C4244: '=' : conversion from 'lua_Number' to 'int', possible loss of data
     1>StrokesPlusHook.cpp(3170): warning C4244: '=' : conversion from 'lua_Number' to 'int', possible loss of data
     1>StrokesPlusHook.cpp(3171): warning C4244: '=' : conversion from 'lua_Number' to 'LONG', possible loss of data
     1>StrokesPlusHook.cpp(3172): warning C4244: '=' : conversion from 'lua_Number' to 'LONG', possible loss of data
     1>StrokesPlusHook.cpp(3215): warning C4244: '=' : conversion from 'lua_Number' to 'int', possible loss of data
     1>StrokesPlusHook.cpp(3216): warning C4244: '=' : conversion from 'lua_Number' to 'LONG', possible loss of data
     1>StrokesPlusHook.cpp(3217): warning C4244: '=' : conversion from 'lua_Number' to 'LONG', possible loss of data
     1>StrokesPlusHook.cpp(3233): warning C4996: '_splitpath': This function or variable may be unsafe. Consider using _splitpath_s instead. To disable deprecation, use _CRT_SECURE_NO_WARNINGS. See online help for details.
                 C:\Program Files (x86)\Microsoft Visual Studio 10.0\VC\include\stdlib.h(791) : see declaration of '_splitpath'
     1>StrokesPlusHook.cpp(3235): warning C4995: '_tcscat': name was marked as #pragma deprecated
     1>StrokesPlusHook.cpp(3235): warning C4995: 'strcat': name was marked as #pragma deprecated
     1>StrokesPlusHook.cpp(3235): warning C4996: 'strcat': This function or variable may be unsafe. Consider using strcat_s instead. To disable deprecation, use _CRT_SECURE_NO_WARNINGS. See online help for details.
                 C:\Program Files (x86)\Microsoft Visual Studio 10.0\VC\include\string.h(110) : see declaration of 'strcat'
     1>StrokesPlusHook.cpp(3236): warning C4995: '_tcscat': name was marked as #pragma deprecated
     1>StrokesPlusHook.cpp(3236): warning C4995: 'strcat': name was marked as #pragma deprecated
     1>StrokesPlusHook.cpp(3236): warning C4996: 'strcat': This function or variable may be unsafe. Consider using strcat_s instead. To disable deprecation, use _CRT_SECURE_NO_WARNINGS. See online help for details.
                 C:\Program Files (x86)\Microsoft Visual Studio 10.0\VC\include\string.h(110) : see declaration of 'strcat'
     1>StrokesPlusHook.cpp(3421): warning C4995: '_tcscpy': name was marked as #pragma deprecated
     1>StrokesPlusHook.cpp(3421): warning C4995: 'strcpy': name was marked as #pragma deprecated
     1>StrokesPlusHook.cpp(3421): warning C4996: 'strcpy': This function or variable may be unsafe. Consider using strcpy_s instead. To disable deprecation, use _CRT_SECURE_NO_WARNINGS. See online help for details.
                 C:\Program Files (x86)\Microsoft Visual Studio 10.0\VC\include\string.h(105) : see declaration of 'strcpy'
     1>StrokesPlusHook.cpp(3481): warning C4244: '=' : conversion from 'lua_Number' to 'LONG', possible loss of data
     1>StrokesPlusHook.cpp(3482): warning C4244: '=' : conversion from 'lua_Number' to 'LONG', possible loss of data
     1>StrokesPlusHook.cpp(3498): warning C4244: '=' : conversion from 'lua_Number' to 'LONG', possible loss of data
     1>StrokesPlusHook.cpp(3499): warning C4244: '=' : conversion from 'lua_Number' to 'LONG', possible loss of data
     1>StrokesPlusHook.cpp(3500): warning C4244: '=' : conversion from 'lua_Number' to 'int', possible loss of data
     1>StrokesPlusHook.cpp(3501): warning C4244: '=' : conversion from 'lua_Number' to 'BOOL', possible loss of data
     1>StrokesPlusHook.cpp(3502): warning C4244: '=' : conversion from 'lua_Number' to 'BOOL', possible loss of data
     1>StrokesPlusHook.cpp(3551): warning C4244: '=' : conversion from 'lua_Number' to 'int', possible loss of data
     1>StrokesPlusHook.cpp(3552): warning C4244: '=' : conversion from 'lua_Number' to 'LONG', possible loss of data
     1>StrokesPlusHook.cpp(3553): warning C4244: '=' : conversion from 'lua_Number' to 'LONG', possible loss of data
     1>StrokesPlusHook.cpp(3570): warning C4244: '=' : conversion from 'lua_Number' to 'int', possible loss of data
     1>StrokesPlusHook.cpp(3571): warning C4244: '=' : conversion from 'lua_Number' to 'LONG', possible loss of data
     1>StrokesPlusHook.cpp(3572): warning C4244: '=' : conversion from 'lua_Number' to 'LONG', possible loss of data
     1>StrokesPlusHook.cpp(3589): warning C4244: '=' : conversion from 'lua_Number' to 'int', possible loss of data
     1>StrokesPlusHook.cpp(3590): warning C4244: '=' : conversion from 'lua_Number' to 'LONG', possible loss of data
     1>StrokesPlusHook.cpp(3591): warning C4244: '=' : conversion from 'lua_Number' to 'LONG', possible loss of data
     1>StrokesPlusHook.cpp(3608): warning C4244: '=' : conversion from 'lua_Number' to 'int', possible loss of data
     1>StrokesPlusHook.cpp(3609): warning C4244: '=' : conversion from 'lua_Number' to 'LONG', possible loss of data
     1>StrokesPlusHook.cpp(3610): warning C4244: '=' : conversion from 'lua_Number' to 'LONG', possible loss of data
     1>StrokesPlusHook.cpp(3689): warning C4244: 'initializing' : conversion from 'lua_Number' to 'int', possible loss of data
     1>StrokesPlusHook.cpp(3747): warning C4244: 'initializing' : conversion from 'lua_Number' to 'int', possible loss of data
     1>StrokesPlusHook.cpp(3779): warning C4244: '=' : conversion from 'lua_Number' to 'int', possible loss of data
     1>StrokesPlusHook.cpp(3780): warning C4244: '=' : conversion from 'lua_Number' to 'LONG', possible loss of data
     1>StrokesPlusHook.cpp(3781): warning C4244: '=' : conversion from 'lua_Number' to 'LONG', possible loss of data
     1>StrokesPlusHook.cpp(3803): warning C4244: '=' : conversion from 'lua_Number' to 'int', possible loss of data
     1>StrokesPlusHook.cpp(3804): warning C4244: '=' : conversion from 'lua_Number' to 'LONG', possible loss of data
     1>StrokesPlusHook.cpp(3805): warning C4244: '=' : conversion from 'lua_Number' to 'LONG', possible loss of data
     1>StrokesPlusHook.cpp(3831): warning C4244: '=' : conversion from 'lua_Number' to 'int', possible loss of data
     1>StrokesPlusHook.cpp(3832): warning C4244: '=' : conversion from 'lua_Number' to 'LONG', possible loss of data
     1>StrokesPlusHook.cpp(3833): warning C4244: '=' : conversion from 'lua_Number' to 'LONG', possible loss of data
     1>StrokesPlusHook.cpp(3862): warning C4244: '=' : conversion from 'lua_Number' to 'int', possible loss of data
     1>StrokesPlusHook.cpp(3876): warning C4244: '=' : conversion from 'lua_Number' to 'int', possible loss of data
     1>StrokesPlusHook.cpp(3877): warning C4244: '=' : conversion from 'lua_Number' to 'LONG', possible loss of data
     1>StrokesPlusHook.cpp(3878): warning C4244: '=' : conversion from 'lua_Number' to 'LONG', possible loss of data
     1>StrokesPlusHook.cpp(3879): warning C4244: 'initializing' : conversion from 'lua_Number' to 'int', possible loss of data
     1>StrokesPlusHook.cpp(3880): warning C4244: 'initializing' : conversion from 'lua_Number' to 'int', possible loss of data
     1>StrokesPlusHook.cpp(3900): warning C4244: '=' : conversion from 'lua_Number' to 'int', possible loss of data
     1>StrokesPlusHook.cpp(3901): warning C4244: '=' : conversion from 'lua_Number' to 'LONG', possible loss of data
     1>StrokesPlusHook.cpp(3902): warning C4244: '=' : conversion from 'lua_Number' to 'LONG', possible loss of data
     1>StrokesPlusHook.cpp(3925): warning C4800: 'lua_Number' : forcing value to bool 'true' or 'false' (performance warning)
     1>StrokesPlusHook.cpp(3934): warning C4800: 'BOOL' : forcing value to bool 'true' or 'false' (performance warning)
     1>StrokesPlusHook.cpp(3951): warning C4244: '=' : conversion from 'lua_Number' to 'int', possible loss of data
     1>StrokesPlusHook.cpp(3952): warning C4244: '=' : conversion from 'lua_Number' to 'int', possible loss of data
     1>StrokesPlusHook.cpp(3995): warning C4244: '=' : conversion from 'LONG' to 'WORD', possible loss of data
     1>StrokesPlusHook.cpp(4032): warning C4800: 'lua_Number' : forcing value to bool 'true' or 'false' (performance warning)
     1>StrokesPlusHook.cpp(4033): warning C4244: 'argument' : conversion from 'double' to 'float', possible loss of data
     1>StrokesPlusHook.cpp(4058): warning C4244: 'argument' : conversion from 'float' to 'int', possible loss of data
     1>StrokesPlusHook.cpp(4233): warning C4244: '=' : conversion from 'lua_Number' to 'BOOL', possible loss of data
     1>StrokesPlusHook.cpp(4245): warning C4800: 'BOOL' : forcing value to bool 'true' or 'false' (performance warning)
     1>StrokesPlusHook.cpp(4313): warning C4244: '=' : conversion from 'lua_Number' to 'int', possible loss of data
     1>StrokesPlusHook.cpp(4314): warning C4244: '=' : conversion from 'lua_Number' to 'LONG', possible loss of data
     1>StrokesPlusHook.cpp(4315): warning C4244: '=' : conversion from 'lua_Number' to 'LONG', possible loss of data
     1>StrokesPlusHook.cpp(4361): warning C4244: '=' : conversion from 'lua_Number' to 'UINT', possible loss of data
     1>StrokesPlusHook.cpp(4382): warning C4244: '=' : conversion from 'lua_Number' to 'int', possible loss of data
     1>StrokesPlusHook.cpp(4383): warning C4244: '=' : conversion from 'lua_Number' to 'LONG', possible loss of data
     1>StrokesPlusHook.cpp(4384): warning C4244: '=' : conversion from 'lua_Number' to 'LONG', possible loss of data
     1>StrokesPlusHook.cpp(4385): warning C4244: 'initializing' : conversion from 'lua_Number' to 'int', possible loss of data
     1>StrokesPlusHook.cpp(4386): warning C4244: 'initializing' : conversion from 'lua_Number' to 'int', possible loss of data
     1>StrokesPlusHook.cpp(4409): warning C4244: '=' : conversion from 'lua_Number' to 'int', possible loss of data
     1>StrokesPlusHook.cpp(4410): warning C4244: '=' : conversion from 'lua_Number' to 'LONG', possible loss of data
     1>StrokesPlusHook.cpp(4411): warning C4244: '=' : conversion from 'lua_Number' to 'LONG', possible loss of data
     1>StrokesPlusHook.cpp(4432): warning C4244: '=' : conversion from 'lua_Number' to 'int', possible loss of data
     1>StrokesPlusHook.cpp(4433): warning C4244: '=' : conversion from 'lua_Number' to 'LONG', possible loss of data
     1>StrokesPlusHook.cpp(4434): warning C4244: '=' : conversion from 'lua_Number' to 'LONG', possible loss of data
     1>StrokesPlusHook.cpp(4435): warning C4244: '=' : conversion from 'lua_Number' to 'int', possible loss of data
     1>StrokesPlusHook.cpp(4465): warning C4244: '=' : conversion from 'lua_Number' to 'int', possible loss of data
     1>StrokesPlusHook.cpp(4466): warning C4244: '=' : conversion from 'lua_Number' to 'LONG', possible loss of data
     1>StrokesPlusHook.cpp(4467): warning C4244: '=' : conversion from 'lua_Number' to 'LONG', possible loss of data
     1>StrokesPlusHook.cpp(4487): warning C4244: '=' : conversion from 'lua_Number' to 'LONG', possible loss of data
     1>StrokesPlusHook.cpp(4488): warning C4244: '=' : conversion from 'lua_Number' to 'LONG', possible loss of data
     1>StrokesPlusHook.cpp(4500): warning C4244: '=' : conversion from 'lua_Number' to 'LONG', possible loss of data
     1>StrokesPlusHook.cpp(4501): warning C4244: '=' : conversion from 'lua_Number' to 'LONG', possible loss of data
     1>StrokesPlusHook.cpp(4513): warning C4244: '=' : conversion from 'lua_Number' to 'LONG', possible loss of data
     1>StrokesPlusHook.cpp(4514): warning C4244: '=' : conversion from 'lua_Number' to 'LONG', possible loss of data
     1>StrokesPlusHook.cpp(4528): warning C4244: '=' : conversion from 'lua_Number' to 'int', possible loss of data
     1>StrokesPlusHook.cpp(4529): warning C4244: '=' : conversion from 'lua_Number' to 'LONG', possible loss of data
     1>StrokesPlusHook.cpp(4530): warning C4244: '=' : conversion from 'lua_Number' to 'LONG', possible loss of data
     1>StrokesPlusHook.cpp(4531): warning C4244: '=' : conversion from 'lua_Number' to 'DWORD', possible loss of data
     1>StrokesPlusHook.cpp(4562): warning C4244: '=' : conversion from 'lua_Number' to 'int', possible loss of data
     1>StrokesPlusHook.cpp(4563): warning C4244: '=' : conversion from 'lua_Number' to 'LONG', possible loss of data
     1>StrokesPlusHook.cpp(4564): warning C4244: '=' : conversion from 'lua_Number' to 'LONG', possible loss of data
     1>StrokesPlusHook.cpp(4592): warning C4244: '=' : conversion from 'lua_Number' to 'int', possible loss of data
     1>StrokesPlusHook.cpp(4593): warning C4244: '=' : conversion from 'lua_Number' to 'LONG', possible loss of data
     1>StrokesPlusHook.cpp(4594): warning C4244: '=' : conversion from 'lua_Number' to 'LONG', possible loss of data
     1>StrokesPlusHook.cpp(4614): warning C4244: '=' : conversion from 'lua_Number' to 'int', possible loss of data
     1>StrokesPlusHook.cpp(4615): warning C4244: '=' : conversion from 'lua_Number' to 'LONG', possible loss of data
     1>StrokesPlusHook.cpp(4616): warning C4244: '=' : conversion from 'lua_Number' to 'LONG', possible loss of data
     1>StrokesPlusHook.cpp(4633): warning C4244: '=' : conversion from 'lua_Number' to 'int', possible loss of data
     1>StrokesPlusHook.cpp(4634): warning C4244: '=' : conversion from 'lua_Number' to 'LONG', possible loss of data
     1>StrokesPlusHook.cpp(4635): warning C4244: '=' : conversion from 'lua_Number' to 'LONG', possible loss of data
     1>StrokesPlusHook.cpp(4651): warning C4244: '=' : conversion from 'lua_Number' to 'int', possible loss of data
     1>StrokesPlusHook.cpp(4665): warning C4244: '=' : conversion from 'lua_Number' to 'int', possible loss of data
     1>StrokesPlusHook.cpp(4666): warning C4244: '=' : conversion from 'lua_Number' to 'LONG', possible loss of data
     1>StrokesPlusHook.cpp(4667): warning C4244: '=' : conversion from 'lua_Number' to 'LONG', possible loss of data
     1>StrokesPlusHook.cpp(4668): warning C4800: 'lua_Number' : forcing value to bool 'true' or 'false' (performance warning)
     1>StrokesPlusHook.cpp(4745): warning C4244: '=' : conversion from 'lua_Number' to 'int', possible loss of data
     1>StrokesPlusHook.cpp(4746): warning C4244: '=' : conversion from 'lua_Number' to 'LONG', possible loss of data
     1>StrokesPlusHook.cpp(4747): warning C4244: '=' : conversion from 'lua_Number' to 'LONG', possible loss of data
     1>StrokesPlusHook.cpp(4748): warning C4800: 'lua_Number' : forcing value to bool 'true' or 'false' (performance warning)
     1>StrokesPlusHook.cpp(4749): warning C4244: '=' : conversion from 'lua_Number' to 'BYTE', possible loss of data
     1>StrokesPlusHook.cpp(4750): warning C4244: '=' : conversion from 'lua_Number' to 'BYTE', possible loss of data
     1>StrokesPlusHook.cpp(4751): warning C4244: '=' : conversion from 'lua_Number' to 'BYTE', possible loss of data
     1>StrokesPlusHook.cpp(4782): warning C4244: 'argument' : conversion from 'double' to 'BYTE', possible loss of data
     1>StrokesPlusHook.cpp(4792): warning C4244: '=' : conversion from 'lua_Number' to 'int', possible loss of data
     1>StrokesPlusHook.cpp(4793): warning C4244: '=' : conversion from 'lua_Number' to 'LONG', possible loss of data
     1>StrokesPlusHook.cpp(4794): warning C4244: '=' : conversion from 'lua_Number' to 'LONG', possible loss of data
     1>StrokesPlusHook.cpp(4795): warning C4244: '=' : conversion from 'lua_Number' to 'int', possible loss of data
     1>StrokesPlusHook.cpp(4828): warning C4244: '=' : conversion from 'lua_Number' to 'int', possible loss of data
     1>StrokesPlusHook.cpp(4829): warning C4244: '=' : conversion from 'lua_Number' to 'LONG', possible loss of data
     1>StrokesPlusHook.cpp(4830): warning C4244: '=' : conversion from 'lua_Number' to 'LONG', possible loss of data
     1>StrokesPlusHook.cpp(4831): warning C4244: '=' : conversion from 'lua_Number' to 'int', possible loss of data
     1>StrokesPlusHook.cpp(4832): warning C4244: '=' : conversion from 'lua_Number' to 'BYTE', possible loss of data
     1>StrokesPlusHook.cpp(4833): warning C4244: '=' : conversion from 'lua_Number' to 'BYTE', possible loss of data
     1>StrokesPlusHook.cpp(4834): warning C4244: '=' : conversion from 'lua_Number' to 'BYTE', possible loss of data
     1>StrokesPlusHook.cpp(4873): warning C4244: '=' : conversion from 'lua_Number' to 'int', possible loss of data
     1>StrokesPlusHook.cpp(4874): warning C4244: '=' : conversion from 'lua_Number' to 'LONG', possible loss of data
     1>StrokesPlusHook.cpp(4875): warning C4244: '=' : conversion from 'lua_Number' to 'LONG', possible loss of data
     1>StrokesPlusHook.cpp(4894): warning C4244: '=' : conversion from 'lua_Number' to 'int', possible loss of data
     1>StrokesPlusHook.cpp(4895): warning C4244: '=' : conversion from 'lua_Number' to 'LONG', possible loss of data
     1>StrokesPlusHook.cpp(4896): warning C4244: '=' : conversion from 'lua_Number' to 'LONG', possible loss of data
     1>StrokesPlusHook.cpp(4915): warning C4244: '=' : conversion from 'lua_Number' to 'int', possible loss of data
     1>StrokesPlusHook.cpp(4916): warning C4244: '=' : conversion from 'lua_Number' to 'LONG', possible loss of data
     1>StrokesPlusHook.cpp(4917): warning C4244: '=' : conversion from 'lua_Number' to 'LONG', possible loss of data
     1>StrokesPlusHook.cpp(4936): warning C4244: '=' : conversion from 'lua_Number' to 'int', possible loss of data
     1>StrokesPlusHook.cpp(4937): warning C4244: '=' : conversion from 'lua_Number' to 'LONG', possible loss of data
     1>StrokesPlusHook.cpp(4938): warning C4244: '=' : conversion from 'lua_Number' to 'LONG', possible loss of data
     1>StrokesPlusHook.cpp(4956): warning C4244: '=' : conversion from 'lua_Number' to 'LONG', possible loss of data
     1>StrokesPlusHook.cpp(4957): warning C4244: '=' : conversion from 'lua_Number' to 'LONG', possible loss of data
     1>StrokesPlusHook.cpp(4986): warning C4244: '=' : conversion from 'lua_Number' to 'LONG', possible loss of data
     1>StrokesPlusHook.cpp(4987): warning C4244: '=' : conversion from 'lua_Number' to 'LONG', possible loss of data
     1>StrokesPlusHook.cpp(5016): warning C4244: '=' : conversion from 'lua_Number' to 'LONG', possible loss of data
     1>StrokesPlusHook.cpp(5017): warning C4244: '=' : conversion from 'lua_Number' to 'LONG', possible loss of data
     1>StrokesPlusHook.cpp(5115): warning C4244: '=' : conversion from 'lua_Number' to 'int', possible loss of data
     1>StrokesPlusHook.cpp(5116): warning C4244: '=' : conversion from 'lua_Number' to 'LONG', possible loss of data
     1>StrokesPlusHook.cpp(5117): warning C4244: '=' : conversion from 'lua_Number' to 'LONG', possible loss of data
     1>StrokesPlusHook.cpp(5118): warning C4244: '=' : conversion from 'lua_Number' to 'BOOL', possible loss of data
     1>StrokesPlusHook.cpp(5134): warning C4244: '=' : conversion from 'lua_Number' to 'int', possible loss of data
     1>StrokesPlusHook.cpp(5135): warning C4244: '=' : conversion from 'lua_Number' to 'LONG', possible loss of data
     1>StrokesPlusHook.cpp(5136): warning C4244: '=' : conversion from 'lua_Number' to 'LONG', possible loss of data
     1>StrokesPlusHook.cpp(5137): warning C4244: '=' : conversion from 'lua_Number' to 'BOOL', possible loss of data
     1>StrokesPlusHook.cpp(5153): warning C4244: '=' : conversion from 'lua_Number' to 'int', possible loss of data
     1>StrokesPlusHook.cpp(5154): warning C4244: '=' : conversion from 'lua_Number' to 'LONG', possible loss of data
     1>StrokesPlusHook.cpp(5155): warning C4244: '=' : conversion from 'lua_Number' to 'LONG', possible loss of data
     1>StrokesPlusHook.cpp(5156): warning C4244: '=' : conversion from 'lua_Number' to 'BOOL', possible loss of data
     1>StrokesPlusHook.cpp(5171): warning C4244: '=' : conversion from 'lua_Number' to 'int', possible loss of data
     1>StrokesPlusHook.cpp(5172): warning C4244: '=' : conversion from 'lua_Number' to 'LONG', possible loss of data
     1>StrokesPlusHook.cpp(5173): warning C4244: '=' : conversion from 'lua_Number' to 'LONG', possible loss of data
     1>StrokesPlusHook.cpp(5187): warning C4244: '=' : conversion from 'lua_Number' to 'LONG', possible loss of data
     1>StrokesPlusHook.cpp(5188): warning C4244: '=' : conversion from 'lua_Number' to 'LONG', possible loss of data
     1>StrokesPlusHook.cpp(5222): warning C4244: 'initializing' : conversion from 'lua_Number' to 'int', possible loss of data
     1>StrokesPlusHook.cpp(5223): warning C4244: 'initializing' : conversion from 'lua_Number' to 'int', possible loss of data
     1>StrokesPlusHook.cpp(5224): warning C4244: 'initializing' : conversion from 'lua_Number' to 'int', possible loss of data
     1>StrokesPlusHook.cpp(5268): warning C4244: '=' : conversion from 'lua_Number' to 'LONG', possible loss of data
     1>StrokesPlusHook.cpp(5269): warning C4244: '=' : conversion from 'lua_Number' to 'LONG', possible loss of data
     1>StrokesPlusHook.cpp(5270): warning C4244: '=' : conversion from 'lua_Number' to 'LONG', possible loss of data
     1>StrokesPlusHook.cpp(5271): warning C4244: '=' : conversion from 'lua_Number' to 'int', possible loss of data
     1>StrokesPlusHook.cpp(5341): warning C4244: '=' : conversion from 'lua_Number' to 'LONG', possible loss of data
     1>StrokesPlusHook.cpp(5342): warning C4244: '=' : conversion from 'lua_Number' to 'LONG', possible loss of data
     1>StrokesPlusHook.cpp(5343): warning C4244: '=' : conversion from 'lua_Number' to 'LONG', possible loss of data
     1>StrokesPlusHook.cpp(5344): warning C4244: '=' : conversion from 'lua_Number' to 'LONG', possible loss of data
     1>StrokesPlusHook.cpp(5404): warning C4244: '=' : conversion from 'lua_Number' to 'LONG', possible loss of data
     1>StrokesPlusHook.cpp(5440): warning C4244: '=' : conversion from 'lua_Number' to 'LONG', possible loss of data
     1>StrokesPlusHook.cpp(5441): warning C4244: '=' : conversion from 'lua_Number' to 'BOOL', possible loss of data
     1>StrokesPlusHook.cpp(5459): warning C4244: '=' : conversion from 'lua_Number' to 'LONG', possible loss of data
     1>StrokesPlusHook.cpp(5460): warning C4244: '=' : conversion from 'lua_Number' to 'BOOL', possible loss of data
     1>StrokesPlusHook.cpp(5478): warning C4244: '=' : conversion from 'lua_Number' to 'LONG', possible loss of data
     1>StrokesPlusHook.cpp(5479): warning C4244: '=' : conversion from 'lua_Number' to 'BOOL', possible loss of data
     1>StrokesPlusHook.cpp(5497): warning C4244: '=' : conversion from 'lua_Number' to 'LONG', possible loss of data
     1>StrokesPlusHook.cpp(5498): warning C4244: '=' : conversion from 'lua_Number' to 'BOOL', possible loss of data
     1>StrokesPlusHook.cpp(5516): warning C4244: '=' : conversion from 'lua_Number' to 'int', possible loss of data
     1>StrokesPlusHook.cpp(5517): warning C4244: '=' : conversion from 'lua_Number' to 'LONG', possible loss of data
     1>StrokesPlusHook.cpp(5518): warning C4244: '=' : conversion from 'lua_Number' to 'LONG', possible loss of data
     1>StrokesPlusHook.cpp(5532): warning C4244: '=' : conversion from 'lua_Number' to 'int', possible loss of data
     1>StrokesPlusHook.cpp(5533): warning C4244: '=' : conversion from 'lua_Number' to 'LONG', possible loss of data
     1>StrokesPlusHook.cpp(5534): warning C4244: '=' : conversion from 'lua_Number' to 'LONG', possible loss of data
     1>StrokesPlusHook.cpp(5549): warning C4244: '=' : conversion from 'lua_Number' to 'int', possible loss of data
     1>StrokesPlusHook.cpp(5550): warning C4244: '=' : conversion from 'lua_Number' to 'LONG', possible loss of data
     1>StrokesPlusHook.cpp(5551): warning C4244: '=' : conversion from 'lua_Number' to 'LONG', possible loss of data
     1>StrokesPlusHook.cpp(5552): warning C4244: '=' : conversion from 'lua_Number' to 'LONG', possible loss of data
     1>StrokesPlusHook.cpp(5566): warning C4244: '=' : conversion from 'lua_Number' to 'int', possible loss of data
     1>StrokesPlusHook.cpp(5567): warning C4244: '=' : conversion from 'lua_Number' to 'LONG', possible loss of data
     1>StrokesPlusHook.cpp(5568): warning C4244: '=' : conversion from 'lua_Number' to 'LONG', possible loss of data
     1>StrokesPlusHook.cpp(5636): warning C4018: '<' : signed/unsigned mismatch
     1>StrokesPlusHook.cpp(5854): warning C4244: 'initializing' : conversion from 'lua_Number' to 'int', possible loss of data
     1>StrokesPlusHook.cpp(5868): warning C4244: 'initializing' : conversion from 'lua_Number' to 'int', possible loss of data
     1>StrokesPlusHook.cpp(5943): warning C4018: '<' : signed/unsigned mismatch
     1>StrokesPlusHook.cpp(5969): warning C4018: '<' : signed/unsigned mismatch
     1>StrokesPlusHook.cpp(5991): warning C4244: '=' : conversion from 'FLOAT' to 'int', possible loss of data
     1>StrokesPlusHook.cpp(5992): warning C4244: '=' : conversion from 'FLOAT' to 'int', possible loss of data
     1>StrokesPlusHook.cpp(5993): warning C4244: '=' : conversion from 'FLOAT' to 'int', possible loss of data
     1>StrokesPlusHook.cpp(5994): warning C4244: '=' : conversion from 'FLOAT' to 'int', possible loss of data
     1>StrokesPlusHook.cpp(6000): warning C4018: '<' : signed/unsigned mismatch
     1>StrokesPlusHook.cpp(6007): warning C4244: '=' : conversion from 'FLOAT' to 'int', possible loss of data
     1>StrokesPlusHook.cpp(6009): warning C4244: '=' : conversion from 'FLOAT' to 'int', possible loss of data
     1>StrokesPlusHook.cpp(6011): warning C4244: '=' : conversion from 'FLOAT' to 'int', possible loss of data
     1>StrokesPlusHook.cpp(6013): warning C4244: '=' : conversion from 'FLOAT' to 'int', possible loss of data
     1>StrokesPlusHook.cpp(6114): warning C4244: 'initializing' : conversion from 'lua_Number' to 'int', possible loss of data
     1>StrokesPlusHook.cpp(6176): warning C4018: '<' : signed/unsigned mismatch
     1>StrokesPlusHook.cpp(6261): warning C4996: '_splitpath': This function or variable may be unsafe. Consider using _splitpath_s instead. To disable deprecation, use _CRT_SECURE_NO_WARNINGS. See online help for details.
                 C:\Program Files (x86)\Microsoft Visual Studio 10.0\VC\include\stdlib.h(791) : see declaration of '_splitpath'
     1>StrokesPlusHook.cpp(6262): warning C4995: '_tcscat': name was marked as #pragma deprecated
     1>StrokesPlusHook.cpp(6262): warning C4995: 'strcat': name was marked as #pragma deprecated
     1>StrokesPlusHook.cpp(6262): warning C4996: 'strcat': This function or variable may be unsafe. Consider using strcat_s instead. To disable deprecation, use _CRT_SECURE_NO_WARNINGS. See online help for details.
                 C:\Program Files (x86)\Microsoft Visual Studio 10.0\VC\include\string.h(110) : see declaration of 'strcat'
     1>StrokesPlusHook.cpp(6263): warning C4995: '_tcscat': name was marked as #pragma deprecated
     1>StrokesPlusHook.cpp(6263): warning C4995: 'strcat': name was marked as #pragma deprecated
     1>StrokesPlusHook.cpp(6263): warning C4996: 'strcat': This function or variable may be unsafe. Consider using strcat_s instead. To disable deprecation, use _CRT_SECURE_NO_WARNINGS. See online help for details.
                 C:\Program Files (x86)\Microsoft Visual Studio 10.0\VC\include\string.h(110) : see declaration of 'strcat'
     1>StrokesPlusHook.cpp(6265): warning C4995: '_tcscat': name was marked as #pragma deprecated
     1>StrokesPlusHook.cpp(6265): warning C4995: 'strcat': name was marked as #pragma deprecated
     1>StrokesPlusHook.cpp(6265): warning C4996: 'strcat': This function or variable may be unsafe. Consider using strcat_s instead. To disable deprecation, use _CRT_SECURE_NO_WARNINGS. See online help for details.
                 C:\Program Files (x86)\Microsoft Visual Studio 10.0\VC\include\string.h(110) : see declaration of 'strcat'
     1>StrokesPlusHook.cpp(6266): warning C4995: '_tcscat': name was marked as #pragma deprecated
     1>StrokesPlusHook.cpp(6266): warning C4995: 'strcat': name was marked as #pragma deprecated
     1>StrokesPlusHook.cpp(6266): warning C4996: 'strcat': This function or variable may be unsafe. Consider using strcat_s instead. To disable deprecation, use _CRT_SECURE_NO_WARNINGS. See online help for details.
                 C:\Program Files (x86)\Microsoft Visual Studio 10.0\VC\include\string.h(110) : see declaration of 'strcat'
     1>StrokesPlusHook.cpp(6636): warning C4018: '<' : signed/unsigned mismatch
     1>StrokesPlusHook.cpp(6640): warning C4018: '<' : signed/unsigned mismatch
     1>StrokesPlusHook.cpp(6648): warning C4018: '<' : signed/unsigned mismatch
     1>StrokesPlusHook.cpp(6696): warning C4244: 'initializing' : conversion from 'lua_Number' to 'int', possible loss of data
     1>StrokesPlusHook.cpp(6760): warning C4244: 'initializing' : conversion from 'lua_Number' to 'int', possible loss of data
     1>StrokesPlusHook.cpp(6835): warning C4244: 'initializing' : conversion from 'lua_Number' to 'int', possible loss of data
     1>StrokesPlusHook.cpp(6887): warning C4244: 'initializing' : conversion from 'lua_Number' to 'int', possible loss of data
     1>StrokesPlusHook.cpp(6990): warning C4244: '=' : conversion from 'float' to 'LONG', possible loss of data
     1>StrokesPlusHook.cpp(6991): warning C4244: '=' : conversion from 'float' to 'LONG', possible loss of data
     1>StrokesPlusHook.cpp(7081): warning C4244: 'initializing' : conversion from 'lua_Number' to 'int', possible loss of data
     1>StrokesPlusHook.cpp(7122): warning C4244: 'initializing' : conversion from 'lua_Number' to 'int', possible loss of data
     1>StrokesPlusHook.cpp(7175): warning C4244: 'initializing' : conversion from 'lua_Number' to 'int', possible loss of data
     1>StrokesPlusHook.cpp(7213): warning C4244: 'argument' : conversion from 'FLOAT' to 'int', possible loss of data
     1>StrokesPlusHook.cpp(7213): warning C4244: 'argument' : conversion from 'FLOAT' to 'int', possible loss of data
     1>StrokesPlusHook.cpp(7214): warning C4244: 'argument' : conversion from 'FLOAT' to 'int', possible loss of data
     1>StrokesPlusHook.cpp(7214): warning C4244: 'argument' : conversion from 'FLOAT' to 'int', possible loss of data
     1>StrokesPlusHook.cpp(7399): warning C4800: 'BOOL' : forcing value to bool 'true' or 'false' (performance warning)
     1>StrokesPlusHook.cpp(8056): warning C4018: '>=' : signed/unsigned mismatch
     1>StrokesPlusHook.cpp(8059): warning C4244: 'argument' : conversion from 'FLOAT' to 'int', possible loss of data
     1>StrokesPlusHook.cpp(8059): warning C4244: 'argument' : conversion from 'FLOAT' to 'int', possible loss of data
     1>StrokesPlusHook.cpp(8060): warning C4244: 'argument' : conversion from 'FLOAT' to 'int', possible loss of data
     1>StrokesPlusHook.cpp(8060): warning C4244: 'argument' : conversion from 'FLOAT' to 'int', possible loss of data
     1>StrokesPlusHook.cpp(9042): warning C4996: '_tcsncpy': This function or variable may be unsafe. Consider using _tcsncpy_s instead. To disable deprecation, use _CRT_SECURE_NO_WARNINGS. See online help for details.
                 C:\Program Files (x86)\Microsoft Visual Studio 10.0\VC\include\tchar.h(1516) : see declaration of '_tcsncpy'
     1>StrokesPlusHook.cpp(9641): warning C4244: '=' : conversion from 'float' to 'long', possible loss of data
     1>StrokesPlusHook.cpp(9642): warning C4244: '=' : conversion from 'float' to 'long', possible loss of data
     1>StrokesPlusHook.cpp(9964): warning C4101: 'e' : unreferenced local variable
     1>StrokesPlusHook.cpp(10101): warning C4800: 'int' : forcing value to bool 'true' or 'false' (performance warning)
     1>StrokesPlusHook.cpp(10103): warning C4800: 'int' : forcing value to bool 'true' or 'false' (performance warning)
     1>StrokesPlusHook.cpp(10107): warning C4800: 'int' : forcing value to bool 'true' or 'false' (performance warning)
     1>StrokesPlusHook.cpp(10110): warning C4800: 'int' : forcing value to bool 'true' or 'false' (performance warning)
     1>StrokesPlusHook.cpp(10111): warning C4800: 'int' : forcing value to bool 'true' or 'false' (performance warning)
     1>StrokesPlusHook.cpp(10112): warning C4800: 'int' : forcing value to bool 'true' or 'false' (performance warning)
     1>StrokesPlusHook.cpp(10117): warning C4800: 'int' : forcing value to bool 'true' or 'false' (performance warning)
     1>StrokesPlusHook.cpp(10118): warning C4800: 'int' : forcing value to bool 'true' or 'false' (performance warning)
     1>StrokesPlusHook.cpp(10119): warning C4800: 'int' : forcing value to bool 'true' or 'false' (performance warning)
     1>StrokesPlusHook.cpp(10120): warning C4800: 'int' : forcing value to bool 'true' or 'false' (performance warning)
     1>StrokesPlusHook.cpp(10121): warning C4800: 'int' : forcing value to bool 'true' or 'false' (performance warning)
     1>StrokesPlusHook.cpp(10122): warning C4800: 'int' : forcing value to bool 'true' or 'false' (performance warning)
     1>StrokesPlusHook.cpp(10123): warning C4800: 'int' : forcing value to bool 'true' or 'false' (performance warning)
     1>StrokesPlusHook.cpp(10124): warning C4800: 'int' : forcing value to bool 'true' or 'false' (performance warning)
     1>StrokesPlusHook.cpp(10128): warning C4800: 'int' : forcing value to bool 'true' or 'false' (performance warning)
     1>StrokesPlusHook.cpp(10129): warning C4800: 'int' : forcing value to bool 'true' or 'false' (performance warning)
     1>StrokesPlusHook.cpp(10130): warning C4800: 'int' : forcing value to bool 'true' or 'false' (performance warning)
     1>StrokesPlusHook.cpp(10132): warning C4800: 'int' : forcing value to bool 'true' or 'false' (performance warning)
     1>StrokesPlusHook.cpp(10133): warning C4800: 'int' : forcing value to bool 'true' or 'false' (performance warning)
     1>StrokesPlusHook.cpp(10134): warning C4800: 'int' : forcing value to bool 'true' or 'false' (performance warning)
     1>StrokesPlusHook.cpp(10136): warning C4800: 'int' : forcing value to bool 'true' or 'false' (performance warning)
     1>StrokesPlusHook.cpp(10139): warning C4800: 'int' : forcing value to bool 'true' or 'false' (performance warning)
     1>StrokesPlusHook.cpp(10140): warning C4800: 'int' : forcing value to bool 'true' or 'false' (performance warning)
     1>StrokesPlusHook.cpp(10141): warning C4800: 'int' : forcing value to bool 'true' or 'false' (performance warning)
     1>StrokesPlusHook.cpp(10142): warning C4800: 'int' : forcing value to bool 'true' or 'false' (performance warning)
     1>StrokesPlusHook.cpp(10143): warning C4800: 'int' : forcing value to bool 'true' or 'false' (performance warning)
     1>StrokesPlusHook.cpp(10176): warning C4800: 'int' : forcing value to bool 'true' or 'false' (performance warning)
     1>StrokesPlusHook.cpp(10177): warning C4800: 'int' : forcing value to bool 'true' or 'false' (performance warning)
     1>StrokesPlusHook.cpp(10253): warning C4800: 'long' : forcing value to bool 'true' or 'false' (performance warning)
     1>StrokesPlusHook.cpp(10016): warning C4101: 'e' : unreferenced local variable
     1>StrokesPlusHook.cpp(10073): warning C4101: 'e' : unreferenced local variable
     1>StrokesPlusHook.cpp(10196): warning C4101: 'e' : unreferenced local variable
     1>StrokesPlusHook.cpp(10583): warning C4996: '_splitpath': This function or variable may be unsafe. Consider using _splitpath_s instead. To disable deprecation, use _CRT_SECURE_NO_WARNINGS. See online help for details.
                 C:\Program Files (x86)\Microsoft Visual Studio 10.0\VC\include\stdlib.h(791) : see declaration of '_splitpath'
     1>StrokesPlusHook.cpp(10585): warning C4995: '_tcscat': name was marked as #pragma deprecated
     1>StrokesPlusHook.cpp(10585): warning C4995: 'strcat': name was marked as #pragma deprecated
     1>StrokesPlusHook.cpp(10585): warning C4996: 'strcat': This function or variable may be unsafe. Consider using strcat_s instead. To disable deprecation, use _CRT_SECURE_NO_WARNINGS. See online help for details.
                 C:\Program Files (x86)\Microsoft Visual Studio 10.0\VC\include\string.h(110) : see declaration of 'strcat'
     1>StrokesPlusHook.cpp(10586): warning C4995: '_tcscat': name was marked as #pragma deprecated
     1>StrokesPlusHook.cpp(10586): warning C4995: 'strcat': name was marked as #pragma deprecated
     1>StrokesPlusHook.cpp(10586): warning C4996: 'strcat': This function or variable may be unsafe. Consider using strcat_s instead. To disable deprecation, use _CRT_SECURE_NO_WARNINGS. See online help for details.
                 C:\Program Files (x86)\Microsoft Visual Studio 10.0\VC\include\string.h(110) : see declaration of 'strcat'
     1>StrokesPlusHook.cpp(10761): warning C4018: '<' : signed/unsigned mismatch
     1>StrokesPlusHook.cpp(10792): warning C4018: '<' : signed/unsigned mismatch
     1>StrokesPlusHook.cpp(10816): warning C4018: '<' : signed/unsigned mismatch
     1>StrokesPlusHook.cpp(10818): warning C4995: '_tcscpy': name was marked as #pragma deprecated
     1>StrokesPlusHook.cpp(10818): warning C4995: 'strcpy': name was marked as #pragma deprecated
     1>StrokesPlusHook.cpp(10818): warning C4996: 'strcpy': This function or variable may be unsafe. Consider using strcpy_s instead. To disable deprecation, use _CRT_SECURE_NO_WARNINGS. See online help for details.
                 C:\Program Files (x86)\Microsoft Visual Studio 10.0\VC\include\string.h(105) : see declaration of 'strcpy'
     1>StrokesPlusHook.cpp(10822): warning C4018: '<' : signed/unsigned mismatch
     1>StrokesPlusHook.cpp(10867): warning C4244: 'argument' : conversion from 'int' to 'Gdiplus::REAL', possible loss of data
     1>StrokesPlusHook.cpp(10980): warning C4244: 'argument' : conversion from 'int' to 'Gdiplus::REAL', possible loss of data
     1>StrokesPlusHook.cpp(10985): warning C4244: 'argument' : conversion from 'double' to 'int', possible loss of data
     1>StrokesPlusHook.cpp(10985): warning C4244: 'argument' : conversion from 'double' to 'int', possible loss of data
     1>StrokesPlusHook.cpp(10989): warning C4018: '<' : signed/unsigned mismatch
     1>StrokesPlusHook.cpp(10990): warning C4244: '=' : conversion from 'double' to 'Gdiplus::REAL', possible loss of data
     1>StrokesPlusHook.cpp(10991): warning C4244: '=' : conversion from 'double' to 'Gdiplus::REAL', possible loss of data
     1>StrokesPlusHook.cpp(11312): warning C4995: '_tcscpy': name was marked as #pragma deprecated
     1>StrokesPlusHook.cpp(11312): warning C4995: 'strcpy': name was marked as #pragma deprecated
     1>StrokesPlusHook.cpp(11312): warning C4996: 'strcpy': This function or variable may be unsafe. Consider using strcpy_s instead. To disable deprecation, use _CRT_SECURE_NO_WARNINGS. See online help for details.
                 C:\Program Files (x86)\Microsoft Visual Studio 10.0\VC\include\string.h(105) : see declaration of 'strcpy'
     1>StrokesPlusHook.cpp(11331): warning C4995: '_tcscpy': name was marked as #pragma deprecated
     1>StrokesPlusHook.cpp(11331): warning C4995: 'strcpy': name was marked as #pragma deprecated
     1>StrokesPlusHook.cpp(11331): warning C4996: 'strcpy': This function or variable may be unsafe. Consider using strcpy_s instead. To disable deprecation, use _CRT_SECURE_NO_WARNINGS. See online help for details.
                 C:\Program Files (x86)\Microsoft Visual Studio 10.0\VC\include\string.h(105) : see declaration of 'strcpy'
     1>StrokesPlusHook.cpp(11336): warning C4018: '<' : signed/unsigned mismatch
     1>StrokesPlusHook.cpp(11359): warning C4995: '_tcscpy': name was marked as #pragma deprecated
     1>StrokesPlusHook.cpp(11359): warning C4995: 'strcpy': name was marked as #pragma deprecated
     1>StrokesPlusHook.cpp(11359): warning C4996: 'strcpy': This function or variable may be unsafe. Consider using strcpy_s instead. To disable deprecation, use _CRT_SECURE_NO_WARNINGS. See online help for details.
                 C:\Program Files (x86)\Microsoft Visual Studio 10.0\VC\include\string.h(105) : see declaration of 'strcpy'
     1>StrokesPlusHook.cpp(11375): warning C4995: '_tcscpy': name was marked as #pragma deprecated
     1>StrokesPlusHook.cpp(11375): warning C4995: 'strcpy': name was marked as #pragma deprecated
     1>StrokesPlusHook.cpp(11375): warning C4996: 'strcpy': This function or variable may be unsafe. Consider using strcpy_s instead. To disable deprecation, use _CRT_SECURE_NO_WARNINGS. See online help for details.
                 C:\Program Files (x86)\Microsoft Visual Studio 10.0\VC\include\string.h(105) : see declaration of 'strcpy'
     1>StrokesPlusHook.cpp(11380): warning C4018: '<' : signed/unsigned mismatch
     1>StrokesPlusHook.cpp(11590): warning C4002: too many actual parameters for macro 'TreeView_GetNextVisible'
     1>StrokesPlusHook.cpp(11672): warning C4244: '=' : conversion from 'float' to 'LONG', possible loss of data
     1>StrokesPlusHook.cpp(11673): warning C4244: '=' : conversion from 'float' to 'LONG', possible loss of data
     1>StrokesPlusHook.cpp(11771): warning C4244: '=' : conversion from 'float' to 'LONG', possible loss of data
     1>StrokesPlusHook.cpp(11772): warning C4244: '=' : conversion from 'float' to 'LONG', possible loss of data
     1>StrokesPlusHook.cpp(12105): warning C4018: '<' : signed/unsigned mismatch
     1>StrokesPlusHook.cpp(12156): warning C4018: '<' : signed/unsigned mismatch
     1>StrokesPlusHook.cpp(12509): warning C4995: '_tcscpy': name was marked as #pragma deprecated
     1>StrokesPlusHook.cpp(12509): warning C4995: 'strcpy': name was marked as #pragma deprecated
     1>StrokesPlusHook.cpp(12509): warning C4996: 'strcpy': This function or variable may be unsafe. Consider using strcpy_s instead. To disable deprecation, use _CRT_SECURE_NO_WARNINGS. See online help for details.
                 C:\Program Files (x86)\Microsoft Visual Studio 10.0\VC\include\string.h(105) : see declaration of 'strcpy'
     1>StrokesPlusHook.cpp(12514): warning C4018: '<' : signed/unsigned mismatch
     1>StrokesPlusHook.cpp(12664): warning C4995: '_tcscpy': name was marked as #pragma deprecated
     1>StrokesPlusHook.cpp(12664): warning C4995: 'strcpy': name was marked as #pragma deprecated
     1>StrokesPlusHook.cpp(12664): warning C4996: 'strcpy': This function or variable may be unsafe. Consider using strcpy_s instead. To disable deprecation, use _CRT_SECURE_NO_WARNINGS. See online help for details.
                 C:\Program Files (x86)\Microsoft Visual Studio 10.0\VC\include\string.h(105) : see declaration of 'strcpy'
     1>StrokesPlusHook.cpp(13172): warning C4995: '_tcscpy': name was marked as #pragma deprecated
     1>StrokesPlusHook.cpp(13172): warning C4995: 'strcpy': name was marked as #pragma deprecated
     1>StrokesPlusHook.cpp(13172): warning C4996: 'strcpy': This function or variable may be unsafe. Consider using strcpy_s instead. To disable deprecation, use _CRT_SECURE_NO_WARNINGS. See online help for details.
                 C:\Program Files (x86)\Microsoft Visual Studio 10.0\VC\include\string.h(105) : see declaration of 'strcpy'
     1>StrokesPlusHook.cpp(13340): warning C4995: '_tcscpy': name was marked as #pragma deprecated
     1>StrokesPlusHook.cpp(13340): warning C4995: 'strcpy': name was marked as #pragma deprecated
     1>StrokesPlusHook.cpp(13340): warning C4996: 'strcpy': This function or variable may be unsafe. Consider using strcpy_s instead. To disable deprecation, use _CRT_SECURE_NO_WARNINGS. See online help for details.
                 C:\Program Files (x86)\Microsoft Visual Studio 10.0\VC\include\string.h(105) : see declaration of 'strcpy'
     1>StrokesPlusHook.cpp(13346): warning C4018: '<' : signed/unsigned mismatch
     1>StrokesPlusHook.cpp(13362): warning C4995: '_tcscpy': name was marked as #pragma deprecated
     1>StrokesPlusHook.cpp(13362): warning C4995: 'strcpy': name was marked as #pragma deprecated
     1>StrokesPlusHook.cpp(13362): warning C4996: 'strcpy': This function or variable may be unsafe. Consider using strcpy_s instead. To disable deprecation, use _CRT_SECURE_NO_WARNINGS. See online help for details.
                 C:\Program Files (x86)\Microsoft Visual Studio 10.0\VC\include\string.h(105) : see declaration of 'strcpy'
     1>StrokesPlusHook.cpp(13392): warning C4995: '_tcscpy': name was marked as #pragma deprecated
     1>StrokesPlusHook.cpp(13392): warning C4995: 'strcpy': name was marked as #pragma deprecated
     1>StrokesPlusHook.cpp(13392): warning C4996: 'strcpy': This function or variable may be unsafe. Consider using strcpy_s instead. To disable deprecation, use _CRT_SECURE_NO_WARNINGS. See online help for details.
                 C:\Program Files (x86)\Microsoft Visual Studio 10.0\VC\include\string.h(105) : see declaration of 'strcpy'
     1>StrokesPlusHook.cpp(13397): warning C4995: '_tcscpy': name was marked as #pragma deprecated
     1>StrokesPlusHook.cpp(13397): warning C4995: 'strcpy': name was marked as #pragma deprecated
     1>StrokesPlusHook.cpp(13397): warning C4996: 'strcpy': This function or variable may be unsafe. Consider using strcpy_s instead. To disable deprecation, use _CRT_SECURE_NO_WARNINGS. See online help for details.
                 C:\Program Files (x86)\Microsoft Visual Studio 10.0\VC\include\string.h(105) : see declaration of 'strcpy'
     1>StrokesPlusHook.cpp(13405): warning C4995: '_tcscpy': name was marked as #pragma deprecated
     1>StrokesPlusHook.cpp(13405): warning C4995: 'strcpy': name was marked as #pragma deprecated
     1>StrokesPlusHook.cpp(13405): warning C4996: 'strcpy': This function or variable may be unsafe. Consider using strcpy_s instead. To disable deprecation, use _CRT_SECURE_NO_WARNINGS. See online help for details.
                 C:\Program Files (x86)\Microsoft Visual Studio 10.0\VC\include\string.h(105) : see declaration of 'strcpy'
     1>StrokesPlusHook.cpp(13416): warning C4995: '_tcscpy': name was marked as #pragma deprecated
     1>StrokesPlusHook.cpp(13416): warning C4995: 'strcpy': name was marked as #pragma deprecated
     1>StrokesPlusHook.cpp(13416): warning C4996: 'strcpy': This function or variable may be unsafe. Consider using strcpy_s instead. To disable deprecation, use _CRT_SECURE_NO_WARNINGS. See online help for details.
                 C:\Program Files (x86)\Microsoft Visual Studio 10.0\VC\include\string.h(105) : see declaration of 'strcpy'
     1>StrokesPlusHook.cpp(13422): warning C4018: '<' : signed/unsigned mismatch
     1>StrokesPlusHook.cpp(13434): warning C4995: '_tcscpy': name was marked as #pragma deprecated
     1>StrokesPlusHook.cpp(13434): warning C4995: 'strcpy': name was marked as #pragma deprecated
     1>StrokesPlusHook.cpp(13434): warning C4996: 'strcpy': This function or variable may be unsafe. Consider using strcpy_s instead. To disable deprecation, use _CRT_SECURE_NO_WARNINGS. See online help for details.
                 C:\Program Files (x86)\Microsoft Visual Studio 10.0\VC\include\string.h(105) : see declaration of 'strcpy'
     1>StrokesPlusHook.cpp(13463): warning C4995: '_tcscpy': name was marked as #pragma deprecated
     1>StrokesPlusHook.cpp(13463): warning C4995: 'strcpy': name was marked as #pragma deprecated
     1>StrokesPlusHook.cpp(13463): warning C4996: 'strcpy': This function or variable may be unsafe. Consider using strcpy_s instead. To disable deprecation, use _CRT_SECURE_NO_WARNINGS. See online help for details.
                 C:\Program Files (x86)\Microsoft Visual Studio 10.0\VC\include\string.h(105) : see declaration of 'strcpy'
     1>StrokesPlusHook.cpp(13468): warning C4995: '_tcscpy': name was marked as #pragma deprecated
     1>StrokesPlusHook.cpp(13468): warning C4995: 'strcpy': name was marked as #pragma deprecated
     1>StrokesPlusHook.cpp(13468): warning C4996: 'strcpy': This function or variable may be unsafe. Consider using strcpy_s instead. To disable deprecation, use _CRT_SECURE_NO_WARNINGS. See online help for details.
                 C:\Program Files (x86)\Microsoft Visual Studio 10.0\VC\include\string.h(105) : see declaration of 'strcpy'
     1>StrokesPlusHook.cpp(13476): warning C4995: '_tcscpy': name was marked as #pragma deprecated
     1>StrokesPlusHook.cpp(13476): warning C4995: 'strcpy': name was marked as #pragma deprecated
     1>StrokesPlusHook.cpp(13476): warning C4996: 'strcpy': This function or variable may be unsafe. Consider using strcpy_s instead. To disable deprecation, use _CRT_SECURE_NO_WARNINGS. See online help for details.
                 C:\Program Files (x86)\Microsoft Visual Studio 10.0\VC\include\string.h(105) : see declaration of 'strcpy'
     1>StrokesPlusHook.cpp(13568): warning C4244: '=' : conversion from 'std::streamoff' to 'long', possible loss of data
     1>StrokesPlusHook.cpp(13577): warning C4244: '=' : conversion from 'std::streamsize' to 'long', possible loss of data
     1>StrokesPlusHook.cpp(13939): warning C4018: '<' : signed/unsigned mismatch
     1>StrokesPlusHook.cpp(14162): warning C4995: '_tcscpy': name was marked as #pragma deprecated
     1>StrokesPlusHook.cpp(14162): warning C4995: 'strcpy': name was marked as #pragma deprecated
     1>StrokesPlusHook.cpp(14162): warning C4996: 'strcpy': This function or variable may be unsafe. Consider using strcpy_s instead. To disable deprecation, use _CRT_SECURE_NO_WARNINGS. See online help for details.
                 C:\Program Files (x86)\Microsoft Visual Studio 10.0\VC\include\string.h(105) : see declaration of 'strcpy'
     1>StrokesPlusHook.cpp(14167): warning C4995: '_tcscpy': name was marked as #pragma deprecated
     1>StrokesPlusHook.cpp(14167): warning C4995: 'strcpy': name was marked as #pragma deprecated
     1>StrokesPlusHook.cpp(14167): warning C4996: 'strcpy': This function or variable may be unsafe. Consider using strcpy_s instead. To disable deprecation, use _CRT_SECURE_NO_WARNINGS. See online help for details.
                 C:\Program Files (x86)\Microsoft Visual Studio 10.0\VC\include\string.h(105) : see declaration of 'strcpy'
     1>StrokesPlusHook.cpp(14172): warning C4995: '_tcscpy': name was marked as #pragma deprecated
     1>StrokesPlusHook.cpp(14172): warning C4995: 'strcpy': name was marked as #pragma deprecated
     1>StrokesPlusHook.cpp(14172): warning C4996: 'strcpy': This function or variable may be unsafe. Consider using strcpy_s instead. To disable deprecation, use _CRT_SECURE_NO_WARNINGS. See online help for details.
                 C:\Program Files (x86)\Microsoft Visual Studio 10.0\VC\include\string.h(105) : see declaration of 'strcpy'
     1>StrokesPlusHook.cpp(14177): warning C4995: '_tcscpy': name was marked as #pragma deprecated
     1>StrokesPlusHook.cpp(14177): warning C4995: 'strcpy': name was marked as #pragma deprecated
     1>StrokesPlusHook.cpp(14177): warning C4996: 'strcpy': This function or variable may be unsafe. Consider using strcpy_s instead. To disable deprecation, use _CRT_SECURE_NO_WARNINGS. See online help for details.
                 C:\Program Files (x86)\Microsoft Visual Studio 10.0\VC\include\string.h(105) : see declaration of 'strcpy'
     1>StrokesPlusHook.cpp(14182): warning C4995: '_tcscpy': name was marked as #pragma deprecated
     1>StrokesPlusHook.cpp(14182): warning C4995: 'strcpy': name was marked as #pragma deprecated
     1>StrokesPlusHook.cpp(14182): warning C4996: 'strcpy': This function or variable may be unsafe. Consider using strcpy_s instead. To disable deprecation, use _CRT_SECURE_NO_WARNINGS. See online help for details.
                 C:\Program Files (x86)\Microsoft Visual Studio 10.0\VC\include\string.h(105) : see declaration of 'strcpy'
     1>StrokesPlusHook.cpp(14187): warning C4995: '_tcscpy': name was marked as #pragma deprecated
     1>StrokesPlusHook.cpp(14187): warning C4995: 'strcpy': name was marked as #pragma deprecated
     1>StrokesPlusHook.cpp(14187): warning C4996: 'strcpy': This function or variable may be unsafe. Consider using strcpy_s instead. To disable deprecation, use _CRT_SECURE_NO_WARNINGS. See online help for details.
                 C:\Program Files (x86)\Microsoft Visual Studio 10.0\VC\include\string.h(105) : see declaration of 'strcpy'
     1>StrokesPlusHook.cpp(14192): warning C4995: '_tcscpy': name was marked as #pragma deprecated
     1>StrokesPlusHook.cpp(14192): warning C4995: 'strcpy': name was marked as #pragma deprecated
     1>StrokesPlusHook.cpp(14192): warning C4996: 'strcpy': This function or variable may be unsafe. Consider using strcpy_s instead. To disable deprecation, use _CRT_SECURE_NO_WARNINGS. See online help for details.
                 C:\Program Files (x86)\Microsoft Visual Studio 10.0\VC\include\string.h(105) : see declaration of 'strcpy'
     1>StrokesPlusHook.cpp(14353): warning C4800: 'BOOL' : forcing value to bool 'true' or 'false' (performance warning)
     1>StrokesPlusHook.cpp(14643): warning C4995: '_tcscpy': name was marked as #pragma deprecated
     1>StrokesPlusHook.cpp(14643): warning C4995: 'strcpy': name was marked as #pragma deprecated
     1>StrokesPlusHook.cpp(14643): warning C4996: 'strcpy': This function or variable may be unsafe. Consider using strcpy_s instead. To disable deprecation, use _CRT_SECURE_NO_WARNINGS. See online help for details.
                 C:\Program Files (x86)\Microsoft Visual Studio 10.0\VC\include\string.h(105) : see declaration of 'strcpy'
     1>StrokesPlusHook.cpp(14676): warning C4995: '_tcscpy': name was marked as #pragma deprecated
     1>StrokesPlusHook.cpp(14676): warning C4995: 'strcpy': name was marked as #pragma deprecated
     1>StrokesPlusHook.cpp(14676): warning C4996: 'strcpy': This function or variable may be unsafe. Consider using strcpy_s instead. To disable deprecation, use _CRT_SECURE_NO_WARNINGS. See online help for details.
                 C:\Program Files (x86)\Microsoft Visual Studio 10.0\VC\include\string.h(105) : see declaration of 'strcpy'
     1>StrokesPlusHook.cpp(14711): warning C4995: '_tcscpy': name was marked as #pragma deprecated
     1>StrokesPlusHook.cpp(14711): warning C4995: 'strcpy': name was marked as #pragma deprecated
     1>StrokesPlusHook.cpp(14711): warning C4996: 'strcpy': This function or variable may be unsafe. Consider using strcpy_s instead. To disable deprecation, use _CRT_SECURE_NO_WARNINGS. See online help for details.
                 C:\Program Files (x86)\Microsoft Visual Studio 10.0\VC\include\string.h(105) : see declaration of 'strcpy'
     1>StrokesPlusHook.cpp(14748): warning C4995: '_tcscpy': name was marked as #pragma deprecated
     1>StrokesPlusHook.cpp(14748): warning C4995: 'strcpy': name was marked as #pragma deprecated
     1>StrokesPlusHook.cpp(14748): warning C4996: 'strcpy': This function or variable may be unsafe. Consider using strcpy_s instead. To disable deprecation, use _CRT_SECURE_NO_WARNINGS. See online help for details.
                 C:\Program Files (x86)\Microsoft Visual Studio 10.0\VC\include\string.h(105) : see declaration of 'strcpy'
     1>StrokesPlusHook.cpp(14801): warning C4995: '_tcscpy': name was marked as #pragma deprecated
     1>StrokesPlusHook.cpp(14801): warning C4995: 'strcpy': name was marked as #pragma deprecated
     1>StrokesPlusHook.cpp(14801): warning C4996: 'strcpy': This function or variable may be unsafe. Consider using strcpy_s instead. To disable deprecation, use _CRT_SECURE_NO_WARNINGS. See online help for details.
                 C:\Program Files (x86)\Microsoft Visual Studio 10.0\VC\include\string.h(105) : see declaration of 'strcpy'
     1>StrokesPlusHook.cpp(14846): warning C4995: '_tcscpy': name was marked as #pragma deprecated
     1>StrokesPlusHook.cpp(14846): warning C4995: 'strcpy': name was marked as #pragma deprecated
     1>StrokesPlusHook.cpp(14846): warning C4996: 'strcpy': This function or variable may be unsafe. Consider using strcpy_s instead. To disable deprecation, use _CRT_SECURE_NO_WARNINGS. See online help for details.
                 C:\Program Files (x86)\Microsoft Visual Studio 10.0\VC\include\string.h(105) : see declaration of 'strcpy'
     1>StrokesPlusHook.cpp(14848): warning C4018: '<' : signed/unsigned mismatch
     1>StrokesPlusHook.cpp(14905): warning C4995: '_tcscpy': name was marked as #pragma deprecated
     1>StrokesPlusHook.cpp(14905): warning C4995: 'strcpy': name was marked as #pragma deprecated
     1>StrokesPlusHook.cpp(14905): warning C4996: 'strcpy': This function or variable may be unsafe. Consider using strcpy_s instead. To disable deprecation, use _CRT_SECURE_NO_WARNINGS. See online help for details.
                 C:\Program Files (x86)\Microsoft Visual Studio 10.0\VC\include\string.h(105) : see declaration of 'strcpy'
     1>StrokesPlusHook.cpp(14973): warning C4995: '_tcscpy': name was marked as #pragma deprecated
     1>StrokesPlusHook.cpp(14973): warning C4995: 'strcpy': name was marked as #pragma deprecated
     1>StrokesPlusHook.cpp(14973): warning C4996: 'strcpy': This function or variable may be unsafe. Consider using strcpy_s instead. To disable deprecation, use _CRT_SECURE_NO_WARNINGS. See online help for details.
                 C:\Program Files (x86)\Microsoft Visual Studio 10.0\VC\include\string.h(105) : see declaration of 'strcpy'
     1>StrokesPlusHook.cpp(15050): warning C4995: '_tcscpy': name was marked as #pragma deprecated
     1>StrokesPlusHook.cpp(15050): warning C4995: 'strcpy': name was marked as #pragma deprecated
     1>StrokesPlusHook.cpp(15050): warning C4996: 'strcpy': This function or variable may be unsafe. Consider using strcpy_s instead. To disable deprecation, use _CRT_SECURE_NO_WARNINGS. See online help for details.
                 C:\Program Files (x86)\Microsoft Visual Studio 10.0\VC\include\string.h(105) : see declaration of 'strcpy'
     1>StrokesPlusHook.cpp(15073): warning C4995: '_tcscpy': name was marked as #pragma deprecated
     1>StrokesPlusHook.cpp(15073): warning C4995: 'strcpy': name was marked as #pragma deprecated
     1>StrokesPlusHook.cpp(15073): warning C4996: 'strcpy': This function or variable may be unsafe. Consider using strcpy_s instead. To disable deprecation, use _CRT_SECURE_NO_WARNINGS. See online help for details.
                 C:\Program Files (x86)\Microsoft Visual Studio 10.0\VC\include\string.h(105) : see declaration of 'strcpy'
     1>StrokesPlusHook.cpp(15101): warning C4018: '<' : signed/unsigned mismatch
     1>StrokesPlusHook.cpp(14466): warning C4101: 'hSelectedParent' : unreferenced local variable
     1>StrokesPlusHook.cpp(14557): warning C4101: 'hSelectedParent' : unreferenced local variable
     1>StrokesPlusHook.cpp(15243): warning C4244: '=' : conversion from 'float' to 'LONG', possible loss of data
     1>StrokesPlusHook.cpp(15244): warning C4244: '=' : conversion from 'float' to 'LONG', possible loss of data
     1>StrokesPlusHook.cpp(15245): warning C4244: '=' : conversion from 'float' to 'LONG', possible loss of data
     1>StrokesPlusHook.cpp(15246): warning C4244: '=' : conversion from 'float' to 'LONG', possible loss of data
     1>StrokesPlusHook.cpp(15249): warning C4244: 'argument' : conversion from 'float' to 'int', possible loss of data
     1>StrokesPlusHook.cpp(15249): warning C4244: 'argument' : conversion from 'float' to 'int', possible loss of data
     1>StrokesPlusHook.cpp(15306): warning C4244: 'argument' : conversion from 'int' to 'Gdiplus::REAL', possible loss of data
     1>StrokesPlusHook.cpp(15311): warning C4244: 'argument' : conversion from 'double' to 'int', possible loss of data
     1>StrokesPlusHook.cpp(15311): warning C4244: 'argument' : conversion from 'double' to 'int', possible loss of data
     1>StrokesPlusHook.cpp(15315): warning C4018: '<' : signed/unsigned mismatch
     1>StrokesPlusHook.cpp(15316): warning C4244: '=' : conversion from 'double' to 'Gdiplus::REAL', possible loss of data
     1>StrokesPlusHook.cpp(15317): warning C4244: '=' : conversion from 'double' to 'Gdiplus::REAL', possible loss of data
     1>StrokesPlusHook.cpp(15488): warning C4805: '==' : unsafe mix of type 'BOOL' and type 'bool' in operation
     1>StrokesPlusHook.cpp(15506): warning C4805: '==' : unsafe mix of type 'BOOL' and type 'bool' in operation
     1>StrokesPlusHook.cpp(15508): warning C4805: '==' : unsafe mix of type 'BOOL' and type 'bool' in operation
     1>StrokesPlusHook.cpp(15512): warning C4805: '==' : unsafe mix of type 'BOOL' and type 'bool' in operation
     1>StrokesPlusHook.cpp(15516): warning C4805: '==' : unsafe mix of type 'BOOL' and type 'bool' in operation
     1>StrokesPlusHook.cpp(15521): warning C4805: '==' : unsafe mix of type 'BOOL' and type 'bool' in operation
     1>StrokesPlusHook.cpp(15524): warning C4805: '==' : unsafe mix of type 'BOOL' and type 'bool' in operation
     1>StrokesPlusHook.cpp(15527): warning C4805: '==' : unsafe mix of type 'BOOL' and type 'bool' in operation
     1>StrokesPlusHook.cpp(15530): warning C4805: '==' : unsafe mix of type 'BOOL' and type 'bool' in operation
     1>StrokesPlusHook.cpp(15533): warning C4805: '==' : unsafe mix of type 'BOOL' and type 'bool' in operation
     1>StrokesPlusHook.cpp(15536): warning C4805: '==' : unsafe mix of type 'BOOL' and type 'bool' in operation
     1>StrokesPlusHook.cpp(15641): warning C4800: 'LRESULT' : forcing value to bool 'true' or 'false' (performance warning)
     1>StrokesPlusHook.cpp(15842): warning C4244: 'argument' : conversion from 'float' to 'int', possible loss of data
     1>StrokesPlusHook.cpp(15845): warning C4244: 'argument' : conversion from 'float' to 'int', possible loss of data
     1>StrokesPlusHook.cpp(15848): warning C4244: 'argument' : conversion from 'float' to 'int', possible loss of data
     1>StrokesPlusHook.cpp(15851): warning C4244: 'argument' : conversion from 'float' to 'int', possible loss of data
     1>StrokesPlusHook.cpp(15854): warning C4244: 'argument' : conversion from 'float' to 'int', possible loss of data
     1>StrokesPlusHook.cpp(15857): warning C4244: 'argument' : conversion from 'float' to 'int', possible loss of data
     1>StrokesPlusHook.cpp(15860): warning C4244: 'argument' : conversion from 'float' to 'int', possible loss of data
     1>StrokesPlusHook.cpp(15863): warning C4244: 'argument' : conversion from 'float' to 'int', possible loss of data
     1>StrokesPlusHook.cpp(15866): warning C4244: 'argument' : conversion from 'float' to 'int', possible loss of data
     1>StrokesPlusHook.cpp(15869): warning C4244: 'argument' : conversion from 'float' to 'int', possible loss of data
     1>StrokesPlusHook.cpp(15872): warning C4244: 'argument' : conversion from 'float' to 'int', possible loss of data
     1>StrokesPlusHook.cpp(15875): warning C4244: 'argument' : conversion from 'float' to 'int', possible loss of data
     1>StrokesPlusHook.cpp(15878): warning C4244: 'argument' : conversion from 'float' to 'int', possible loss of data
     1>StrokesPlusHook.cpp(15881): warning C4244: 'argument' : conversion from 'float' to 'int', possible loss of data
     1>StrokesPlusHook.cpp(15884): warning C4244: 'argument' : conversion from 'float' to 'int', possible loss of data
     1>StrokesPlusHook.cpp(15887): warning C4244: 'argument' : conversion from 'float' to 'int', possible loss of data
     1>StrokesPlusHook.cpp(15890): warning C4244: 'argument' : conversion from 'float' to 'int', possible loss of data
     1>StrokesPlusHook.cpp(15893): warning C4244: 'argument' : conversion from 'float' to 'int', possible loss of data
     1>StrokesPlusHook.cpp(15896): warning C4244: 'argument' : conversion from 'float' to 'int', possible loss of data
     1>StrokesPlusHook.cpp(15899): warning C4244: 'argument' : conversion from 'float' to 'int', possible loss of data
     1>StrokesPlusHook.cpp(15902): warning C4244: 'argument' : conversion from 'float' to 'int', possible loss of data
     1>StrokesPlusHook.cpp(15905): warning C4244: 'argument' : conversion from 'float' to 'int', possible loss of data
     1>StrokesPlusHook.cpp(15908): warning C4244: 'argument' : conversion from 'float' to 'int', possible loss of data
     1>StrokesPlusHook.cpp(15911): warning C4244: 'argument' : conversion from 'float' to 'int', possible loss of data
     1>StrokesPlusHook.cpp(15914): warning C4244: 'argument' : conversion from 'float' to 'int', possible loss of data
     1>StrokesPlusHook.cpp(15917): warning C4244: 'argument' : conversion from 'float' to 'int', possible loss of data
     1>StrokesPlusHook.cpp(15920): warning C4244: 'argument' : conversion from 'float' to 'int', possible loss of data
     1>StrokesPlusHook.cpp(15923): warning C4244: 'argument' : conversion from 'float' to 'int', possible loss of data
     1>StrokesPlusHook.cpp(15926): warning C4244: 'argument' : conversion from 'float' to 'int', possible loss of data
     1>StrokesPlusHook.cpp(15929): warning C4244: 'argument' : conversion from 'float' to 'int', possible loss of data
     1>StrokesPlusHook.cpp(15932): warning C4244: 'argument' : conversion from 'float' to 'int', possible loss of data
     1>StrokesPlusHook.cpp(15935): warning C4244: 'argument' : conversion from 'float' to 'int', possible loss of data
     1>StrokesPlusHook.cpp(15938): warning C4244: 'argument' : conversion from 'float' to 'int', possible loss of data
     1>StrokesPlusHook.cpp(15941): warning C4244: 'argument' : conversion from 'float' to 'int', possible loss of data
     1>StrokesPlusHook.cpp(15941): warning C4244: 'argument' : conversion from 'float' to 'int', possible loss of data
     1>StrokesPlusHook.cpp(15944): warning C4244: 'argument' : conversion from 'float' to 'int', possible loss of data
     1>StrokesPlusHook.cpp(15944): warning C4244: 'argument' : conversion from 'float' to 'int', possible loss of data
     1>StrokesPlusHook.cpp(15947): warning C4244: 'argument' : conversion from 'float' to 'int', possible loss of data
     1>StrokesPlusHook.cpp(15965): warning C4244: 'argument' : conversion from 'float' to 'int', possible loss of data
     1>StrokesPlusHook.cpp(15982): warning C4244: 'argument' : conversion from 'float' to 'int', possible loss of data
     1>StrokesPlusHook.cpp(15982): warning C4244: 'argument' : conversion from 'float' to 'int', possible loss of data
     1>StrokesPlusHook.cpp(16096): warning C4244: '=' : conversion from 'float' to 'LONG', possible loss of data
     1>StrokesPlusHook.cpp(16097): warning C4244: '=' : conversion from 'float' to 'LONG', possible loss of data
     1>StrokesPlusHook.cpp(16371): warning C4018: '<' : signed/unsigned mismatch
     1>StrokesPlusHook.cpp(16379): warning C4244: 'argument' : conversion from 'int' to 'Gdiplus::REAL', possible loss of data
     1>StrokesPlusHook.cpp(16520): warning C4018: '<' : signed/unsigned mismatch
     1>StrokesPlusHook.cpp(16976): warning C4995: '_tcscpy': name was marked as #pragma deprecated
     1>StrokesPlusHook.cpp(16976): warning C4995: 'strcpy': name was marked as #pragma deprecated
     1>StrokesPlusHook.cpp(16976): warning C4996: 'strcpy': This function or variable may be unsafe. Consider using strcpy_s instead. To disable deprecation, use _CRT_SECURE_NO_WARNINGS. See online help for details.
                 C:\Program Files (x86)\Microsoft Visual Studio 10.0\VC\include\string.h(105) : see declaration of 'strcpy'
     1>StrokesPlusHook.cpp(16982): warning C4995: '_tcscpy': name was marked as #pragma deprecated
     1>StrokesPlusHook.cpp(16982): warning C4995: 'strcpy': name was marked as #pragma deprecated
     1>StrokesPlusHook.cpp(16982): warning C4996: 'strcpy': This function or variable may be unsafe. Consider using strcpy_s instead. To disable deprecation, use _CRT_SECURE_NO_WARNINGS. See online help for details.
                 C:\Program Files (x86)\Microsoft Visual Studio 10.0\VC\include\string.h(105) : see declaration of 'strcpy'
     1>StrokesPlusHook.cpp(16987): warning C4995: '_tcscpy': name was marked as #pragma deprecated
     1>StrokesPlusHook.cpp(16987): warning C4995: 'strcpy': name was marked as #pragma deprecated
     1>StrokesPlusHook.cpp(16987): warning C4996: 'strcpy': This function or variable may be unsafe. Consider using strcpy_s instead. To disable deprecation, use _CRT_SECURE_NO_WARNINGS. See online help for details.
                 C:\Program Files (x86)\Microsoft Visual Studio 10.0\VC\include\string.h(105) : see declaration of 'strcpy'
     1>StrokesPlusHook.cpp(16992): warning C4995: '_tcscpy': name was marked as #pragma deprecated
     1>StrokesPlusHook.cpp(16992): warning C4995: 'strcpy': name was marked as #pragma deprecated
     1>StrokesPlusHook.cpp(16992): warning C4996: 'strcpy': This function or variable may be unsafe. Consider using strcpy_s instead. To disable deprecation, use _CRT_SECURE_NO_WARNINGS. See online help for details.
                 C:\Program Files (x86)\Microsoft Visual Studio 10.0\VC\include\string.h(105) : see declaration of 'strcpy'
     1>StrokesPlusHook.cpp(16997): warning C4995: '_tcscpy': name was marked as #pragma deprecated
     1>StrokesPlusHook.cpp(16997): warning C4995: 'strcpy': name was marked as #pragma deprecated
     1>StrokesPlusHook.cpp(16997): warning C4996: 'strcpy': This function or variable may be unsafe. Consider using strcpy_s instead. To disable deprecation, use _CRT_SECURE_NO_WARNINGS. See online help for details.
                 C:\Program Files (x86)\Microsoft Visual Studio 10.0\VC\include\string.h(105) : see declaration of 'strcpy'
     1>StrokesPlusHook.cpp(17002): warning C4995: '_tcscpy': name was marked as #pragma deprecated
     1>StrokesPlusHook.cpp(17002): warning C4995: 'strcpy': name was marked as #pragma deprecated
     1>StrokesPlusHook.cpp(17002): warning C4996: 'strcpy': This function or variable may be unsafe. Consider using strcpy_s instead. To disable deprecation, use _CRT_SECURE_NO_WARNINGS. See online help for details.
                 C:\Program Files (x86)\Microsoft Visual Studio 10.0\VC\include\string.h(105) : see declaration of 'strcpy'
     1>StrokesPlusHook.cpp(17126): warning C4995: 'wsprintf': name was marked as #pragma deprecated
     1>StrokesPlusHook.cpp(17126): warning C4995: 'wsprintfA': name was marked as #pragma deprecated
     1>StrokesPlusHook.cpp(17128): warning C4995: '_tcscpy': name was marked as #pragma deprecated
     1>StrokesPlusHook.cpp(17128): warning C4995: 'strcpy': name was marked as #pragma deprecated
     1>StrokesPlusHook.cpp(17128): warning C4996: 'strcpy': This function or variable may be unsafe. Consider using strcpy_s instead. To disable deprecation, use _CRT_SECURE_NO_WARNINGS. See online help for details.
                 C:\Program Files (x86)\Microsoft Visual Studio 10.0\VC\include\string.h(105) : see declaration of 'strcpy'
     1>StrokesPlusHook.cpp(17135): warning C4995: 'wsprintf': name was marked as #pragma deprecated
     1>StrokesPlusHook.cpp(17135): warning C4995: 'wsprintfA': name was marked as #pragma deprecated
     1>StrokesPlusHook.cpp(17113): warning C4101: 'pFmt' : unreferenced local variable
     1>C:\Users\Rob\Documents\Development\Visual Studio 2008\Projects\StrokesPlus\boost_1_50_0\boost/lexical_cast.hpp(1320): warning C4996: 'sprintf': This function or variable may be unsafe. Consider using sprintf_s instead. To disable deprecation, use _CRT_SECURE_NO_WARNINGS. See online help for details.
                 C:\Program Files (x86)\Microsoft Visual Studio 10.0\VC\include\stdio.h(371) : see declaration of 'sprintf'
                 C:\Users\Rob\Documents\Development\Visual Studio 2008\Projects\StrokesPlus\boost_1_50_0\boost/lexical_cast.hpp(1316) : while compiling class template member function 'bool boost::detail::lexical_stream_limited_src<CharT,Traits,RequiresStringbuffer>::shl_real_type(float,char *,char *&)'
                 with
                 [
                     CharT=char_type,
                     Traits=traits,
                     RequiresStringbuffer=false
                 ]
                 C:\Users\Rob\Documents\Development\Visual Studio 2008\Projects\StrokesPlus\boost_1_50_0\boost/lexical_cast.hpp(1970) : see reference to class template instantiation 'boost::detail::lexical_stream_limited_src<CharT,Traits,RequiresStringbuffer>' being compiled
                 with
                 [
                     CharT=char_type,
                     Traits=traits,
                     RequiresStringbuffer=false
                 ]
                 C:\Users\Rob\Documents\Development\Visual Studio 2008\Projects\StrokesPlus\boost_1_50_0\boost/lexical_cast.hpp(1921) : while compiling class template member function 'std::basic_string<_Elem,_Traits,_Ax> boost::detail::lexical_cast_do_cast<Target,Source>::lexical_cast_impl(const Source &)'
                 with
                 [
                     _Elem=char,
                     _Traits=std::char_traits<char>,
                     _Ax=std::allocator<char>,
                     Target=std::basic_string<char,std::char_traits<char>,std::allocator<char>>,
                     Source=src
                 ]
                 C:\Users\Rob\Documents\Development\Visual Studio 2008\Projects\StrokesPlus\boost_1_50_0\boost/lexical_cast.hpp(2133) : see reference to class template instantiation 'boost::detail::lexical_cast_do_cast<Target,Source>' being compiled
                 with
                 [
                     Target=std::basic_string<char,std::char_traits<char>,std::allocator<char>>,
                     Source=src
                 ]
                 StrokesPlusHook.cpp(6075) : see reference to function template instantiation 'Target boost::lexical_cast<std::basic_string<_Elem,_Traits,_Ax>,int>(const Source &)' being compiled
                 with
                 [
                     Target=std::basic_string<char,std::char_traits<char>,std::allocator<char>>,
                     _Elem=char,
                     _Traits=std::char_traits<char>,
                     _Ax=std::allocator<char>,
                     Source=int
                 ]
       ResourceCompile:
         C:\Program Files (x86)\Microsoft SDKs\Windows\v7.0A\bin\rc.exe /l"0x0409" /nologo /fo"Release (Unsigned)\StrokesPlusHook.res" StrokesPlusHook.rc 
       Link:
         C:\Program Files (x86)\Microsoft Visual Studio 10.0\VC\bin\link.exe /ERRORREPORT:PROMPT /OUT:"C:\Users\Rob\Documents\Development\Visual Studio 2008\Projects\StrokesPlus\bin\Release (Unsigned)\x86\StrokesPlus.dll" /INCREMENTAL:NO /NOLOGO version.lib winmm.lib kernel32.lib user32.lib gdi32.lib winspool.lib comdlg32.lib advapi32.lib shell32.lib ole32.lib oleaut32.lib uuid.lib odbc32.lib odbccp32.lib kernel32.lib user32.lib gdi32.lib winspool.lib comdlg32.lib advapi32.lib shell32.lib ole32.lib oleaut32.lib uuid.lib odbc32.lib odbccp32.lib /MANIFEST /ManifestFile:"Release (Unsigned)\StrokesPlus.dll.intermediate.manifest" /MANIFESTDEPENDENCY:"type='Win32' name='Microsoft.Windows.Common-Controls' version='6.0.0.0' processorArchitecture='X86' publicKeyToken='6595b64144ccf1df' language='*'" /MANIFESTUAC:NO /PDB:"C:\Users\Rob\Documents\Development\Visual Studio 2008\Projects\StrokesPlus\bin\Release (Unsigned)\x86\StrokesPlus.pdb" /SUBSYSTEM:WINDOWS /OPT:REF /OPT:ICF /LTCG /TLBID:1 /DYNAMICBASE /NXCOMPAT /IMPLIB:"StrokesPlusHook.lib" /MACHINE:X86 /DLL "Release (Unsigned)\StrokesPlusHook.res"
         "Release (Unsigned)\ffi.obj"
         "Release (Unsigned)\prep_cif.obj"
         "Release (Unsigned)\types.obj"
         "Release (Unsigned)\win32.obj"
         "Release (Unsigned)\core.obj"
         "Release (Unsigned)\struct.obj"
         "Release (Unsigned)\lapi.obj"
         "Release (Unsigned)\lauxlib.obj"
         "Release (Unsigned)\lbaselib.obj"
         "Release (Unsigned)\lbitlib.obj"
         "Release (Unsigned)\lcode.obj"
         "Release (Unsigned)\lcorolib.obj"
         "Release (Unsigned)\lctype.obj"
         "Release (Unsigned)\ldblib.obj"
         "Release (Unsigned)\ldebug.obj"
         "Release (Unsigned)\ldo.obj"
         "Release (Unsigned)\ldump.obj"
         "Release (Unsigned)\lfunc.obj"
         "Release (Unsigned)\lgc.obj"
         "Release (Unsigned)\linit.obj"
         "Release (Unsigned)\liolib.obj"
         "Release (Unsigned)\llex.obj"
         "Release (Unsigned)\lmathlib.obj"
         "Release (Unsigned)\lmem.obj"
         "Release (Unsigned)\loadlib.obj"
         "Release (Unsigned)\lobject.obj"
         "Release (Unsigned)\lopcodes.obj"
         "Release (Unsigned)\loslib.obj"
         "Release (Unsigned)\lparser.obj"
         "Release (Unsigned)\lstate.obj"
         "Release (Unsigned)\lstring.obj"
         "Release (Unsigned)\lstrlib.obj"
         "Release (Unsigned)\ltable.obj"
         "Release (Unsigned)\ltablib.obj"
         "Release (Unsigned)\ltm.obj"
         "Release (Unsigned)\lua.obj"
         "Release (Unsigned)\lundump.obj"
         "Release (Unsigned)\lvm.obj"
         "Release (Unsigned)\lzio.obj"
         "Release (Unsigned)\LexLua.obj"
         "Release (Unsigned)\Accessor.obj"
         "Release (Unsigned)\CharacterSet.obj"
         "Release (Unsigned)\LexerBase.obj"
         "Release (Unsigned)\LexerModule.obj"
         "Release (Unsigned)\LexerNoExceptions.obj"
         "Release (Unsigned)\LexerSimple.obj"
         "Release (Unsigned)\PropSetSimple.obj"
         "Release (Unsigned)\StyleContext.obj"
         "Release (Unsigned)\WordList.obj"
         "Release (Unsigned)\AutoComplete.obj"
         "Release (Unsigned)\CallTip.obj"
         "Release (Unsigned)\Catalogue.obj"
         "Release (Unsigned)\CellBuffer.obj"
         "Release (Unsigned)\CharClassify.obj"
         "Release (Unsigned)\ContractionState.obj"
         "Release (Unsigned)\Decoration.obj"
         "Release (Unsigned)\Document.obj"
         "Release (Unsigned)\Editor.obj"
         "Release (Unsigned)\ExternalLexer.obj"
         "Release (Unsigned)\Indicator.obj"
         "Release (Unsigned)\KeyMap.obj"
         "Release (Unsigned)\LineMarker.obj"
         "Release (Unsigned)\PerLine.obj"
         "Release (Unsigned)\PositionCache.obj"
         "Release (Unsigned)\RESearch.obj"
         "Release (Unsigned)\RunStyles.obj"
         "Release (Unsigned)\ScintillaBase.obj"
         "Release (Unsigned)\Selection.obj"
         "Release (Unsigned)\Style.obj"
         "Release (Unsigned)\UniConversion.obj"
         "Release (Unsigned)\ViewStyle.obj"
         "Release (Unsigned)\XPM.obj"
         "Release (Unsigned)\PlatWin.obj"
         "Release (Unsigned)\ScintillaWin.obj"
         "Release (Unsigned)\Registry.obj"
         "Release (Unsigned)\stdafx.obj"
         "Release (Unsigned)\StrokesPlusHook.obj"
         "Release (Unsigned)\cpp_regex_traits.obj"
         "Release (Unsigned)\c_regex_traits.obj"
         "Release (Unsigned)\cregex.obj"
         "Release (Unsigned)\fileiter.obj"
         "Release (Unsigned)\icu.obj"
         "Release (Unsigned)\instances.obj"
         "Release (Unsigned)\posix_api.obj"
         "Release (Unsigned)\regex.obj"
         "Release (Unsigned)\regex_debug.obj"
         "Release (Unsigned)\regex_raw_buffer.obj"
         "Release (Unsigned)\regex_traits_defaults.obj"
         "Release (Unsigned)\static_mutex.obj"
         "Release (Unsigned)\usinstances.obj"
         "Release (Unsigned)\w32_regex_traits.obj"
         "Release (Unsigned)\wc_regex_traits.obj"
         "Release (Unsigned)\wide_posix_api.obj"
         "Release (Unsigned)\winstances.obj"
            Creating library StrokesPlusHook.lib and object StrokesPlusHook.exp
         Generating code
         Finished generating code
         StrokesPlusHook.vcxproj -> C:\Users\Rob\Documents\Development\Visual Studio 2008\Projects\StrokesPlus\bin\Release (Unsigned)\x86\StrokesPlus.dll
       Manifest:
         C:\Program Files (x86)\Microsoft SDKs\Windows\v7.0A\bin\mt.exe /nologo /verbose /outputresource:"C:\Users\Rob\Documents\Development\Visual Studio 2008\Projects\StrokesPlus\bin\Release (Unsigned)\x86\StrokesPlus.dll;#2" /manifest "Release (Unsigned)\StrokesPlus.dll.intermediate.manifest"
       FinalizeBuildStatus:
         Deleting file "Release (Unsigned)\StrokesPlusHook.unsuccessfulbuild".
         Touching "Release (Unsigned)\StrokesPlusHook.lastbuildstate".
     1>Done Building Project "C:\Users\Rob\Documents\Development\Visual Studio 2008\Projects\StrokesPlus\StrokesPlusHook\StrokesPlusHook.vcxproj" (build target(s)).

Build succeeded.

Time Elapsed 00:00:44.61
