c:\doesntexist.ign
C:\USERS\ROB\DOCUMENTS\DEVELOPMENT\VISUAL STUDIO 2008\PROJECTS\STROKESPLUS\BIN\RELEASE\X64\STROKESPLUS.EXE
C:\Users\Rob\Documents\Development\Visual Studio 2008\Projects\StrokesPlus\bin\Release\x64\StrokesPlus.exp
C:\Users\Rob\Documents\Development\Visual Studio 2008\Projects\StrokesPlus\bin\Release\x64\StrokesPlus.lib
C:\Users\Rob\Documents\Development\Visual Studio 2008\Projects\StrokesPlus\StrokesPlus\Release\x64\cl.command.1.tlog
C:\Users\Rob\Documents\Development\Visual Studio 2008\Projects\StrokesPlus\StrokesPlus\Release\x64\CL.read.1.tlog
C:\Users\Rob\Documents\Development\Visual Studio 2008\Projects\StrokesPlus\StrokesPlus\Release\x64\CL.write.1.tlog
C:\Users\Rob\Documents\Development\Visual Studio 2008\Projects\StrokesPlus\StrokesPlus\Release\x64\link.command.1.tlog
C:\Users\Rob\Documents\Development\Visual Studio 2008\Projects\StrokesPlus\StrokesPlus\Release\x64\link.read.1.tlog
C:\Users\Rob\Documents\Development\Visual Studio 2008\Projects\StrokesPlus\StrokesPlus\Release\x64\link.write.1.tlog
C:\Users\Rob\Documents\Development\Visual Studio 2008\Projects\StrokesPlus\StrokesPlus\Release\x64\link-cvtres.read.1.tlog
C:\Users\Rob\Documents\Development\Visual Studio 2008\Projects\StrokesPlus\StrokesPlus\Release\x64\link-cvtres.write.1.tlog
C:\Users\Rob\Documents\Development\Visual Studio 2008\Projects\StrokesPlus\StrokesPlus\Release\x64\mt.command.1.tlog
C:\Users\Rob\Documents\Development\Visual Studio 2008\Projects\StrokesPlus\StrokesPlus\Release\x64\mt.read.1.tlog
C:\Users\Rob\Documents\Development\Visual Studio 2008\Projects\StrokesPlus\StrokesPlus\Release\x64\mt.write.1.tlog
C:\Users\Rob\Documents\Development\Visual Studio 2008\Projects\StrokesPlus\StrokesPlus\Release\x64\rc.command.1.tlog
C:\Users\Rob\Documents\Development\Visual Studio 2008\Projects\StrokesPlus\StrokesPlus\Release\x64\rc.read.1.tlog
C:\Users\Rob\Documents\Development\Visual Studio 2008\Projects\StrokesPlus\StrokesPlus\Release\x64\rc.write.1.tlog
C:\USERS\ROB\DOCUMENTS\DEVELOPMENT\VISUAL STUDIO 2008\PROJECTS\STROKESPLUS\STROKESPLUS\RELEASE\X64\STDAFX.OBJ
C:\USERS\ROB\DOCUMENTS\DEVELOPMENT\VISUAL STUDIO 2008\PROJECTS\STROKESPLUS\STROKESPLUS\RELEASE\X64\STROKESPLUS.EXE.INTERMEDIATE.MANIFEST
C:\USERS\ROB\DOCUMENTS\DEVELOPMENT\VISUAL STUDIO 2008\PROJECTS\STROKESPLUS\STROKESPLUS\RELEASE\X64\STROKESPLUS.OBJ
C:\USERS\ROB\DOCUMENTS\DEVELOPMENT\VISUAL STUDIO 2008\PROJECTS\STROKESPLUS\STROKESPLUS\RELEASE\X64\STROKESPLUS.PCH
C:\USERS\ROB\DOCUMENTS\DEVELOPMENT\VISUAL STUDIO 2008\PROJECTS\STROKESPLUS\STROKESPLUS\RELEASE\X64\STROKESPLUS.RES
C:\Users\Rob\Documents\Development\Visual Studio 2008\Projects\StrokesPlus\StrokesPlus\Release\x64\StrokesPlus.vcxprojResolveAssemblyReference.cache
C:\Users\Rob\Documents\Development\Visual Studio 2008\Projects\StrokesPlus\StrokesPlus\Release\x64\StrokesPlus.write.1.tlog
C:\USERS\ROB\DOCUMENTS\DEVELOPMENT\VISUAL STUDIO 2008\PROJECTS\STROKESPLUS\STROKESPLUS\RELEASE\X64\VC100.PDB
