C:\Users\Rob\Documents\Development\Visual Studio 2008\Projects\StrokesPlus\bin\Release (Unsigned)\x64\StrokesPlus.dll
C:\Users\Rob\Documents\Development\Visual Studio 2008\Projects\StrokesPlus\StrokesPlusHook\Release (Unsigned)\x64\Accessor.obj
C:\Users\Rob\Documents\Development\Visual Studio 2008\Projects\StrokesPlus\StrokesPlusHook\Release (Unsigned)\x64\AutoComplete.obj
C:\Users\Rob\Documents\Development\Visual Studio 2008\Projects\StrokesPlus\StrokesPlusHook\Release (Unsigned)\x64\c_regex_traits.obj
C:\Users\Rob\Documents\Development\Visual Studio 2008\Projects\StrokesPlus\StrokesPlusHook\Release (Unsigned)\x64\CallTip.obj
C:\Users\Rob\Documents\Development\Visual Studio 2008\Projects\StrokesPlus\StrokesPlusHook\Release (Unsigned)\x64\Catalogue.obj
C:\Users\Rob\Documents\Development\Visual Studio 2008\Projects\StrokesPlus\StrokesPlusHook\Release (Unsigned)\x64\CellBuffer.obj
C:\Users\Rob\Documents\Development\Visual Studio 2008\Projects\StrokesPlus\StrokesPlusHook\Release (Unsigned)\x64\CharacterSet.obj
C:\Users\Rob\Documents\Development\Visual Studio 2008\Projects\StrokesPlus\StrokesPlusHook\Release (Unsigned)\x64\CharClassify.obj
C:\Users\Rob\Documents\Development\Visual Studio 2008\Projects\StrokesPlus\StrokesPlusHook\Release (Unsigned)\x64\CL.1692.read.1.tlog
C:\Users\Rob\Documents\Development\Visual Studio 2008\Projects\StrokesPlus\StrokesPlusHook\Release (Unsigned)\x64\CL.1692.write.1.tlog
C:\Users\Rob\Documents\Development\Visual Studio 2008\Projects\StrokesPlus\StrokesPlusHook\Release (Unsigned)\x64\CL.2880.read.1.tlog
C:\Users\Rob\Documents\Development\Visual Studio 2008\Projects\StrokesPlus\StrokesPlusHook\Release (Unsigned)\x64\CL.2880.write.1.tlog
C:\Users\Rob\Documents\Development\Visual Studio 2008\Projects\StrokesPlus\StrokesPlusHook\Release (Unsigned)\x64\CL.4696.read.1.tlog
C:\Users\Rob\Documents\Development\Visual Studio 2008\Projects\StrokesPlus\StrokesPlusHook\Release (Unsigned)\x64\CL.4696.write.1.tlog
C:\Users\Rob\Documents\Development\Visual Studio 2008\Projects\StrokesPlus\StrokesPlusHook\Release (Unsigned)\x64\CL.4812.read.1.tlog
C:\Users\Rob\Documents\Development\Visual Studio 2008\Projects\StrokesPlus\StrokesPlusHook\Release (Unsigned)\x64\CL.4812.write.1.tlog
C:\Users\Rob\Documents\Development\Visual Studio 2008\Projects\StrokesPlus\StrokesPlusHook\Release (Unsigned)\x64\CL.4964.read.1.tlog
C:\Users\Rob\Documents\Development\Visual Studio 2008\Projects\StrokesPlus\StrokesPlusHook\Release (Unsigned)\x64\CL.4964.write.1.tlog
C:\Users\Rob\Documents\Development\Visual Studio 2008\Projects\StrokesPlus\StrokesPlusHook\Release (Unsigned)\x64\CL.5400.read.1.tlog
C:\Users\Rob\Documents\Development\Visual Studio 2008\Projects\StrokesPlus\StrokesPlusHook\Release (Unsigned)\x64\CL.5400.write.1.tlog
C:\Users\Rob\Documents\Development\Visual Studio 2008\Projects\StrokesPlus\StrokesPlusHook\Release (Unsigned)\x64\CL.5460.read.1.tlog
C:\Users\Rob\Documents\Development\Visual Studio 2008\Projects\StrokesPlus\StrokesPlusHook\Release (Unsigned)\x64\CL.5460.write.1.tlog
C:\Users\Rob\Documents\Development\Visual Studio 2008\Projects\StrokesPlus\StrokesPlusHook\Release (Unsigned)\x64\CL.5840.read.1.tlog
C:\Users\Rob\Documents\Development\Visual Studio 2008\Projects\StrokesPlus\StrokesPlusHook\Release (Unsigned)\x64\CL.5840.write.1.tlog
C:\Users\Rob\Documents\Development\Visual Studio 2008\Projects\StrokesPlus\StrokesPlusHook\Release (Unsigned)\x64\CL.6504.read.1.tlog
C:\Users\Rob\Documents\Development\Visual Studio 2008\Projects\StrokesPlus\StrokesPlusHook\Release (Unsigned)\x64\CL.6504.write.1.tlog
C:\Users\Rob\Documents\Development\Visual Studio 2008\Projects\StrokesPlus\StrokesPlusHook\Release (Unsigned)\x64\CL.7152.read.1.tlog
C:\Users\Rob\Documents\Development\Visual Studio 2008\Projects\StrokesPlus\StrokesPlusHook\Release (Unsigned)\x64\CL.7152.write.1.tlog
C:\Users\Rob\Documents\Development\Visual Studio 2008\Projects\StrokesPlus\StrokesPlusHook\Release (Unsigned)\x64\CL.7552.read.1.tlog
C:\Users\Rob\Documents\Development\Visual Studio 2008\Projects\StrokesPlus\StrokesPlusHook\Release (Unsigned)\x64\CL.7552.write.1.tlog
C:\Users\Rob\Documents\Development\Visual Studio 2008\Projects\StrokesPlus\StrokesPlusHook\Release (Unsigned)\x64\CL.7572.read.1.tlog
C:\Users\Rob\Documents\Development\Visual Studio 2008\Projects\StrokesPlus\StrokesPlusHook\Release (Unsigned)\x64\CL.7572.write.1.tlog
C:\Users\Rob\Documents\Development\Visual Studio 2008\Projects\StrokesPlus\StrokesPlusHook\Release (Unsigned)\x64\CL.7788.read.1.tlog
C:\Users\Rob\Documents\Development\Visual Studio 2008\Projects\StrokesPlus\StrokesPlusHook\Release (Unsigned)\x64\CL.7788.write.1.tlog
C:\Users\Rob\Documents\Development\Visual Studio 2008\Projects\StrokesPlus\StrokesPlusHook\Release (Unsigned)\x64\CL.8032.read.1.tlog
C:\Users\Rob\Documents\Development\Visual Studio 2008\Projects\StrokesPlus\StrokesPlusHook\Release (Unsigned)\x64\CL.8032.write.1.tlog
C:\Users\Rob\Documents\Development\Visual Studio 2008\Projects\StrokesPlus\StrokesPlusHook\Release (Unsigned)\x64\CL.8476.read.1.tlog
C:\Users\Rob\Documents\Development\Visual Studio 2008\Projects\StrokesPlus\StrokesPlusHook\Release (Unsigned)\x64\CL.8476.write.1.tlog
C:\Users\Rob\Documents\Development\Visual Studio 2008\Projects\StrokesPlus\StrokesPlusHook\Release (Unsigned)\x64\CL.9236.read.1.tlog
C:\Users\Rob\Documents\Development\Visual Studio 2008\Projects\StrokesPlus\StrokesPlusHook\Release (Unsigned)\x64\CL.9236.write.1.tlog
C:\Users\Rob\Documents\Development\Visual Studio 2008\Projects\StrokesPlus\StrokesPlusHook\Release (Unsigned)\x64\cl.command.1.tlog
C:\Users\Rob\Documents\Development\Visual Studio 2008\Projects\StrokesPlus\StrokesPlusHook\Release (Unsigned)\x64\CL.read.1.tlog
C:\Users\Rob\Documents\Development\Visual Studio 2008\Projects\StrokesPlus\StrokesPlusHook\Release (Unsigned)\x64\CL.write.1.tlog
C:\Users\Rob\Documents\Development\Visual Studio 2008\Projects\StrokesPlus\StrokesPlusHook\Release (Unsigned)\x64\ContractionState.obj
C:\Users\Rob\Documents\Development\Visual Studio 2008\Projects\StrokesPlus\StrokesPlusHook\Release (Unsigned)\x64\core.obj
C:\Users\Rob\Documents\Development\Visual Studio 2008\Projects\StrokesPlus\StrokesPlusHook\Release (Unsigned)\x64\cpp_regex_traits.obj
C:\Users\Rob\Documents\Development\Visual Studio 2008\Projects\StrokesPlus\StrokesPlusHook\Release (Unsigned)\x64\cregex.obj
C:\Users\Rob\Documents\Development\Visual Studio 2008\Projects\StrokesPlus\StrokesPlusHook\Release (Unsigned)\x64\Decoration.obj
C:\Users\Rob\Documents\Development\Visual Studio 2008\Projects\StrokesPlus\StrokesPlusHook\Release (Unsigned)\x64\Document.obj
C:\Users\Rob\Documents\Development\Visual Studio 2008\Projects\StrokesPlus\StrokesPlusHook\Release (Unsigned)\x64\Editor.obj
C:\Users\Rob\Documents\Development\Visual Studio 2008\Projects\StrokesPlus\StrokesPlusHook\Release (Unsigned)\x64\ExternalLexer.obj
C:\Users\Rob\Documents\Development\Visual Studio 2008\Projects\StrokesPlus\StrokesPlusHook\Release (Unsigned)\x64\ffi.obj
C:\Users\Rob\Documents\Development\Visual Studio 2008\Projects\StrokesPlus\StrokesPlusHook\Release (Unsigned)\x64\fileiter.obj
C:\Users\Rob\Documents\Development\Visual Studio 2008\Projects\StrokesPlus\StrokesPlusHook\Release (Unsigned)\x64\icu.obj
C:\Users\Rob\Documents\Development\Visual Studio 2008\Projects\StrokesPlus\StrokesPlusHook\Release (Unsigned)\x64\Indicator.obj
C:\Users\Rob\Documents\Development\Visual Studio 2008\Projects\StrokesPlus\StrokesPlusHook\Release (Unsigned)\x64\instances.obj
C:\Users\Rob\Documents\Development\Visual Studio 2008\Projects\StrokesPlus\StrokesPlusHook\Release (Unsigned)\x64\KeyMap.obj
C:\Users\Rob\Documents\Development\Visual Studio 2008\Projects\StrokesPlus\StrokesPlusHook\Release (Unsigned)\x64\lapi.obj
C:\Users\Rob\Documents\Development\Visual Studio 2008\Projects\StrokesPlus\StrokesPlusHook\Release (Unsigned)\x64\lauxlib.obj
C:\Users\Rob\Documents\Development\Visual Studio 2008\Projects\StrokesPlus\StrokesPlusHook\Release (Unsigned)\x64\lbaselib.obj
C:\Users\Rob\Documents\Development\Visual Studio 2008\Projects\StrokesPlus\StrokesPlusHook\Release (Unsigned)\x64\lbitlib.obj
C:\Users\Rob\Documents\Development\Visual Studio 2008\Projects\StrokesPlus\StrokesPlusHook\Release (Unsigned)\x64\lcode.obj
C:\Users\Rob\Documents\Development\Visual Studio 2008\Projects\StrokesPlus\StrokesPlusHook\Release (Unsigned)\x64\lcorolib.obj
C:\Users\Rob\Documents\Development\Visual Studio 2008\Projects\StrokesPlus\StrokesPlusHook\Release (Unsigned)\x64\lctype.obj
C:\Users\Rob\Documents\Development\Visual Studio 2008\Projects\StrokesPlus\StrokesPlusHook\Release (Unsigned)\x64\ldblib.obj
C:\Users\Rob\Documents\Development\Visual Studio 2008\Projects\StrokesPlus\StrokesPlusHook\Release (Unsigned)\x64\ldebug.obj
C:\Users\Rob\Documents\Development\Visual Studio 2008\Projects\StrokesPlus\StrokesPlusHook\Release (Unsigned)\x64\ldo.obj
C:\Users\Rob\Documents\Development\Visual Studio 2008\Projects\StrokesPlus\StrokesPlusHook\Release (Unsigned)\x64\ldump.obj
C:\Users\Rob\Documents\Development\Visual Studio 2008\Projects\StrokesPlus\StrokesPlusHook\Release (Unsigned)\x64\LexerBase.obj
C:\Users\Rob\Documents\Development\Visual Studio 2008\Projects\StrokesPlus\StrokesPlusHook\Release (Unsigned)\x64\LexerModule.obj
C:\Users\Rob\Documents\Development\Visual Studio 2008\Projects\StrokesPlus\StrokesPlusHook\Release (Unsigned)\x64\LexerNoExceptions.obj
C:\Users\Rob\Documents\Development\Visual Studio 2008\Projects\StrokesPlus\StrokesPlusHook\Release (Unsigned)\x64\LexerSimple.obj
C:\Users\Rob\Documents\Development\Visual Studio 2008\Projects\StrokesPlus\StrokesPlusHook\Release (Unsigned)\x64\LexLua.obj
C:\Users\Rob\Documents\Development\Visual Studio 2008\Projects\StrokesPlus\StrokesPlusHook\Release (Unsigned)\x64\lfunc.obj
C:\Users\Rob\Documents\Development\Visual Studio 2008\Projects\StrokesPlus\StrokesPlusHook\Release (Unsigned)\x64\lgc.obj
C:\Users\Rob\Documents\Development\Visual Studio 2008\Projects\StrokesPlus\StrokesPlusHook\Release (Unsigned)\x64\LineMarker.obj
C:\Users\Rob\Documents\Development\Visual Studio 2008\Projects\StrokesPlus\StrokesPlusHook\Release (Unsigned)\x64\linit.obj
C:\Users\Rob\Documents\Development\Visual Studio 2008\Projects\StrokesPlus\StrokesPlusHook\Release (Unsigned)\x64\link.command.1.tlog
C:\Users\Rob\Documents\Development\Visual Studio 2008\Projects\StrokesPlus\StrokesPlusHook\Release (Unsigned)\x64\link.read.1.tlog
C:\Users\Rob\Documents\Development\Visual Studio 2008\Projects\StrokesPlus\StrokesPlusHook\Release (Unsigned)\x64\link.write.1.tlog
C:\Users\Rob\Documents\Development\Visual Studio 2008\Projects\StrokesPlus\StrokesPlusHook\Release (Unsigned)\x64\link-cvtres.read.1.tlog
C:\Users\Rob\Documents\Development\Visual Studio 2008\Projects\StrokesPlus\StrokesPlusHook\Release (Unsigned)\x64\link-cvtres.write.1.tlog
C:\Users\Rob\Documents\Development\Visual Studio 2008\Projects\StrokesPlus\StrokesPlusHook\Release (Unsigned)\x64\liolib.obj
C:\Users\Rob\Documents\Development\Visual Studio 2008\Projects\StrokesPlus\StrokesPlusHook\Release (Unsigned)\x64\llex.obj
C:\Users\Rob\Documents\Development\Visual Studio 2008\Projects\StrokesPlus\StrokesPlusHook\Release (Unsigned)\x64\lmathlib.obj
C:\Users\Rob\Documents\Development\Visual Studio 2008\Projects\StrokesPlus\StrokesPlusHook\Release (Unsigned)\x64\lmem.obj
C:\Users\Rob\Documents\Development\Visual Studio 2008\Projects\StrokesPlus\StrokesPlusHook\Release (Unsigned)\x64\loadlib.obj
C:\Users\Rob\Documents\Development\Visual Studio 2008\Projects\StrokesPlus\StrokesPlusHook\Release (Unsigned)\x64\lobject.obj
C:\Users\Rob\Documents\Development\Visual Studio 2008\Projects\StrokesPlus\StrokesPlusHook\Release (Unsigned)\x64\lopcodes.obj
C:\Users\Rob\Documents\Development\Visual Studio 2008\Projects\StrokesPlus\StrokesPlusHook\Release (Unsigned)\x64\loslib.obj
C:\Users\Rob\Documents\Development\Visual Studio 2008\Projects\StrokesPlus\StrokesPlusHook\Release (Unsigned)\x64\lparser.obj
C:\Users\Rob\Documents\Development\Visual Studio 2008\Projects\StrokesPlus\StrokesPlusHook\Release (Unsigned)\x64\lstate.obj
C:\Users\Rob\Documents\Development\Visual Studio 2008\Projects\StrokesPlus\StrokesPlusHook\Release (Unsigned)\x64\lstring.obj
C:\Users\Rob\Documents\Development\Visual Studio 2008\Projects\StrokesPlus\StrokesPlusHook\Release (Unsigned)\x64\lstrlib.obj
C:\Users\Rob\Documents\Development\Visual Studio 2008\Projects\StrokesPlus\StrokesPlusHook\Release (Unsigned)\x64\ltable.obj
C:\Users\Rob\Documents\Development\Visual Studio 2008\Projects\StrokesPlus\StrokesPlusHook\Release (Unsigned)\x64\ltablib.obj
C:\Users\Rob\Documents\Development\Visual Studio 2008\Projects\StrokesPlus\StrokesPlusHook\Release (Unsigned)\x64\ltm.obj
C:\Users\Rob\Documents\Development\Visual Studio 2008\Projects\StrokesPlus\StrokesPlusHook\Release (Unsigned)\x64\lua.obj
C:\Users\Rob\Documents\Development\Visual Studio 2008\Projects\StrokesPlus\StrokesPlusHook\Release (Unsigned)\x64\lundump.obj
C:\Users\Rob\Documents\Development\Visual Studio 2008\Projects\StrokesPlus\StrokesPlusHook\Release (Unsigned)\x64\lvm.obj
C:\Users\Rob\Documents\Development\Visual Studio 2008\Projects\StrokesPlus\StrokesPlusHook\Release (Unsigned)\x64\lzio.obj
C:\Users\Rob\Documents\Development\Visual Studio 2008\Projects\StrokesPlus\StrokesPlusHook\Release (Unsigned)\x64\mt.command.1.tlog
C:\Users\Rob\Documents\Development\Visual Studio 2008\Projects\StrokesPlus\StrokesPlusHook\Release (Unsigned)\x64\mt.read.1.tlog
C:\Users\Rob\Documents\Development\Visual Studio 2008\Projects\StrokesPlus\StrokesPlusHook\Release (Unsigned)\x64\mt.write.1.tlog
C:\Users\Rob\Documents\Development\Visual Studio 2008\Projects\StrokesPlus\StrokesPlusHook\Release (Unsigned)\x64\PerLine.obj
C:\Users\Rob\Documents\Development\Visual Studio 2008\Projects\StrokesPlus\StrokesPlusHook\Release (Unsigned)\x64\PlatWin.obj
C:\Users\Rob\Documents\Development\Visual Studio 2008\Projects\StrokesPlus\StrokesPlusHook\Release (Unsigned)\x64\PositionCache.obj
C:\Users\Rob\Documents\Development\Visual Studio 2008\Projects\StrokesPlus\StrokesPlusHook\Release (Unsigned)\x64\posix_api.obj
C:\Users\Rob\Documents\Development\Visual Studio 2008\Projects\StrokesPlus\StrokesPlusHook\Release (Unsigned)\x64\prep_cif.obj
C:\Users\Rob\Documents\Development\Visual Studio 2008\Projects\StrokesPlus\StrokesPlusHook\Release (Unsigned)\x64\PropSetSimple.obj
C:\Users\Rob\Documents\Development\Visual Studio 2008\Projects\StrokesPlus\StrokesPlusHook\Release (Unsigned)\x64\rc.command.1.tlog
C:\Users\Rob\Documents\Development\Visual Studio 2008\Projects\StrokesPlus\StrokesPlusHook\Release (Unsigned)\x64\rc.read.1.tlog
C:\Users\Rob\Documents\Development\Visual Studio 2008\Projects\StrokesPlus\StrokesPlusHook\Release (Unsigned)\x64\rc.write.1.tlog
C:\Users\Rob\Documents\Development\Visual Studio 2008\Projects\StrokesPlus\StrokesPlusHook\Release (Unsigned)\x64\regex.obj
C:\Users\Rob\Documents\Development\Visual Studio 2008\Projects\StrokesPlus\StrokesPlusHook\Release (Unsigned)\x64\regex_debug.obj
C:\Users\Rob\Documents\Development\Visual Studio 2008\Projects\StrokesPlus\StrokesPlusHook\Release (Unsigned)\x64\regex_raw_buffer.obj
C:\Users\Rob\Documents\Development\Visual Studio 2008\Projects\StrokesPlus\StrokesPlusHook\Release (Unsigned)\x64\regex_traits_defaults.obj
C:\Users\Rob\Documents\Development\Visual Studio 2008\Projects\StrokesPlus\StrokesPlusHook\Release (Unsigned)\x64\Registry.obj
C:\Users\Rob\Documents\Development\Visual Studio 2008\Projects\StrokesPlus\StrokesPlusHook\Release (Unsigned)\x64\RESearch.obj
C:\Users\Rob\Documents\Development\Visual Studio 2008\Projects\StrokesPlus\StrokesPlusHook\Release (Unsigned)\x64\RunStyles.obj
C:\Users\Rob\Documents\Development\Visual Studio 2008\Projects\StrokesPlus\StrokesPlusHook\Release (Unsigned)\x64\ScintillaBase.obj
C:\Users\Rob\Documents\Development\Visual Studio 2008\Projects\StrokesPlus\StrokesPlusHook\Release (Unsigned)\x64\ScintillaWin.obj
C:\Users\Rob\Documents\Development\Visual Studio 2008\Projects\StrokesPlus\StrokesPlusHook\Release (Unsigned)\x64\Selection.obj
C:\Users\Rob\Documents\Development\Visual Studio 2008\Projects\StrokesPlus\StrokesPlusHook\Release (Unsigned)\x64\static_mutex.obj
C:\Users\Rob\Documents\Development\Visual Studio 2008\Projects\StrokesPlus\StrokesPlusHook\Release (Unsigned)\x64\stdafx.obj
C:\Users\Rob\Documents\Development\Visual Studio 2008\Projects\StrokesPlus\StrokesPlusHook\Release (Unsigned)\x64\StrokesPlus.dll.intermediate.manifest
C:\Users\Rob\Documents\Development\Visual Studio 2008\Projects\StrokesPlus\StrokesPlusHook\Release (Unsigned)\x64\StrokesPlus.pch
C:\Users\Rob\Documents\Development\Visual Studio 2008\Projects\StrokesPlus\StrokesPlusHook\Release (Unsigned)\x64\StrokesPlusHook.obj
C:\Users\Rob\Documents\Development\Visual Studio 2008\Projects\StrokesPlus\StrokesPlusHook\Release (Unsigned)\x64\StrokesPlusHook.res
C:\Users\Rob\Documents\Development\Visual Studio 2008\Projects\StrokesPlus\StrokesPlusHook\Release (Unsigned)\x64\StrokesPlusHook.write.1.tlog
C:\Users\Rob\Documents\Development\Visual Studio 2008\Projects\StrokesPlus\StrokesPlusHook\Release (Unsigned)\x64\struct.obj
C:\Users\Rob\Documents\Development\Visual Studio 2008\Projects\StrokesPlus\StrokesPlusHook\Release (Unsigned)\x64\Style.obj
C:\Users\Rob\Documents\Development\Visual Studio 2008\Projects\StrokesPlus\StrokesPlusHook\Release (Unsigned)\x64\StyleContext.obj
C:\Users\Rob\Documents\Development\Visual Studio 2008\Projects\StrokesPlus\StrokesPlusHook\Release (Unsigned)\x64\types.obj
C:\Users\Rob\Documents\Development\Visual Studio 2008\Projects\StrokesPlus\StrokesPlusHook\Release (Unsigned)\x64\UniConversion.obj
C:\Users\Rob\Documents\Development\Visual Studio 2008\Projects\StrokesPlus\StrokesPlusHook\Release (Unsigned)\x64\usinstances.obj
C:\Users\Rob\Documents\Development\Visual Studio 2008\Projects\StrokesPlus\StrokesPlusHook\Release (Unsigned)\x64\vc100.pdb
C:\Users\Rob\Documents\Development\Visual Studio 2008\Projects\StrokesPlus\StrokesPlusHook\Release (Unsigned)\x64\ViewStyle.obj
C:\Users\Rob\Documents\Development\Visual Studio 2008\Projects\StrokesPlus\StrokesPlusHook\Release (Unsigned)\x64\w32_regex_traits.obj
C:\Users\Rob\Documents\Development\Visual Studio 2008\Projects\StrokesPlus\StrokesPlusHook\Release (Unsigned)\x64\wc_regex_traits.obj
C:\Users\Rob\Documents\Development\Visual Studio 2008\Projects\StrokesPlus\StrokesPlusHook\Release (Unsigned)\x64\wide_posix_api.obj
C:\Users\Rob\Documents\Development\Visual Studio 2008\Projects\StrokesPlus\StrokesPlusHook\Release (Unsigned)\x64\win32.obj
C:\Users\Rob\Documents\Development\Visual Studio 2008\Projects\StrokesPlus\StrokesPlusHook\Release (Unsigned)\x64\win64.obj
C:\Users\Rob\Documents\Development\Visual Studio 2008\Projects\StrokesPlus\StrokesPlusHook\Release (Unsigned)\x64\winstances.obj
C:\Users\Rob\Documents\Development\Visual Studio 2008\Projects\StrokesPlus\StrokesPlusHook\Release (Unsigned)\x64\WordList.obj
C:\Users\Rob\Documents\Development\Visual Studio 2008\Projects\StrokesPlus\StrokesPlusHook\Release (Unsigned)\x64\XPM.obj
C:\USERS\ROB\DOCUMENTS\DEVELOPMENT\VISUAL STUDIO 2008\PROJECTS\STROKESPLUS_2.7.2\BIN\RELEASE (UNSIGNED)\X64\STROKESPLUS.DLL
C:\Users\Rob\Documents\Development\Visual Studio 2008\Projects\StrokesPlus_2.7.2\bin\Release (Unsigned)\x64\StrokesPlus.exp
C:\Users\Rob\Documents\Development\Visual Studio 2008\Projects\StrokesPlus_2.7.2\bin\Release (Unsigned)\x64\StrokesPlus.lib
C:\USERS\ROB\DOCUMENTS\DEVELOPMENT\VISUAL STUDIO 2008\PROJECTS\STROKESPLUS_2.7.2\STROKESPLUSHOOK\RELEASE (UNSIGNED)\X64\ACCESSOR.OBJ
C:\USERS\ROB\DOCUMENTS\DEVELOPMENT\VISUAL STUDIO 2008\PROJECTS\STROKESPLUS_2.7.2\STROKESPLUSHOOK\RELEASE (UNSIGNED)\X64\AUTOCOMPLETE.OBJ
C:\USERS\ROB\DOCUMENTS\DEVELOPMENT\VISUAL STUDIO 2008\PROJECTS\STROKESPLUS_2.7.2\STROKESPLUSHOOK\RELEASE (UNSIGNED)\X64\C_REGEX_TRAITS.OBJ
C:\USERS\ROB\DOCUMENTS\DEVELOPMENT\VISUAL STUDIO 2008\PROJECTS\STROKESPLUS_2.7.2\STROKESPLUSHOOK\RELEASE (UNSIGNED)\X64\CALLTIP.OBJ
C:\USERS\ROB\DOCUMENTS\DEVELOPMENT\VISUAL STUDIO 2008\PROJECTS\STROKESPLUS_2.7.2\STROKESPLUSHOOK\RELEASE (UNSIGNED)\X64\CATALOGUE.OBJ
C:\USERS\ROB\DOCUMENTS\DEVELOPMENT\VISUAL STUDIO 2008\PROJECTS\STROKESPLUS_2.7.2\STROKESPLUSHOOK\RELEASE (UNSIGNED)\X64\CELLBUFFER.OBJ
C:\USERS\ROB\DOCUMENTS\DEVELOPMENT\VISUAL STUDIO 2008\PROJECTS\STROKESPLUS_2.7.2\STROKESPLUSHOOK\RELEASE (UNSIGNED)\X64\CHARACTERSET.OBJ
C:\USERS\ROB\DOCUMENTS\DEVELOPMENT\VISUAL STUDIO 2008\PROJECTS\STROKESPLUS_2.7.2\STROKESPLUSHOOK\RELEASE (UNSIGNED)\X64\CHARCLASSIFY.OBJ
C:\USERS\ROB\DOCUMENTS\DEVELOPMENT\VISUAL STUDIO 2008\PROJECTS\STROKESPLUS_2.7.2\STROKESPLUSHOOK\RELEASE (UNSIGNED)\X64\CONTRACTIONSTATE.OBJ
C:\USERS\ROB\DOCUMENTS\DEVELOPMENT\VISUAL STUDIO 2008\PROJECTS\STROKESPLUS_2.7.2\STROKESPLUSHOOK\RELEASE (UNSIGNED)\X64\CORE.OBJ
C:\USERS\ROB\DOCUMENTS\DEVELOPMENT\VISUAL STUDIO 2008\PROJECTS\STROKESPLUS_2.7.2\STROKESPLUSHOOK\RELEASE (UNSIGNED)\X64\CPP_REGEX_TRAITS.OBJ
C:\USERS\ROB\DOCUMENTS\DEVELOPMENT\VISUAL STUDIO 2008\PROJECTS\STROKESPLUS_2.7.2\STROKESPLUSHOOK\RELEASE (UNSIGNED)\X64\CREGEX.OBJ
C:\USERS\ROB\DOCUMENTS\DEVELOPMENT\VISUAL STUDIO 2008\PROJECTS\STROKESPLUS_2.7.2\STROKESPLUSHOOK\RELEASE (UNSIGNED)\X64\DECORATION.OBJ
C:\USERS\ROB\DOCUMENTS\DEVELOPMENT\VISUAL STUDIO 2008\PROJECTS\STROKESPLUS_2.7.2\STROKESPLUSHOOK\RELEASE (UNSIGNED)\X64\DOCUMENT.OBJ
C:\USERS\ROB\DOCUMENTS\DEVELOPMENT\VISUAL STUDIO 2008\PROJECTS\STROKESPLUS_2.7.2\STROKESPLUSHOOK\RELEASE (UNSIGNED)\X64\EDITOR.OBJ
C:\USERS\ROB\DOCUMENTS\DEVELOPMENT\VISUAL STUDIO 2008\PROJECTS\STROKESPLUS_2.7.2\STROKESPLUSHOOK\RELEASE (UNSIGNED)\X64\EXTERNALLEXER.OBJ
C:\USERS\ROB\DOCUMENTS\DEVELOPMENT\VISUAL STUDIO 2008\PROJECTS\STROKESPLUS_2.7.2\STROKESPLUSHOOK\RELEASE (UNSIGNED)\X64\FFI.OBJ
C:\USERS\ROB\DOCUMENTS\DEVELOPMENT\VISUAL STUDIO 2008\PROJECTS\STROKESPLUS_2.7.2\STROKESPLUSHOOK\RELEASE (UNSIGNED)\X64\FILEITER.OBJ
C:\USERS\ROB\DOCUMENTS\DEVELOPMENT\VISUAL STUDIO 2008\PROJECTS\STROKESPLUS_2.7.2\STROKESPLUSHOOK\RELEASE (UNSIGNED)\X64\ICU.OBJ
C:\USERS\ROB\DOCUMENTS\DEVELOPMENT\VISUAL STUDIO 2008\PROJECTS\STROKESPLUS_2.7.2\STROKESPLUSHOOK\RELEASE (UNSIGNED)\X64\INDICATOR.OBJ
C:\USERS\ROB\DOCUMENTS\DEVELOPMENT\VISUAL STUDIO 2008\PROJECTS\STROKESPLUS_2.7.2\STROKESPLUSHOOK\RELEASE (UNSIGNED)\X64\INSTANCES.OBJ
C:\USERS\ROB\DOCUMENTS\DEVELOPMENT\VISUAL STUDIO 2008\PROJECTS\STROKESPLUS_2.7.2\STROKESPLUSHOOK\RELEASE (UNSIGNED)\X64\KEYMAP.OBJ
C:\USERS\ROB\DOCUMENTS\DEVELOPMENT\VISUAL STUDIO 2008\PROJECTS\STROKESPLUS_2.7.2\STROKESPLUSHOOK\RELEASE (UNSIGNED)\X64\LAPI.OBJ
C:\USERS\ROB\DOCUMENTS\DEVELOPMENT\VISUAL STUDIO 2008\PROJECTS\STROKESPLUS_2.7.2\STROKESPLUSHOOK\RELEASE (UNSIGNED)\X64\LAUXLIB.OBJ
C:\USERS\ROB\DOCUMENTS\DEVELOPMENT\VISUAL STUDIO 2008\PROJECTS\STROKESPLUS_2.7.2\STROKESPLUSHOOK\RELEASE (UNSIGNED)\X64\LBASELIB.OBJ
C:\USERS\ROB\DOCUMENTS\DEVELOPMENT\VISUAL STUDIO 2008\PROJECTS\STROKESPLUS_2.7.2\STROKESPLUSHOOK\RELEASE (UNSIGNED)\X64\LBITLIB.OBJ
C:\USERS\ROB\DOCUMENTS\DEVELOPMENT\VISUAL STUDIO 2008\PROJECTS\STROKESPLUS_2.7.2\STROKESPLUSHOOK\RELEASE (UNSIGNED)\X64\LCODE.OBJ
C:\USERS\ROB\DOCUMENTS\DEVELOPMENT\VISUAL STUDIO 2008\PROJECTS\STROKESPLUS_2.7.2\STROKESPLUSHOOK\RELEASE (UNSIGNED)\X64\LCOROLIB.OBJ
C:\USERS\ROB\DOCUMENTS\DEVELOPMENT\VISUAL STUDIO 2008\PROJECTS\STROKESPLUS_2.7.2\STROKESPLUSHOOK\RELEASE (UNSIGNED)\X64\LCTYPE.OBJ
C:\USERS\ROB\DOCUMENTS\DEVELOPMENT\VISUAL STUDIO 2008\PROJECTS\STROKESPLUS_2.7.2\STROKESPLUSHOOK\RELEASE (UNSIGNED)\X64\LDBLIB.OBJ
C:\USERS\ROB\DOCUMENTS\DEVELOPMENT\VISUAL STUDIO 2008\PROJECTS\STROKESPLUS_2.7.2\STROKESPLUSHOOK\RELEASE (UNSIGNED)\X64\LDEBUG.OBJ
C:\USERS\ROB\DOCUMENTS\DEVELOPMENT\VISUAL STUDIO 2008\PROJECTS\STROKESPLUS_2.7.2\STROKESPLUSHOOK\RELEASE (UNSIGNED)\X64\LDO.OBJ
C:\USERS\ROB\DOCUMENTS\DEVELOPMENT\VISUAL STUDIO 2008\PROJECTS\STROKESPLUS_2.7.2\STROKESPLUSHOOK\RELEASE (UNSIGNED)\X64\LDUMP.OBJ
C:\USERS\ROB\DOCUMENTS\DEVELOPMENT\VISUAL STUDIO 2008\PROJECTS\STROKESPLUS_2.7.2\STROKESPLUSHOOK\RELEASE (UNSIGNED)\X64\LEXERBASE.OBJ
C:\USERS\ROB\DOCUMENTS\DEVELOPMENT\VISUAL STUDIO 2008\PROJECTS\STROKESPLUS_2.7.2\STROKESPLUSHOOK\RELEASE (UNSIGNED)\X64\LEXERMODULE.OBJ
C:\USERS\ROB\DOCUMENTS\DEVELOPMENT\VISUAL STUDIO 2008\PROJECTS\STROKESPLUS_2.7.2\STROKESPLUSHOOK\RELEASE (UNSIGNED)\X64\LEXERNOEXCEPTIONS.OBJ
C:\USERS\ROB\DOCUMENTS\DEVELOPMENT\VISUAL STUDIO 2008\PROJECTS\STROKESPLUS_2.7.2\STROKESPLUSHOOK\RELEASE (UNSIGNED)\X64\LEXERSIMPLE.OBJ
C:\USERS\ROB\DOCUMENTS\DEVELOPMENT\VISUAL STUDIO 2008\PROJECTS\STROKESPLUS_2.7.2\STROKESPLUSHOOK\RELEASE (UNSIGNED)\X64\LEXLUA.OBJ
C:\USERS\ROB\DOCUMENTS\DEVELOPMENT\VISUAL STUDIO 2008\PROJECTS\STROKESPLUS_2.7.2\STROKESPLUSHOOK\RELEASE (UNSIGNED)\X64\LFUNC.OBJ
C:\USERS\ROB\DOCUMENTS\DEVELOPMENT\VISUAL STUDIO 2008\PROJECTS\STROKESPLUS_2.7.2\STROKESPLUSHOOK\RELEASE (UNSIGNED)\X64\LGC.OBJ
C:\USERS\ROB\DOCUMENTS\DEVELOPMENT\VISUAL STUDIO 2008\PROJECTS\STROKESPLUS_2.7.2\STROKESPLUSHOOK\RELEASE (UNSIGNED)\X64\LINEMARKER.OBJ
C:\USERS\ROB\DOCUMENTS\DEVELOPMENT\VISUAL STUDIO 2008\PROJECTS\STROKESPLUS_2.7.2\STROKESPLUSHOOK\RELEASE (UNSIGNED)\X64\LINIT.OBJ
C:\USERS\ROB\DOCUMENTS\DEVELOPMENT\VISUAL STUDIO 2008\PROJECTS\STROKESPLUS_2.7.2\STROKESPLUSHOOK\RELEASE (UNSIGNED)\X64\LIOLIB.OBJ
C:\USERS\ROB\DOCUMENTS\DEVELOPMENT\VISUAL STUDIO 2008\PROJECTS\STROKESPLUS_2.7.2\STROKESPLUSHOOK\RELEASE (UNSIGNED)\X64\LLEX.OBJ
C:\USERS\ROB\DOCUMENTS\DEVELOPMENT\VISUAL STUDIO 2008\PROJECTS\STROKESPLUS_2.7.2\STROKESPLUSHOOK\RELEASE (UNSIGNED)\X64\LMATHLIB.OBJ
C:\USERS\ROB\DOCUMENTS\DEVELOPMENT\VISUAL STUDIO 2008\PROJECTS\STROKESPLUS_2.7.2\STROKESPLUSHOOK\RELEASE (UNSIGNED)\X64\LMEM.OBJ
C:\USERS\ROB\DOCUMENTS\DEVELOPMENT\VISUAL STUDIO 2008\PROJECTS\STROKESPLUS_2.7.2\STROKESPLUSHOOK\RELEASE (UNSIGNED)\X64\LOADLIB.OBJ
C:\USERS\ROB\DOCUMENTS\DEVELOPMENT\VISUAL STUDIO 2008\PROJECTS\STROKESPLUS_2.7.2\STROKESPLUSHOOK\RELEASE (UNSIGNED)\X64\LOBJECT.OBJ
C:\USERS\ROB\DOCUMENTS\DEVELOPMENT\VISUAL STUDIO 2008\PROJECTS\STROKESPLUS_2.7.2\STROKESPLUSHOOK\RELEASE (UNSIGNED)\X64\LOPCODES.OBJ
C:\USERS\ROB\DOCUMENTS\DEVELOPMENT\VISUAL STUDIO 2008\PROJECTS\STROKESPLUS_2.7.2\STROKESPLUSHOOK\RELEASE (UNSIGNED)\X64\LOSLIB.OBJ
C:\USERS\ROB\DOCUMENTS\DEVELOPMENT\VISUAL STUDIO 2008\PROJECTS\STROKESPLUS_2.7.2\STROKESPLUSHOOK\RELEASE (UNSIGNED)\X64\LPARSER.OBJ
C:\USERS\ROB\DOCUMENTS\DEVELOPMENT\VISUAL STUDIO 2008\PROJECTS\STROKESPLUS_2.7.2\STROKESPLUSHOOK\RELEASE (UNSIGNED)\X64\LSTATE.OBJ
C:\USERS\ROB\DOCUMENTS\DEVELOPMENT\VISUAL STUDIO 2008\PROJECTS\STROKESPLUS_2.7.2\STROKESPLUSHOOK\RELEASE (UNSIGNED)\X64\LSTRING.OBJ
C:\USERS\ROB\DOCUMENTS\DEVELOPMENT\VISUAL STUDIO 2008\PROJECTS\STROKESPLUS_2.7.2\STROKESPLUSHOOK\RELEASE (UNSIGNED)\X64\LSTRLIB.OBJ
C:\USERS\ROB\DOCUMENTS\DEVELOPMENT\VISUAL STUDIO 2008\PROJECTS\STROKESPLUS_2.7.2\STROKESPLUSHOOK\RELEASE (UNSIGNED)\X64\LTABLE.OBJ
C:\USERS\ROB\DOCUMENTS\DEVELOPMENT\VISUAL STUDIO 2008\PROJECTS\STROKESPLUS_2.7.2\STROKESPLUSHOOK\RELEASE (UNSIGNED)\X64\LTABLIB.OBJ
C:\USERS\ROB\DOCUMENTS\DEVELOPMENT\VISUAL STUDIO 2008\PROJECTS\STROKESPLUS_2.7.2\STROKESPLUSHOOK\RELEASE (UNSIGNED)\X64\LTM.OBJ
C:\USERS\ROB\DOCUMENTS\DEVELOPMENT\VISUAL STUDIO 2008\PROJECTS\STROKESPLUS_2.7.2\STROKESPLUSHOOK\RELEASE (UNSIGNED)\X64\LUA.OBJ
C:\USERS\ROB\DOCUMENTS\DEVELOPMENT\VISUAL STUDIO 2008\PROJECTS\STROKESPLUS_2.7.2\STROKESPLUSHOOK\RELEASE (UNSIGNED)\X64\LUNDUMP.OBJ
C:\USERS\ROB\DOCUMENTS\DEVELOPMENT\VISUAL STUDIO 2008\PROJECTS\STROKESPLUS_2.7.2\STROKESPLUSHOOK\RELEASE (UNSIGNED)\X64\LVM.OBJ
C:\USERS\ROB\DOCUMENTS\DEVELOPMENT\VISUAL STUDIO 2008\PROJECTS\STROKESPLUS_2.7.2\STROKESPLUSHOOK\RELEASE (UNSIGNED)\X64\LZIO.OBJ
C:\USERS\ROB\DOCUMENTS\DEVELOPMENT\VISUAL STUDIO 2008\PROJECTS\STROKESPLUS_2.7.2\STROKESPLUSHOOK\RELEASE (UNSIGNED)\X64\PERLINE.OBJ
C:\USERS\ROB\DOCUMENTS\DEVELOPMENT\VISUAL STUDIO 2008\PROJECTS\STROKESPLUS_2.7.2\STROKESPLUSHOOK\RELEASE (UNSIGNED)\X64\PLATWIN.OBJ
C:\USERS\ROB\DOCUMENTS\DEVELOPMENT\VISUAL STUDIO 2008\PROJECTS\STROKESPLUS_2.7.2\STROKESPLUSHOOK\RELEASE (UNSIGNED)\X64\POSITIONCACHE.OBJ
C:\USERS\ROB\DOCUMENTS\DEVELOPMENT\VISUAL STUDIO 2008\PROJECTS\STROKESPLUS_2.7.2\STROKESPLUSHOOK\RELEASE (UNSIGNED)\X64\POSIX_API.OBJ
C:\USERS\ROB\DOCUMENTS\DEVELOPMENT\VISUAL STUDIO 2008\PROJECTS\STROKESPLUS_2.7.2\STROKESPLUSHOOK\RELEASE (UNSIGNED)\X64\PREP_CIF.OBJ
C:\USERS\ROB\DOCUMENTS\DEVELOPMENT\VISUAL STUDIO 2008\PROJECTS\STROKESPLUS_2.7.2\STROKESPLUSHOOK\RELEASE (UNSIGNED)\X64\PROPSETSIMPLE.OBJ
C:\USERS\ROB\DOCUMENTS\DEVELOPMENT\VISUAL STUDIO 2008\PROJECTS\STROKESPLUS_2.7.2\STROKESPLUSHOOK\RELEASE (UNSIGNED)\X64\REGEX.OBJ
C:\USERS\ROB\DOCUMENTS\DEVELOPMENT\VISUAL STUDIO 2008\PROJECTS\STROKESPLUS_2.7.2\STROKESPLUSHOOK\RELEASE (UNSIGNED)\X64\REGEX_DEBUG.OBJ
C:\USERS\ROB\DOCUMENTS\DEVELOPMENT\VISUAL STUDIO 2008\PROJECTS\STROKESPLUS_2.7.2\STROKESPLUSHOOK\RELEASE (UNSIGNED)\X64\REGEX_RAW_BUFFER.OBJ
C:\USERS\ROB\DOCUMENTS\DEVELOPMENT\VISUAL STUDIO 2008\PROJECTS\STROKESPLUS_2.7.2\STROKESPLUSHOOK\RELEASE (UNSIGNED)\X64\REGEX_TRAITS_DEFAULTS.OBJ
C:\USERS\ROB\DOCUMENTS\DEVELOPMENT\VISUAL STUDIO 2008\PROJECTS\STROKESPLUS_2.7.2\STROKESPLUSHOOK\RELEASE (UNSIGNED)\X64\REGISTRY.OBJ
C:\USERS\ROB\DOCUMENTS\DEVELOPMENT\VISUAL STUDIO 2008\PROJECTS\STROKESPLUS_2.7.2\STROKESPLUSHOOK\RELEASE (UNSIGNED)\X64\RESEARCH.OBJ
C:\USERS\ROB\DOCUMENTS\DEVELOPMENT\VISUAL STUDIO 2008\PROJECTS\STROKESPLUS_2.7.2\STROKESPLUSHOOK\RELEASE (UNSIGNED)\X64\RUNSTYLES.OBJ
C:\USERS\ROB\DOCUMENTS\DEVELOPMENT\VISUAL STUDIO 2008\PROJECTS\STROKESPLUS_2.7.2\STROKESPLUSHOOK\RELEASE (UNSIGNED)\X64\SCINTILLABASE.OBJ
C:\USERS\ROB\DOCUMENTS\DEVELOPMENT\VISUAL STUDIO 2008\PROJECTS\STROKESPLUS_2.7.2\STROKESPLUSHOOK\RELEASE (UNSIGNED)\X64\SCINTILLAWIN.OBJ
C:\USERS\ROB\DOCUMENTS\DEVELOPMENT\VISUAL STUDIO 2008\PROJECTS\STROKESPLUS_2.7.2\STROKESPLUSHOOK\RELEASE (UNSIGNED)\X64\SELECTION.OBJ
C:\USERS\ROB\DOCUMENTS\DEVELOPMENT\VISUAL STUDIO 2008\PROJECTS\STROKESPLUS_2.7.2\STROKESPLUSHOOK\RELEASE (UNSIGNED)\X64\STATIC_MUTEX.OBJ
C:\USERS\ROB\DOCUMENTS\DEVELOPMENT\VISUAL STUDIO 2008\PROJECTS\STROKESPLUS_2.7.2\STROKESPLUSHOOK\RELEASE (UNSIGNED)\X64\STDAFX.OBJ
C:\USERS\ROB\DOCUMENTS\DEVELOPMENT\VISUAL STUDIO 2008\PROJECTS\STROKESPLUS_2.7.2\STROKESPLUSHOOK\RELEASE (UNSIGNED)\X64\STROKESPLUS.DLL.INTERMEDIATE.MANIFEST
C:\USERS\ROB\DOCUMENTS\DEVELOPMENT\VISUAL STUDIO 2008\PROJECTS\STROKESPLUS_2.7.2\STROKESPLUSHOOK\RELEASE (UNSIGNED)\X64\STROKESPLUS.PCH
C:\USERS\ROB\DOCUMENTS\DEVELOPMENT\VISUAL STUDIO 2008\PROJECTS\STROKESPLUS_2.7.2\STROKESPLUSHOOK\RELEASE (UNSIGNED)\X64\STROKESPLUSHOOK.OBJ
C:\USERS\ROB\DOCUMENTS\DEVELOPMENT\VISUAL STUDIO 2008\PROJECTS\STROKESPLUS_2.7.2\STROKESPLUSHOOK\RELEASE (UNSIGNED)\X64\STROKESPLUSHOOK.RES
C:\USERS\ROB\DOCUMENTS\DEVELOPMENT\VISUAL STUDIO 2008\PROJECTS\STROKESPLUS_2.7.2\STROKESPLUSHOOK\RELEASE (UNSIGNED)\X64\STRUCT.OBJ
C:\USERS\ROB\DOCUMENTS\DEVELOPMENT\VISUAL STUDIO 2008\PROJECTS\STROKESPLUS_2.7.2\STROKESPLUSHOOK\RELEASE (UNSIGNED)\X64\STYLE.OBJ
C:\USERS\ROB\DOCUMENTS\DEVELOPMENT\VISUAL STUDIO 2008\PROJECTS\STROKESPLUS_2.7.2\STROKESPLUSHOOK\RELEASE (UNSIGNED)\X64\STYLECONTEXT.OBJ
C:\USERS\ROB\DOCUMENTS\DEVELOPMENT\VISUAL STUDIO 2008\PROJECTS\STROKESPLUS_2.7.2\STROKESPLUSHOOK\RELEASE (UNSIGNED)\X64\TYPES.OBJ
C:\USERS\ROB\DOCUMENTS\DEVELOPMENT\VISUAL STUDIO 2008\PROJECTS\STROKESPLUS_2.7.2\STROKESPLUSHOOK\RELEASE (UNSIGNED)\X64\UNICONVERSION.OBJ
C:\USERS\ROB\DOCUMENTS\DEVELOPMENT\VISUAL STUDIO 2008\PROJECTS\STROKESPLUS_2.7.2\STROKESPLUSHOOK\RELEASE (UNSIGNED)\X64\USINSTANCES.OBJ
C:\USERS\ROB\DOCUMENTS\DEVELOPMENT\VISUAL STUDIO 2008\PROJECTS\STROKESPLUS_2.7.2\STROKESPLUSHOOK\RELEASE (UNSIGNED)\X64\VC100.PDB
C:\USERS\ROB\DOCUMENTS\DEVELOPMENT\VISUAL STUDIO 2008\PROJECTS\STROKESPLUS_2.7.2\STROKESPLUSHOOK\RELEASE (UNSIGNED)\X64\VIEWSTYLE.OBJ
C:\USERS\ROB\DOCUMENTS\DEVELOPMENT\VISUAL STUDIO 2008\PROJECTS\STROKESPLUS_2.7.2\STROKESPLUSHOOK\RELEASE (UNSIGNED)\X64\W32_REGEX_TRAITS.OBJ
C:\USERS\ROB\DOCUMENTS\DEVELOPMENT\VISUAL STUDIO 2008\PROJECTS\STROKESPLUS_2.7.2\STROKESPLUSHOOK\RELEASE (UNSIGNED)\X64\WC_REGEX_TRAITS.OBJ
C:\USERS\ROB\DOCUMENTS\DEVELOPMENT\VISUAL STUDIO 2008\PROJECTS\STROKESPLUS_2.7.2\STROKESPLUSHOOK\RELEASE (UNSIGNED)\X64\WIDE_POSIX_API.OBJ
C:\USERS\ROB\DOCUMENTS\DEVELOPMENT\VISUAL STUDIO 2008\PROJECTS\STROKESPLUS_2.7.2\STROKESPLUSHOOK\RELEASE (UNSIGNED)\X64\WIN32.OBJ
C:\Users\Rob\Documents\Development\Visual Studio 2008\Projects\StrokesPlus_2.7.2\StrokesPlusHook\Release (Unsigned)\x64\win64.obj
C:\USERS\ROB\DOCUMENTS\DEVELOPMENT\VISUAL STUDIO 2008\PROJECTS\STROKESPLUS_2.7.2\STROKESPLUSHOOK\RELEASE (UNSIGNED)\X64\WINSTANCES.OBJ
C:\USERS\ROB\DOCUMENTS\DEVELOPMENT\VISUAL STUDIO 2008\PROJECTS\STROKESPLUS_2.7.2\STROKESPLUSHOOK\RELEASE (UNSIGNED)\X64\WORDLIST.OBJ
C:\USERS\ROB\DOCUMENTS\DEVELOPMENT\VISUAL STUDIO 2008\PROJECTS\STROKESPLUS_2.7.2\STROKESPLUSHOOK\RELEASE (UNSIGNED)\X64\XPM.OBJ
C:\Users\Rob\Documents\Development\Visual Studio 2008\Projects\StrokesPlus_2.7.2\StrokesPlusHook\StrokesPlusHook.exp
C:\Users\Rob\Documents\Development\Visual Studio 2008\Projects\StrokesPlus_2.7.2\StrokesPlusHook\StrokesPlusHook.lib
